 ---------------------------------------------------------
                                                          
                      Using Pyscf:
                                                          
 ---------------------------------------------------------
                                                          
converged SCF energy = -73.1242343884682

System and Method:

        O
        H   1   0.5
        H   1   0.5   2   104.5
        
Basis set                                      :       sto3g
Number of Orbitals                             :         7
Number of electrons                            :        10
Nuclear Repulsion                              :   17.6029311375 
Electronic SCF energy                          :  -90.7271655259 
SCF Energy                                     :  -73.1242343885
 AO->MO
 NElectrons:    4    4
 ecore: -62.68400057
 ERIs in the active-space:
(6, 6, 6, 6)    0.01036800 Mb
 HF Energy: -73.12423439
r = 0.50
*****************************************************
*              Start ADAPT-VQE algorithm            *
* Grimsley, H.R., Economou, S.E., Barnes, E. et al. *
*              Nat Commun 10, 3007 (2019).          *
*     https://doi.org/10.1038/s41467-019-10988-2    *
*       https://github.com/asthanaa/adapt-vqe       *
*****************************************************
 ------------------------------------------------
      Iter   Energy (a.u.)  Gnorm      <S^2>     
 ------------------------------------------------
      1     -73.12887191     0.323      0.00
      2     -73.13129873     0.259      0.00
      3     -73.13327333     0.219      0.00
      4     -73.13462044     0.168      0.00
      5     -73.13520383     0.138      0.00
      6     -73.13605850     0.121     -0.00
      7     -73.13637292     0.104      0.00
      8     -73.13683420     0.087      0.00
      9     -73.13719112     0.069     -0.00
     10     -73.13727675     0.051      0.00
     11     -73.13734913     0.045      0.00
     12     -73.13741970     0.039      0.00
     13     -73.13744932     0.035     -0.00
     14     -73.13748047     0.031     -0.00
     15     -73.13749455     0.028     -0.00
     16     -73.13750181     0.016     -0.00
     17     -73.13750194     0.002      0.00
     18     -73.13750194*    0.001      0.00
 ------------------------------------------------
 SCF energy                   = -73.12423439
 ADAPT-VQE correlation energy = -0.01326755
 ADAPT-VQE energy             = -73.13750194

 ADAPT-VQE calculation: 810.04 s
 ================================================

*****************************************************
*           Start qEOM-DAVIDSON algorithm           *
*          Yongbin Kim and Anna I. Krylov           *
*****************************************************
 -------------------------------------------------------------------------------------
      Iter  Root  NVecs  ResNorm     Total energy (a.u.)    Excitation energy (eV.)   
 -------------------------------------------------------------------------------------
 Initial guess vectors
 |b1> =  - 0.70711|111111011000> + 0.70711|111111100100>
      1     1     2       0.2341     -72.0604871218           29.3069997122
      2     1     4       0.1634     -72.0722764117           28.9861975200
      3     1    10       0.0528     -72.0840157081           28.6667557154
      4     1    12       0.0353     -72.0848547955           28.6439230341
      5     1    14       0.0146     -72.0851677417           28.6354073538
      6     1    16       0.0000     -72.0851687555           28.6353797671
 Initial guess vectors
 |b2> =  - 0.70711|111101111000> + 0.70711|111110110100>
      1     2     2       0.2468     -72.0312271821           30.1032014293
      2     2    14       0.1178     -72.0535052968           29.4969844199
      3     2    16       0.0795     -72.0565829192           29.4132382378
      4     2    17       0.0569     -72.0580712574           29.3727385824
      5     2    19       0.0409     -72.0586034981           29.3582556090
      6     2    20       0.0320     -72.0592608815           29.3403673371
      7     2    21       0.0216     -72.0594242831           29.3359209626
      8     2    23       0.0139     -72.0596470732           29.3298585479
      9     2    24       0.0110     -72.0596470732           29.3298585479
     10     2    25       0.0080     -72.0596471240           29.3298571655
     11     2    26       0.0040     -72.0596471279           29.3298570588
     12     2    27       0.0015     -72.0596471279           29.3298570587
     13     2    28       0.0000     -72.0596471206           29.3298572573
 -------------------------------------------------------------------------------------
   Root #    a.u.       eV       <S^2>    Wavefunction
 -------------------------------------------------------------------------------------
     1  -72.085169   28.635380   0.00  - 0.70306|111111011000> + 0.70306|111111100100>
     2  -72.059647   29.329857   0.00  - 0.70192|111101111000> + 0.70192|111110110100>

 qEOM-Davidson calculation: 619.61 s
 =====================================================================================

*****************************************************
*           Start qEOM-DAVIDSON algorithm           *
*          Yongbin Kim and Anna I. Krylov           *
*****************************************************
 -------------------------------------------------------------------------------------
      Iter  Root  NVecs  ResNorm     Total energy (a.u.)    Excitation energy (eV.)   
 -------------------------------------------------------------------------------------
 Initial guess vectors
 |b1> =  + 0.70711|111111011000> + 0.70711|111111100100>
      1     1     2       0.1562     -72.1558605651           26.7117619911
      2     1     4       0.0880     -72.1639983418           26.4903223092
      3     1     6       0.0664     -72.1657165797           26.4435667795
      4     1     8       0.0516     -72.1663961565           26.4250745936
      5     1    10       0.0365     -72.1670057106           26.4084878208
      6     1    12       0.0284     -72.1672595293           26.4015810764
      7     1    14       0.0193     -72.1674261595           26.3970468490
      8     1    16       0.0000     -72.1677577460           26.3880239418
 Initial guess vectors
 |b2> =  + 0.70711|111101111000> + 0.70711|111110110100>
      1     2     2       0.2156     -72.0648400194           29.1885516046
      2     2     4       0.1262     -72.0795722156           28.7876690305
      3     2     6       0.1044     -72.0821159624           28.7184503101
      4     2     8       0.0864     -72.0831402051           28.6905793107
      5     2    10       0.0689     -72.0856130704           28.6232893695
      6     2    12       0.0519     -72.0865453657           28.5979203798
      7     2    14       0.0395     -72.0869189151           28.5877556075
      8     2    16       0.0241     -72.0871837822           28.5805482209
      9     2    18       0.0057     -72.0873792432           28.5752294685
     10     2    20       0.0012     -72.0873792432           28.5752294685
     11     2    22       0.0000     -72.0873792432           28.5752294685
 -------------------------------------------------------------------------------------
   Root #    a.u.       eV       <S^2>    Wavefunction
 -------------------------------------------------------------------------------------
     1  -72.167758   26.388024   2.00  + 0.70492|111111011000> + 0.70492|111111100100>
     2  -72.087379   28.575229   2.00  + 0.70305|111101111000> + 0.70305|111110110100>

 qEOM-Davidson calculation: 211.73 s
 =====================================================================================

 ---------------------------------------------------------
                                                          
                      Using Pyscf:
                                                          
 ---------------------------------------------------------
                                                          
converged SCF energy = -74.127556797815

System and Method:

        O
        H   1   0.6
        H   1   0.6   2   104.5
        
Basis set                                      :       sto3g
Number of Orbitals                             :         7
Number of electrons                            :        10
Nuclear Repulsion                              :   14.6691092812 
Electronic SCF energy                          :  -88.7966660790 
SCF Energy                                     :  -74.1275567978
 AO->MO
 NElectrons:    4    4
 ecore: -61.97854573
 ERIs in the active-space:
(6, 6, 6, 6)    0.01036800 Mb
 HF Energy: -74.12755680
r = 0.60
*****************************************************
*              Start ADAPT-VQE algorithm            *
* Grimsley, H.R., Economou, S.E., Barnes, E. et al. *
*              Nat Commun 10, 3007 (2019).          *
*     https://doi.org/10.1038/s41467-019-10988-2    *
*       https://github.com/asthanaa/adapt-vqe       *
*****************************************************
 ------------------------------------------------
      Iter   Energy (a.u.)  Gnorm      <S^2>     
 ------------------------------------------------
      1     -74.13335215     0.357      0.00
      2     -74.13694221     0.296      0.00
      3     -74.13979037     0.251      0.00
      4     -74.14127796     0.193      0.00
      5     -74.14208064     0.168      0.00
      6     -74.14294604     0.150      0.00
      7     -74.14376777     0.134      0.00
      8     -74.14472482     0.116      0.00
      9     -74.14512582     0.098      0.00
     10     -74.14571139     0.078      0.00
     11     -74.14587767     0.051      0.00
     12     -74.14596433     0.043      0.00
     13     -74.14600858     0.038     -0.00
     14     -74.14602561     0.033      0.00
     15     -74.14603799     0.022     -0.00
     16     -74.14604160     0.010     -0.00
     17     -74.14604672     0.009      0.00
     18     -74.14606128     0.001     -0.00
     19     -74.14606128*    0.001     -0.00
 ------------------------------------------------
 SCF energy                   = -74.12755680
 ADAPT-VQE correlation energy = -0.01850448
 ADAPT-VQE energy             = -74.14606128

 ADAPT-VQE calculation: 711.82 s
 ================================================

*****************************************************
*           Start qEOM-DAVIDSON algorithm           *
*          Yongbin Kim and Anna I. Krylov           *
*****************************************************
 -------------------------------------------------------------------------------------
      Iter  Root  NVecs  ResNorm     Total energy (a.u.)    Excitation energy (eV.)   
 -------------------------------------------------------------------------------------
 Initial guess vectors
 |b1> =  - 0.70711|111111011000> + 0.70711|111111100100>
      1     1     2       0.2178     -73.1795198817           26.3008717474
      2     1     4       0.1569     -73.1904289887           26.0040204963
      3     1    10       0.0566     -73.2030219620           25.6613490121
      4     1    12       0.0329     -73.2044198758           25.6233099281
      5     1    14       0.0000     -73.2048143543           25.6125756461
 Initial guess vectors
 |b2> =  - 0.70711|111101111000> + 0.70711|111110110100>
      1     2     2       0.2250     -73.1270772285           27.7279058049
      2     2    14       0.1164     -73.1476059168           27.1692930049
      3     2    15       0.0966     -73.1499724483           27.1048965487
      4     2    17       0.0739     -73.1518640165           27.0534244728
      5     2    19       0.0608     -73.1526021320           27.0333393711
      6     2    20       0.0534     -73.1530519560           27.0210990648
      7     2    22       0.0405     -73.1547783914           26.9741204723
      8     2    23       0.0356     -73.1552887431           26.9602331264
      9     2    24       0.0268     -73.1555205132           26.9539263554
     10     2    25       0.0204     -73.1555572446           26.9529268433
     11     2    27       0.0117     -73.1559838146           26.9413193084
     12     2    28       0.0045     -73.1559841093           26.9413112894
     13     2    29       0.0000     -73.1559839561           26.9413154580
 -------------------------------------------------------------------------------------
   Root #    a.u.       eV       <S^2>    Wavefunction
 -------------------------------------------------------------------------------------
     1  -73.204814   25.612576   0.00  - 0.70205|111111011000> + 0.70205|111111100100>
     2  -73.155984   26.941315   0.00  - 0.70096|111101111000> + 0.70096|111110110100>

 qEOM-Davidson calculation: 603.91 s
 =====================================================================================

*****************************************************
*           Start qEOM-DAVIDSON algorithm           *
*          Yongbin Kim and Anna I. Krylov           *
*****************************************************
 -------------------------------------------------------------------------------------
      Iter  Root  NVecs  ResNorm     Total energy (a.u.)    Excitation energy (eV.)   
 -------------------------------------------------------------------------------------
 Initial guess vectors
 |b1> =  + 0.70711|111111011000> + 0.70711|111111100100>
      1     1     2       0.1398     -73.2763952615           23.6647643468
      2     1     4       0.0793     -73.2840542657           23.4563526980
      3     1     6       0.0622     -73.2854724027           23.4177633097
      4     1     8       0.0527     -73.2862862203           23.3956182547
      5     1    10       0.0373     -73.2868210432           23.3810650161
      6     1    12       0.0282     -73.2873337651           23.3671131745
      7     1    14       0.0157     -73.2876655799           23.3580840549
      8     1    16       0.0000     -73.2877076102           23.3569403548
 Initial guess vectors
 |b2> =  + 0.70711|111101111000> + 0.70711|111110110100>
      1     2     2       0.1852     -73.1738469786           26.4552389559
      2     2     4       0.1110     -73.1862309587           26.1182544530
      3     2     6       0.0920     -73.1875574563           26.0821586983
      4     2     8       0.0761     -73.1908212365           25.9933469154
      5     2    10       0.0677     -73.1912607030           25.9813884499
      6     2    12       0.0590     -73.1917839886           25.9671491555
      7     2    14       0.0475     -73.1924035474           25.9502901386
      8     2    16       0.0382     -73.1928380002           25.9384681033
      9     2    18       0.0262     -73.1931741318           25.9293215179
     10     2    20       0.0073     -73.1934361434           25.9221918349
     11     2    22       0.0000     -73.1934395565           25.9220989598
 -------------------------------------------------------------------------------------
   Root #    a.u.       eV       <S^2>    Wavefunction
 -------------------------------------------------------------------------------------
     1  -73.287708   23.356940   2.00  + 0.70501|111111011000> + 0.70501|111111100100>
     2  -73.193440   25.922099   2.00  + 0.70296|111101111000> + 0.70296|111110110100>

 qEOM-Davidson calculation: 206.74 s
 =====================================================================================

 ---------------------------------------------------------
                                                          
                      Using Pyscf:
                                                          
 ---------------------------------------------------------
                                                          
converged SCF energy = -74.6187442139411

System and Method:

        O
        H   1   0.7
        H   1   0.7   2   104.5
        
Basis set                                      :       sto3g
Number of Orbitals                             :         7
Number of electrons                            :        10
Nuclear Repulsion                              :   12.5735222410 
Electronic SCF energy                          :  -87.1922664550 
SCF Energy                                     :  -74.6187442139
 AO->MO
 NElectrons:    4    4
 ecore: -61.47462988
 ERIs in the active-space:
(6, 6, 6, 6)    0.01036800 Mb
 HF Energy: -74.61874421
r = 0.70
*****************************************************
*              Start ADAPT-VQE algorithm            *
* Grimsley, H.R., Economou, S.E., Barnes, E. et al. *
*              Nat Commun 10, 3007 (2019).          *
*     https://doi.org/10.1038/s41467-019-10988-2    *
*       https://github.com/asthanaa/adapt-vqe       *
*****************************************************
 ------------------------------------------------
      Iter   Energy (a.u.)  Gnorm      <S^2>     
 ------------------------------------------------
      1     -74.62594268     0.385      0.00
      2     -74.63056328     0.325      0.00
      3     -74.63404084     0.279      0.00
      4     -74.63565538     0.222      0.00
      5     -74.63744983     0.203      0.00
      6     -74.63919366     0.179      0.00
      7     -74.64039771     0.152      0.00
      8     -74.64131465     0.133      0.00
      9     -74.64182429     0.110     -0.00
     10     -74.64283095     0.089      0.00
     11     -74.64323251     0.065     -0.00
     12     -74.64333566     0.051      0.00
     13     -74.64342498     0.046     -0.00
     14     -74.64347895     0.042      0.00
     15     -74.64350039     0.038     -0.00
     16     -74.64351491     0.028      0.00
     17     -74.64353530     0.017     -0.00
     18     -74.64355047     0.002      0.00
     19     -74.64355768     0.001     -0.00
     20     -74.64356613     0.001     -0.00
     21     -74.64356613*    0.001     -0.00
 ------------------------------------------------
 SCF energy                   = -74.61874421
 ADAPT-VQE correlation energy = -0.02482192
 ADAPT-VQE energy             = -74.64356613

 ADAPT-VQE calculation: 1287.87 s
 ================================================

*****************************************************
*           Start qEOM-DAVIDSON algorithm           *
*          Yongbin Kim and Anna I. Krylov           *
*****************************************************
 -------------------------------------------------------------------------------------
      Iter  Root  NVecs  ResNorm     Total energy (a.u.)    Excitation energy (eV.)   
 -------------------------------------------------------------------------------------
 Initial guess vectors
 |b1> =  - 0.70711|111111011000> + 0.70711|111111100100>
      1     1     2       0.2112     -73.8168081213           22.4971805977
      2     1     4       0.1628     -73.8268765893           22.2232042480
      3     1    10       0.0644     -73.8425474359           21.7967797554
      4     1    12       0.0360     -73.8447297071           21.7373972659
      5     1    14       0.0160     -73.8451620688           21.7256321313
      6     1    16       0.0000     -73.8453643285           21.7201283749
 Initial guess vectors
 |b2> =  - 0.70711|111101111000> + 0.70711|111110110100>
      1     2     2       0.2208     -73.7361241992           24.6926969900
      2     2    14       0.1292     -73.7568502387           24.1287140015
      3     2    15       0.1052     -73.7607279646           24.0231959437
      4     2    16       0.0987     -73.7625429358           23.9738081733
      5     2    18       0.0894     -73.7663709949           23.8696416162
      6     2    20       0.0691     -73.7676904317           23.8337379919
      7     2    22       0.0533     -73.7686354538           23.8080226903
      8     2    23       0.0463     -73.7690294145           23.7973024970
      9     2    25       0.0324     -73.7701894013           23.7657377180
     10     2    26       0.0255     -73.7707701598           23.7499345101
     11     2    27       0.0169     -73.7708455365           23.7478834111
     12     2    28       0.0038     -73.7708455860           23.7478820636
     13     2    29       0.0000     -73.7709058462           23.7462423042
 -------------------------------------------------------------------------------------
   Root #    a.u.       eV       <S^2>    Wavefunction
 -------------------------------------------------------------------------------------
     1  -73.845364   21.720128   0.00  - 0.70045|111111011000> + 0.70045|111111100100>
     2  -73.770906   23.746242   0.00  - 0.69765|111101111000> + 0.69765|111110110100>

 qEOM-Davidson calculation: 660.24 s
 =====================================================================================

*****************************************************
*           Start qEOM-DAVIDSON algorithm           *
*          Yongbin Kim and Anna I. Krylov           *
*****************************************************
 -------------------------------------------------------------------------------------
      Iter  Root  NVecs  ResNorm     Total energy (a.u.)    Excitation energy (eV.)   
 -------------------------------------------------------------------------------------
 Initial guess vectors
 |b1> =  + 0.70711|111111011000> + 0.70711|111111100100>
      1     1     2       0.1392     -73.9107726540           19.9402812015
      2     1     4       0.0879     -73.9186927363           19.7247652706
      3     1     6       0.0668     -73.9209124080           19.6643650635
      4     1     8       0.0487     -73.9226907956           19.6159727811
      5     1    10       0.0323     -73.9232478876           19.6008135716
      6     1    12       0.0100     -73.9241715382           19.5756798135
      7     1    14       0.0000     -73.9241714885           19.5756811664
 Initial guess vectors
 |b2> =  + 0.70711|111101111000> + 0.70711|111110110100>
      1     2     2       0.1697     -73.8009336532           22.9291459033
      2     2     4       0.1118     -73.8114297977           22.6435319063
      3     2     6       0.0902     -73.8131793504           22.5959242598
      4     2     8       0.0781     -73.8165085404           22.5053325907
      5     2    10       0.0630     -73.8182003459           22.4592963238
      6     2    12       0.0478     -73.8189418085           22.4391201435
      7     2    14       0.0355     -73.8194178651           22.4261660136
      8     2    16       0.0232     -73.8197966550           22.4158586382
      9     2    18       0.0058     -73.8209943542           22.3832676561
     10     2    20       0.0040     -73.8209847293           22.3835295614
     11     2    22       0.0000     -73.8210305140           22.3822837004
 -------------------------------------------------------------------------------------
   Root #    a.u.       eV       <S^2>    Wavefunction
 -------------------------------------------------------------------------------------
     1  -73.924171   19.575681   2.00  + 0.70373|111111011000> + 0.70373|111111100100>
     2  -73.821031   22.382284   2.00  + 0.70083|111101111000> + 0.70083|111110110100>

 qEOM-Davidson calculation: 297.05 s
 =====================================================================================

 ---------------------------------------------------------
                                                          
                      Using Pyscf:
                                                          
 ---------------------------------------------------------
                                                          
converged SCF energy = -74.8502270638327

System and Method:

        O
        H   1   0.8
        H   1   0.8   2   104.5
        
Basis set                                      :       sto3g
Number of Orbitals                             :         7
Number of electrons                            :        10
Nuclear Repulsion                              :   11.0018319609 
Electronic SCF energy                          :  -85.8520590247 
SCF Energy                                     :  -74.8502270638
 AO->MO
 NElectrons:    4    4
 ecore: -61.09664407
 ERIs in the active-space:
(6, 6, 6, 6)    0.01036800 Mb
 HF Energy: -74.85022706
r = 0.80
*****************************************************
*              Start ADAPT-VQE algorithm            *
* Grimsley, H.R., Economou, S.E., Barnes, E. et al. *
*              Nat Commun 10, 3007 (2019).          *
*     https://doi.org/10.1038/s41467-019-10988-2    *
*       https://github.com/asthanaa/adapt-vqe       *
*****************************************************
 ------------------------------------------------
      Iter   Energy (a.u.)  Gnorm      <S^2>     
 ------------------------------------------------
      1     -74.85916245     0.409      0.00
      2     -74.86456898     0.347      0.00
      3     -74.86845013     0.305      0.00
      4     -74.87214448     0.253      0.00
      5     -74.87485397     0.221      0.00
      6     -74.87699396     0.190      0.00
      7     -74.87873530     0.163      0.00
      8     -74.87967219     0.141      0.00
      9     -74.88031035     0.122     -0.00
     10     -74.88132028     0.102     -0.00
     11     -74.88228441     0.082     -0.00
     12     -74.88256565     0.061      0.00
     13     -74.88268732     0.052     -0.00
     14     -74.88274690     0.048      0.00
     15     -74.88281799     0.045      0.00
     16     -74.88283685     0.026     -0.00
     17     -74.88284373     0.014      0.00
     18     -74.88286344     0.002     -0.00
     19     -74.88287444     0.002      0.00
     20     -74.88288695     0.001      0.00
     21     -74.88289508     0.001      0.00
     22     -74.88289508*    0.001      0.00
 ------------------------------------------------
 SCF energy                   = -74.85022706
 ADAPT-VQE correlation energy = -0.03266802
 ADAPT-VQE energy             = -74.88289508

 ADAPT-VQE calculation: 1622.93 s
 ================================================

*****************************************************
*           Start qEOM-DAVIDSON algorithm           *
*          Yongbin Kim and Anna I. Krylov           *
*****************************************************
 -------------------------------------------------------------------------------------
      Iter  Root  NVecs  ResNorm     Total energy (a.u.)    Excitation energy (eV.)   
 -------------------------------------------------------------------------------------
 Initial guess vectors
 |b1> =  - 0.70711|111111011000> + 0.70711|111111100100>
      1     1     2       0.2097     -74.1951347657           18.7148692534
      2     1     4       0.1735     -74.2042783683           18.4660597170
      3     1    10       0.0786     -74.2242377020           17.9229398098
      4     1    12       0.0478     -74.2274116597           17.8365722142
      5     1    14       0.0300     -74.2288290165           17.7980040587
      6     1    16       0.0000     -74.2292523158           17.7864855241
 Initial guess vectors
 |b2> =  - 0.70711|111101111000> + 0.70711|111110110100>
      1     2     2       0.2275     -74.0829996617           21.7662139652
      2     2     3       0.2118     -74.0885594835           21.6149238502
      3     2    15       0.1267     -74.1102672986           21.0242254481
      4     2    16       0.1083     -74.1148526131           20.8994529663
      5     2    18       0.0953     -74.1219802662           20.7055000835
      6     2    20       0.0744     -74.1236604250           20.6597807387
      7     2    21       0.0630     -74.1247443034           20.6302869697
      8     2    23       0.0381     -74.1274518219           20.5566118050
      9     2    24       0.0295     -74.1275792657           20.5531438922
     10     2    25       0.0231     -74.1281991165           20.5362769288
     11     2    26       0.0154     -74.1282162350           20.5358111119
     12     2    28       0.0031     -74.1283554190           20.5320237318
     13     2    29       0.0000     -74.1283567635           20.5319871455
 -------------------------------------------------------------------------------------
   Root #    a.u.       eV       <S^2>    Wavefunction
 -------------------------------------------------------------------------------------
     1  -74.229252   17.786486   0.00  - 0.69753|111111011000> + 0.69753|111111100100>
     2  -74.128357   20.531987   0.00  - 0.69142|111101111000> + 0.69142|111110110100>

 qEOM-Davidson calculation: 844.98 s
 =====================================================================================

*****************************************************
*           Start qEOM-DAVIDSON algorithm           *
*          Yongbin Kim and Anna I. Krylov           *
*****************************************************
 -------------------------------------------------------------------------------------
      Iter  Root  NVecs  ResNorm     Total energy (a.u.)    Excitation energy (eV.)   
 -------------------------------------------------------------------------------------
 Initial guess vectors
 |b1> =  + 0.70711|111111011000> + 0.70711|111111100100>
      1     1     2       0.1458     -74.2839848729           16.2971401498
      2     1     4       0.0999     -74.2929847632           16.0522412124
      3     1     6       0.0746     -74.2964149892           15.9589002193
      4     1     8       0.0528     -74.2990417108           15.8874236448
      5     1    10       0.0374     -74.3007407526           15.8411904691
      6     1    12       0.0134     -74.3010289869           15.8333472296
      7     1    14       0.0079     -74.3011229425           15.8307905742
      8     1    16       0.0000     -74.3011232378           15.8307825379
 Initial guess vectors
 |b2> =  + 0.70711|111101111000> + 0.70711|111110110100>
      1     2     2       0.1671     -74.1705009004           19.3851893585
      2     2     4       0.1251     -74.1794343393           19.1420986534
      3     2     6       0.1026     -74.1817739063           19.0784359347
      4     2     8       0.0854     -74.1848995658           18.9933825999
      5     2    10       0.0728     -74.1883367379           18.8998525948
      6     2    12       0.0565     -74.1892853947           18.8740383866
      7     2    14       0.0427     -74.1931645659           18.7684810003
      8     2    16       0.0284     -74.1937479618           18.7526060254
      9     2    18       0.0152     -74.1940708574           18.7438196082
     10     2    20       0.0100     -74.1940708574           18.7438196078
     11     2    22       0.0000     -74.1940721681           18.7437839434
 -------------------------------------------------------------------------------------
   Root #    a.u.       eV       <S^2>    Wavefunction
 -------------------------------------------------------------------------------------
     1  -74.301123   15.830783   2.00  + 0.70262|111111011000> + 0.70262|111111100100>
     2  -74.194072   18.743784   2.00  + 0.69777|111101111000> + 0.69777|111110110100>

 qEOM-Davidson calculation: 251.59 s
 =====================================================================================

 ---------------------------------------------------------

                      Using Pyscf:

 ---------------------------------------------------------

converged SCF energy = -74.945021008549

System and Method:

        O
        H   1   0.9
        H   1   0.9   2   104.5

Basis set                                      :       sto3g
Number of Orbitals                             :         7
Number of electrons                            :        10
Nuclear Repulsion                              :    9.7794061875
Electronic SCF energy                          :  -84.7244271960
SCF Energy                                     :  -74.9450210085
 AO->MO
 NElectrons:    4    4
 ecore: -60.80261174
 ERIs in the active-space:
(6, 6, 6, 6)    0.01036800 Mb
 HF Energy: -74.94502101
r = 0.90
*****************************************************
*              Start ADAPT-VQE algorithm            *
* Grimsley, H.R., Economou, S.E., Barnes, E. et al. *
*              Nat Commun 10, 3007 (2019).          *
*     https://doi.org/10.1038/s41467-019-10988-2    *
*       https://github.com/asthanaa/adapt-vqe       *
*****************************************************
 ------------------------------------------------
      Iter   Energy (a.u.)  Gnorm      <S^2>
 ------------------------------------------------
      1     -74.95612347     0.431      0.00
      2     -74.96199033     0.368      0.00
      3     -74.96607255     0.331      0.00
      4     -74.97304553     0.285      0.00
      5     -74.97675517     0.239      0.00
      6     -74.97943112     0.204      0.00
      7     -74.98184462     0.177      0.00
      8     -74.98402413     0.153      0.00
      9     -74.98477477     0.130      0.00
     10     -74.98567339     0.111      0.00
     11     -74.98659657     0.088     -0.00
     12     -74.98715636     0.072     -0.00
     13     -74.98729807     0.059      0.00
     14     -74.98745945     0.055      0.00
     15     -74.98751222     0.023      0.00
     16     -74.98752799     0.018      0.00
     17     -74.98752863     0.004      0.00
     18     -74.98756829     0.003     -0.00
     19     -74.98758472     0.002     -0.00
     20     -74.98758812     0.001     -0.00
     21     -74.98759313     0.001      0.00
     22     -74.98759629     0.001     -0.00
     23     -74.98759629*    0.001     -0.00
 ------------------------------------------------
 SCF energy                   = -74.94502101
 ADAPT-VQE correlation energy = -0.04257528
 ADAPT-VQE energy             = -74.98759629

 ADAPT-VQE calculation: 1689.82 s
 ================================================

*****************************************************
*           Start qEOM-DAVIDSON algorithm           *
*          Yongbin Kim and Anna I. Krylov           *
*****************************************************
 -------------------------------------------------------------------------------------
      Iter  Root  NVecs  ResNorm     Total energy (a.u.)    Excitation energy (eV.)
 -------------------------------------------------------------------------------------
 Initial guess vectors
 |b1> =  - 0.70711|111111011000> + 0.70711|111111100100>
      1     1     2       0.2241     -74.4190300323           15.4714409411
      2     1     8       0.1625     -74.4439305790           14.7938640834
      3     1    10       0.0999     -74.4542183865           14.5139192137
      4     1    12       0.0669     -74.4590003068           14.3837968295
      5     1    14       0.0291     -74.4632116410           14.2692008473
      6     1    16       0.0000     -74.4636730434           14.2566454763
 Initial guess vectors
 |b2> =  - 0.70711|111111010010> + 0.70711|111111100001>
      1     2     2       0.2005     -74.3360759671           17.7287309335
      2     2     4       0.1657     -74.3491300478           17.3735121064
      3     2    16       0.0647     -74.3692401980           16.8262882812
      4     2    18       0.0000     -74.3743957394           16.6859991722
 -------------------------------------------------------------------------------------
   Root #    a.u.       eV       <S^2>    Wavefunction
 -------------------------------------------------------------------------------------
     1  -74.463673   14.256645   0.00  - 0.69321|111111011000> + 0.69321|111111100100>
     2  -74.374396   16.685999   0.00  - 0.69350|111111010010> + 0.69350|111111100001>

 qEOM-Davidson calculation: 219.30 s
 =====================================================================================

*****************************************************
*           Start qEOM-DAVIDSON algorithm           *
*          Yongbin Kim and Anna I. Krylov           *
*****************************************************
 -------------------------------------------------------------------------------------
      Iter  Root  NVecs  ResNorm     Total energy (a.u.)    Excitation energy (eV.)
 -------------------------------------------------------------------------------------
 Initial guess vectors
 |b1> =  + 0.70711|111111011000> + 0.70711|111111100100>
      1     1     2       0.1662     -74.5024138111           13.2024578716
      2     1     4       0.0958     -74.5190774901           12.7490170932
      3     1     6       0.0650     -74.5236969738           12.6233148237
      4     1     8       0.0530     -74.5254700495           12.5750670860
      5     1    10       0.0393     -74.5269889057           12.5337369976
      6     1    12       0.0247     -74.5275715801           12.5178816542
      7     1    14       0.0080     -74.5281093969           12.5032469454
      8     1    16       0.0000     -74.5281154809           12.5030813918
 Initial guess vectors
 |b2> =  + 0.70711|111101111000> + 0.70711|111110110100>
      1     3     2       0.1827     -74.3891629510           16.2841637853
      2     3     4       0.1342     -74.4017453768           15.9417793129
      3     3     6       0.1059     -74.4049725488           15.8539636868
      4     3     8       0.0943     -74.4079002177           15.7742979379
      5     3    10       0.0838     -74.4109673836           15.6908362920
      6     3    12       0.0608     -74.4197121489           15.4528796436
      7     3    14       0.0474     -74.4204669162           15.4323414271
      8     3    16       0.0361     -74.4208613987           15.4216070347
      9     3    18       0.0273     -74.4211032527           15.4150258683
     10     3    20       0.0173     -74.4214199804           15.4064072877
     11     3    22       0.0000     -74.4214335358           15.4060384266
 -------------------------------------------------------------------------------------
   Root #    a.u.       eV       <S^2>    Wavefunction
 -------------------------------------------------------------------------------------
     1  -74.528115   12.503081   2.00  + 0.69931|111111011000> + 0.69931|111111100100>
     2  -74.421434   15.406038   2.00  + 0.10876|110111110010> + 0.10876|111011110001> + 0.69227|111101111000> + 0.69227|111110110100>

 qEOM-Davidson calculation: 297.18 s
 =====================================================================================

 ---------------------------------------------------------
                                                          
                      Using Pyscf:
                                                          
 ---------------------------------------------------------
                                                          
converged SCF energy = -74.9646625391305

System and Method:

        O
        H   1   1.0
        H   1   1.0   2   104.5
        
Basis set                                      :       sto3g
Number of Orbitals                             :         7
Number of electrons                            :        10
Nuclear Repulsion                              :    8.8014655687 
Electronic SCF energy                          :  -83.7661281079 
SCF Energy                                     :  -74.9646625391
 AO->MO
 NElectrons:    4    4
 ecore: -60.56735821
 ERIs in the active-space:
(6, 6, 6, 6)    0.01036800 Mb
 HF Energy: -74.96466254
r = 1.00
*****************************************************
*              Start ADAPT-VQE algorithm            *
* Grimsley, H.R., Economou, S.E., Barnes, E. et al. *
*              Nat Commun 10, 3007 (2019).          *
*     https://doi.org/10.1038/s41467-019-10988-2    *
*       https://github.com/asthanaa/adapt-vqe       *
*****************************************************
 ------------------------------------------------
      Iter   Energy (a.u.)  Gnorm      <S^2>     
 ------------------------------------------------
      1     -74.97848784     0.453      0.00
      2     -74.99040686     0.386      0.00
      3     -74.99630093     0.346      0.00
      4     -75.00036585     0.303      0.00
      5     -75.00491206     0.256      0.00
      6     -75.01008131     0.220      0.00
      7     -75.01294670     0.179      0.00
      8     -75.01582408     0.158      0.00
      9     -75.01670900     0.132      0.00
     10     -75.01745220     0.112      0.00
     11     -75.01830621     0.095      0.00
     12     -75.01915974     0.083     -0.00
     13     -75.01946529     0.068      0.00
     14     -75.01962521     0.027     -0.00
     15     -75.01966867     0.019      0.00
     16     -75.01967399     0.015     -0.00
     17     -75.01968124     0.011      0.00
     18     -75.01970474     0.004     -0.00
     19     -75.01973670     0.003     -0.00
     20     -75.01975235     0.002     -0.00
     21     -75.01975551     0.001      0.00
     22     -75.01976343     0.001     -0.00
     23     -75.01976620     0.001     -0.00
     24     -75.01976620*    0.001     -0.00
 ------------------------------------------------
 SCF energy                   = -74.96466254
 ADAPT-VQE correlation energy = -0.05510366
 ADAPT-VQE energy             = -75.01976620

 ADAPT-VQE calculation: 1874.08 s
 ================================================

*****************************************************
*           Start qEOM-DAVIDSON algorithm           *
*          Yongbin Kim and Anna I. Krylov           *
*****************************************************
 -------------------------------------------------------------------------------------
      Iter  Root  NVecs  ResNorm     Total energy (a.u.)    Excitation energy (eV.)   
 -------------------------------------------------------------------------------------
 Initial guess vectors
 |b1> =  - 0.70711|111111011000> + 0.70711|111111100100>
      1     1     2       0.2238     -74.5522643011           12.7213458281
      2     1     8       0.1664     -74.5809006434           11.9421130228
      3     1    10       0.1220     -74.5897953333           11.7000767305
      4     1    12       0.0708     -74.6005483535           11.4074728071
      5     1    14       0.0437     -74.6047019651           11.2944475329
      6     1    16       0.0000     -74.6058229472           11.2639441269
 Initial guess vectors
 |b2> =  - 0.70711|111111010010> + 0.70711|111111100001>
      1     2     2       0.2058     -74.4774190207           14.7579850460
      2     2     4       0.1682     -74.4943452324           14.2974004051
      3     2    16       0.0686     -74.5194150679           13.6152169751
      4     2    18       0.0000     -74.5262951516           13.4280007851
 -------------------------------------------------------------------------------------
   Root #    a.u.       eV       <S^2>    Wavefunction
 -------------------------------------------------------------------------------------
     1  -74.605823   11.263944   0.00  - 0.68601|111111011000> + 0.68601|111111100100>
     2  -74.526295   13.428001   0.00  - 0.68748|111111010010> + 0.68748|111111100001>

 qEOM-Davidson calculation: 164.99 s
 =====================================================================================

*****************************************************
*           Start qEOM-DAVIDSON algorithm           *
*          Yongbin Kim and Anna I. Krylov           *
*****************************************************
 -------------------------------------------------------------------------------------
      Iter  Root  NVecs  ResNorm     Total energy (a.u.)    Excitation energy (eV.)   
 -------------------------------------------------------------------------------------
 Initial guess vectors
 |b1> =  + 0.70711|111111011000> + 0.70711|111111100100>
      1     1     2       0.1784     -74.6273456095           10.6782839759
      2     1     4       0.1186     -74.6461775543           10.1658418136
      3     1     6       0.0845     -74.6530183526            9.9796946322
      4     1     8       0.0617     -74.6579304167            9.8460308603
      5     1    10       0.0421     -74.6604557328            9.7773136636
      6     1    12       0.0168     -74.6612819876            9.7548301766
      7     1    14       0.0104     -74.6615244881            9.7482314178
      8     1    16       0.0000     -74.6616911146            9.7436972888
 Initial guess vectors
 |b2> =  + 0.70711|111111010010> + 0.70711|111111100001>
      1     2     2       0.1760     -74.5271036207           13.4060012705
      2     2     4       0.1578     -74.5376869344           13.1180152852
      3     2     6       0.1332     -74.5473858908           12.8540938336
      4     2     8       0.0964     -74.5527274501           12.7087429301
      5     2    10       0.0761     -74.5565350875           12.6051320747
      6     2    12       0.0410     -74.5611633199           12.4791917394
      7     2    14       0.0178     -74.5621564734           12.4521667181
      8     2    16       0.0080     -74.5623060082           12.4480976776
      9     2    18       0.0000     -74.5623064885           12.4480846087
 -------------------------------------------------------------------------------------
   Root #    a.u.       eV       <S^2>    Wavefunction
 -------------------------------------------------------------------------------------
     1  -74.661691    9.743697   2.00  + 0.10060|110111100110> - 0.10060|111011011001> + 0.69441|111111011000> + 0.69441|111111100100>
     2  -74.562306   12.448085   2.00  + 0.69141|111111010010> + 0.69141|111111100001>

 qEOM-Davidson calculation: 187.70 s
 =====================================================================================

 ---------------------------------------------------------
                                                          
                      Using Pyscf:
                                                          
 ---------------------------------------------------------
                                                          
converged SCF energy = -74.9418025664523

System and Method:

        O
        H   1   1.1
        H   1   1.1   2   104.5
        
Basis set                                      :       sto3g
Number of Orbitals                             :         7
Number of electrons                            :        10
Nuclear Repulsion                              :    8.0013323352 
Electronic SCF energy                          :  -82.9431349017 
SCF Energy                                     :  -74.9418025665
 AO->MO
 NElectrons:    4    4
 ecore: -60.37486208
 ERIs in the active-space:
(6, 6, 6, 6)    0.01036800 Mb
 HF Energy: -74.94180257
r = 1.10
*****************************************************
*              Start ADAPT-VQE algorithm            *
* Grimsley, H.R., Economou, S.E., Barnes, E. et al. *
*              Nat Commun 10, 3007 (2019).          *
*     https://doi.org/10.1038/s41467-019-10988-2    *
*       https://github.com/asthanaa/adapt-vqe       *
*****************************************************
 ------------------------------------------------
      Iter   Energy (a.u.)  Gnorm      <S^2>     
 ------------------------------------------------
      1     -74.95905282     0.475      0.00
      2     -74.97772212     0.404      0.00
      3     -74.98321486     0.351      0.00
      4     -74.98716948     0.314      0.00
      5     -74.99222557     0.272      0.00
      6     -75.00136776     0.237      0.00
      7     -75.00487273     0.180      0.00
      8     -75.00833251     0.159      0.00
      9     -75.00934087     0.135      0.00
     10     -75.01034023     0.114      0.00
     11     -75.01092628     0.105      0.00
     12     -75.01168888     0.091     -0.00
     13     -75.01218333     0.080     -0.00
     14     -75.01235790     0.037     -0.00
     15     -75.01240013     0.031     -0.00
     16     -75.01243260     0.012      0.00
     17     -75.01245760     0.005      0.00
     18     -75.01248813     0.004      0.00
     19     -75.01249886     0.010     -0.00
     20     -75.01250839     0.003      0.00
     21     -75.01251986     0.002      0.00
     22     -75.01252627     0.002      0.00
     23     -75.01253558     0.001     -0.00
     24     -75.01253992     0.001     -0.00
     25     -75.01254625     0.001      0.00
     26     -75.01254625*    0.001      0.00
 ------------------------------------------------
 SCF energy                   = -74.94180257
 ADAPT-VQE correlation energy = -0.07074368
 ADAPT-VQE energy             = -75.01254625

 ADAPT-VQE calculation: 2185.45 s
 ================================================

*****************************************************
*           Start qEOM-DAVIDSON algorithm           *
*          Yongbin Kim and Anna I. Krylov           *
*****************************************************
 -------------------------------------------------------------------------------------
      Iter  Root  NVecs  ResNorm     Total energy (a.u.)    Excitation energy (eV.)   
 -------------------------------------------------------------------------------------
 Initial guess vectors
 |b1> =  - 0.70711|111111011000> + 0.70711|111111100100>
      1     1     2       0.2232     -74.6258026681           10.5238051065
      2     1     8       0.1664     -74.6583220826            9.6389087633
      3     1    10       0.1371     -74.6654254594            9.4456164721
      4     1    12       0.0672     -74.6831288140            8.9638847429
      5     1    14       0.0254     -74.6885756588            8.8156688833
      6     1    16       0.0000     -74.6889552923            8.8053385516
 Initial guess vectors
 |b2> =  - 0.70711|111111010010> + 0.70711|111111100001>
      1     2     2       0.2081     -74.5570801744           12.3938351881
      2     2     4       0.1625     -74.5792605353           11.7902781891
      3     2    16       0.0716     -74.6084366929           10.9963562942
      4     2    18       0.0000     -74.6172548940           10.7564013627
 -------------------------------------------------------------------------------------
   Root #    a.u.       eV       <S^2>    Wavefunction
 -------------------------------------------------------------------------------------
     1  -74.688955    8.805339   0.00  + 0.10490|110111101001> + 0.10490|111011010110> - 0.10498|111101101100> + 0.10498|111110011100> - 0.67924|111111011000> + 0.67924|111111100100>
     2  -74.617255   10.756401   0.00  + 0.11192|110111100011> - 0.11192|111011010011> - 0.67819|111111010010> + 0.67819|111111100001>

 qEOM-Davidson calculation: 237.22 s
 =====================================================================================

*****************************************************
*           Start qEOM-DAVIDSON algorithm           *
*          Yongbin Kim and Anna I. Krylov           *
*****************************************************
 -------------------------------------------------------------------------------------
      Iter  Root  NVecs  ResNorm     Total energy (a.u.)    Excitation energy (eV.)   
 -------------------------------------------------------------------------------------
 Initial guess vectors
 |b1> =  + 0.70711|111111011000> + 0.70711|111111100100>
      1     1     2       0.1832     -74.6947103667            8.6487353549
      2     1     4       0.1248     -74.7160538504            8.0679508931
      3     1     6       0.0826     -74.7256801877            7.8060055038
      4     1     8       0.0567     -74.7320305998            7.6332023793
      5     1    10       0.0267     -74.7354662112            7.5397148422
      6     1    12       0.0189     -74.7357866016            7.5309965937
      7     1    14       0.0035     -74.7358882649            7.5282302025
      8     1    16       0.0000     -74.7360490455            7.5238551494
 Initial guess vectors
 |b2> =  + 0.70711|111111010010> + 0.70711|111111100001>
      1     2     2       0.1864     -74.6051098164           11.0868850119
      2     2     4       0.1622     -74.6214087918           10.6433683020
      3     2     6       0.1263     -74.6357820939           10.2522517109
      4     2     8       0.0983     -74.6394563834           10.1522694283
      5     2    10       0.0752     -74.6423292701           10.0740943767
      6     2    12       0.0546     -74.6463112518            9.9657393804
      7     2    14       0.0231     -74.6507916576            9.8438216039
      8     2    16       0.0100     -74.6509415647            9.8397424330
      9     2    18       0.0000     -74.6509415647            9.8397424330
 -------------------------------------------------------------------------------------
   Root #    a.u.       eV       <S^2>    Wavefunction
 -------------------------------------------------------------------------------------
     1  -74.736049    7.523855   2.00  - 0.10994|110111100110> + 0.10994|111011011001> + 0.68881|111111011000> + 0.68881|111111100100>
     2  -74.650942    9.839742   2.00  - 0.11042|111101101001> + 0.11042|111110010110> + 0.68598|111111010010> + 0.68598|111111100001>

 qEOM-Davidson calculation: 262.50 s
 =====================================================================================

 ---------------------------------------------------------

                      Using Pyscf:

 ---------------------------------------------------------

converged SCF energy = -74.8952176345749

System and Method:

        O
        H   1   1.2
        H   1   1.2   2   104.5

Basis set                                      :       sto3g
Number of Orbitals                             :         7
Number of electrons                            :        10
Nuclear Repulsion                              :    7.3345546406
Electronic SCF energy                          :  -82.2297722752
SCF Energy                                     :  -74.8952176346
 AO->MO
 NElectrons:    4    4
 ecore: -60.21443889
 ERIs in the active-space:
(6, 6, 6, 6)    0.01036800 Mb
 HF Energy: -74.89521763
r = 1.20
*****************************************************
*              Start ADAPT-VQE algorithm            *
* Grimsley, H.R., Economou, S.E., Barnes, E. et al. *
*              Nat Commun 10, 3007 (2019).          *
*     https://doi.org/10.1038/s41467-019-10988-2    *
*       https://github.com/asthanaa/adapt-vqe       *
*****************************************************
 ------------------------------------------------
      Iter   Energy (a.u.)  Gnorm      <S^2>
 ------------------------------------------------
      1     -74.92204545     0.497      0.00
      2     -74.94359661     0.438      0.00
      3     -74.95797087     0.356      0.00
      4     -74.96482224     0.332      0.00
      5     -74.96957213     0.268      0.00
      6     -74.97247704     0.220      0.00
      7     -74.97659083     0.181      0.00
      8     -74.98074949     0.161      0.00
      9     -74.98184720     0.138      0.00
     10     -74.98281834     0.118      0.00
     11     -74.98354658     0.111     -0.00
     12     -74.98389226     0.080     -0.00
     13     -74.98456313     0.072      0.00
     14     -74.98469787     0.056     -0.00
     15     -74.98488397     0.025     -0.00
     16     -74.98490495     0.014      0.00
     17     -74.98491253     0.010     -0.00
     18     -74.98493635     0.005      0.00
     19     -74.98499627     0.005     -0.00
     20     -74.98501218     0.003      0.00
     21     -74.98502308     0.003     -0.00
     22     -74.98503422     0.002     -0.00
     23     -74.98503997     0.002     -0.00
     24     -74.98504313     0.001      0.00
     25     -74.98504313*    0.001      0.00
 ------------------------------------------------
 SCF energy                   = -74.89521763
 ADAPT-VQE correlation energy = -0.08982550
 ADAPT-VQE energy             = -74.98504313

 ADAPT-VQE calculation: 1790.46 s
 ================================================

*****************************************************
*           Start qEOM-DAVIDSON algorithm           *
*          Yongbin Kim and Anna I. Krylov           *
*****************************************************
 -------------------------------------------------------------------------------------
      Iter  Root  NVecs  ResNorm     Total energy (a.u.)    Excitation energy (eV.)
 -------------------------------------------------------------------------------------
 Initial guess vectors
 |b1> =  - 0.70711|111111011000> + 0.70711|111111100100>
      1     1     2       0.2334     -74.6560332409            8.9527950079
      2     1     8       0.1726     -74.6948262909            7.8971847338
      3     1    10       0.1361     -74.7181790262            7.2617258742
      4     1    12       0.0666     -74.7275922910            7.0055784714
      5     1    14       0.0210     -74.7337862283            6.8370332335
      6     1    16       0.0000     -74.7341168048            6.8280378065
 Initial guess vectors
 |b2> =  - 0.70711|111111010010> + 0.70711|111111100001>
      1     2     2       0.2307     -74.5910650745           10.7206648700
      2     2     4       0.1780     -74.6210992744            9.9033945087
      3     2    16       0.0692     -74.6605611902            8.8295835109
      4     2    18       0.0000     -74.6705631449            8.5574170760
 -------------------------------------------------------------------------------------
   Root #    a.u.       eV       <S^2>    Wavefunction
 -------------------------------------------------------------------------------------
     1  -74.734117    6.828038   0.00  - 0.11285|110111100110> + 0.11469|110111101001> + 0.11469|111011010110> - 0.11285|111011011001> - 0.14017|111101101100> + 0.14017|111110011100> - 0.66812|111111011000> + 0.66812|111111100100>
     2  -74.670563    8.557417   0.00  + 0.13099|110111100011> - 0.13099|111011010011> + 0.11521|111101100110> - 0.11596|111101101001> - 0.11596|111110010110> + 0.11521|111110011001> - 0.66660|111111010010> + 0.66660|111111100001>

 qEOM-Davidson calculation: 226.87 s
 =====================================================================================

*****************************************************
*           Start qEOM-DAVIDSON algorithm           *
*          Yongbin Kim and Anna I. Krylov           *
*****************************************************
 -------------------------------------------------------------------------------------
      Iter  Root  NVecs  ResNorm     Total energy (a.u.)    Excitation energy (eV.)
 -------------------------------------------------------------------------------------
 Initial guess vectors
 |b1> =  + 0.70711|111111011000> + 0.70711|111111100100>
      1     1     2       0.1931     -74.7197087501            7.2201000595
      2     1     4       0.1300     -74.7477050732            6.4582830252
      3     1     6       0.0816     -74.7605265821            6.1093927856
      4     1     8       0.0494     -74.7692371776            5.8723659432
      5     1    10       0.0376     -74.7717442635            5.8041448173
      6     1    12       0.0218     -74.7724594335            5.7846840928
      7     1    14       0.0098     -74.7726742207            5.7788394496
      8     1    16       0.0000     -74.7727009588            5.7781118712
 Initial guess vectors
 |b2> =  + 0.70711|111111010010> + 0.70711|111111100001>
      1     2     2       0.1994     -74.6417279230            9.3420616581
      2     2     4       0.1631     -74.6664202350            8.6701511398
      3     2     6       0.1318     -74.6831976865            8.2136144616
      4     2     8       0.0877     -74.6897556198            8.0351644100
      5     2    10       0.0627     -74.6952944609            7.8844452087
      6     2    12       0.0294     -74.7001139793            7.7532997297
      7     2    14       0.0176     -74.7006836584            7.7377980071
      8     2    16       0.0079     -74.7010422762            7.7280395415
      9     2    18       0.0000     -74.7010422762            7.7280395415
 -------------------------------------------------------------------------------------
   Root #    a.u.       eV       <S^2>    Wavefunction
 -------------------------------------------------------------------------------------
     1  -74.772701    5.778112   2.00  - 0.12675|110111100110> + 0.12675|111011011001> - 0.10273|111101101100> - 0.10273|111110011100> + 0.68097|111111011000> + 0.68097|111111100100>
     2  -74.701042    7.728040   2.00  + 0.11348|110111101100> + 0.11348|111011011100> - 0.14199|111101101001> + 0.14199|111110010110> + 0.67378|111111010010> + 0.67378|111111100001>

 qEOM-Davidson calculation: 184.99 s
 =====================================================================================

 ---------------------------------------------------------
                                                          
                      Using Pyscf:
                                                          
 ---------------------------------------------------------
                                                          
converged SCF energy = -74.8361348179077

System and Method:

        O
        H   1   1.3
        H   1   1.3   2   104.5
        
Basis set                                      :       sto3g
Number of Orbitals                             :         7
Number of electrons                            :        10
Nuclear Repulsion                              :    6.7703581298 
Electronic SCF energy                          :  -81.6064929477 
SCF Energy                                     :  -74.8361348179
 AO->MO
 NElectrons:    4    4
 ecore: -60.07869010
 ERIs in the active-space:
(6, 6, 6, 6)    0.01036800 Mb
 HF Energy: -74.83613482
r = 1.30
*****************************************************
*              Start ADAPT-VQE algorithm            *
* Grimsley, H.R., Economou, S.E., Barnes, E. et al. *
*              Nat Commun 10, 3007 (2019).          *
*     https://doi.org/10.1038/s41467-019-10988-2    *
*       https://github.com/asthanaa/adapt-vqe       *
*****************************************************
 ------------------------------------------------
      Iter   Energy (a.u.)  Gnorm      <S^2>     
 ------------------------------------------------
      1     -74.87326255     0.519      0.00
      2     -74.89963370     0.447      0.00
      3     -74.92179954     0.360      0.00
      4     -74.92853173     0.330      0.00
      5     -74.93244749     0.257      0.00
      6     -74.93487372     0.213      0.00
      7     -74.93951333     0.182      0.00
      8     -74.94452139     0.164      0.00
      9     -74.94565970     0.143      0.00
     10     -74.94657000     0.124     -0.00
     11     -74.94727356     0.097     -0.00
     12     -74.94760787     0.090     -0.00
     13     -74.94812954     0.048     -0.00
     14     -74.94831141     0.038     -0.00
     15     -74.94849953     0.028     -0.00
     16     -74.94852684     0.019      0.00
     17     -74.94853552     0.009      0.00
     18     -74.94857293     0.007     -0.00
     19     -74.94862955     0.006      0.00
     20     -74.94864103     0.004      0.00
     21     -74.94865125     0.004     -0.00
     22     -74.94866628     0.003     -0.00
     23     -74.94868447     0.002      0.00
     24     -74.94868844     0.001      0.00
     25     -74.94868844*    0.001      0.00
 ------------------------------------------------
 SCF energy                   = -74.83613482
 ADAPT-VQE correlation energy = -0.11255362
 ADAPT-VQE energy             = -74.94868844

 ADAPT-VQE calculation: 1966.78 s
 ================================================

*****************************************************
*           Start qEOM-DAVIDSON algorithm           *
*          Yongbin Kim and Anna I. Krylov           *
*****************************************************
 -------------------------------------------------------------------------------------
      Iter  Root  NVecs  ResNorm     Total energy (a.u.)    Excitation energy (eV.)   
 -------------------------------------------------------------------------------------
 Initial guess vectors
 |b1> =  - 0.70711|111111011000> + 0.70711|111111100100>
      1     1     2       0.2314     -74.6651729055            7.7148332426
      2     1     8       0.1771     -74.7084437554            6.5373761025
      3     1    10       0.1228     -74.7411796967            5.6465877773
      4     1    12       0.0667     -74.7488429252            5.4380611781
      5     1    14       0.0199     -74.7558575778            5.2471831920
      6     1    16       0.0000     -74.7561096098            5.2403250672
 Initial guess vectors
 |b2> =  - 0.70711|111111010010> + 0.70711|111111100001>
      1     2     2       0.2313     -74.6062611021            9.3179014452
      2     2     4       0.1757     -74.6430410437            8.3170705164
      3     2    16       0.0715     -74.6891612582            7.0620783899
      4     2    18       0.0000     -74.7004116623            6.7559399928
 -------------------------------------------------------------------------------------
   Root #    a.u.       eV       <S^2>    Wavefunction
 -------------------------------------------------------------------------------------
     1  -74.756110    5.240325   0.00  - 0.11876|110111100110> + 0.14062|110111101001> + 0.14062|111011010110> - 0.11876|111011011001> - 0.17295|111101101100> + 0.17295|111110011100> - 0.65355|111111011000> + 0.65355|111111100100>
     2  -74.700412    6.755940   0.00  + 0.16174|110111100011> + 0.11124|110111101100> - 0.16174|111011010011> - 0.11124|111011011100> + 0.14278|111101100110> - 0.13029|111101101001> - 0.13029|111110010110> + 0.14278|111110011001> - 0.64965|111111010010> + 0.64965|111111100001>

 qEOM-Davidson calculation: 137.65 s
 =====================================================================================

*****************************************************
*           Start qEOM-DAVIDSON algorithm           *
*          Yongbin Kim and Anna I. Krylov           *
*****************************************************
 -------------------------------------------------------------------------------------
      Iter  Root  NVecs  ResNorm     Total energy (a.u.)    Excitation energy (eV.)   
 -------------------------------------------------------------------------------------
 Initial guess vectors
 |b1> =  + 0.70711|111111011000> + 0.70711|111111100100>
      1     1     2       0.1914     -74.7263982422            6.0488107326
      2     1     4       0.1369     -74.7548904487            5.2735000558
      3     1     6       0.0795     -74.7721731645            4.8032144649
      4     1     8       0.0560     -74.7808724065            4.5664965679
      5     1    10       0.0190     -74.7862084854            4.4212947928
      6     1    12       0.0077     -74.7864366443            4.4150862867
      7     1    14       0.0025     -74.7864363292            4.4150948605
      8     1    16       0.0000     -74.7865277876            4.4126061569
 Initial guess vectors
 |b2> =  + 0.70711|111111010010> + 0.70711|111111100001>
      1     2     2       0.2013     -74.6555491197            7.9767092018
      2     2     4       0.1624     -74.6868837773            7.1240516641
      3     2     6       0.1141     -74.7104674219            6.4823094548
      4     2     8       0.0910     -74.7136054192            6.3969203935
      5     2    10       0.0688     -74.7203519321            6.2133388413
      6     2    12       0.0337     -74.7261108480            6.0566311094
      7     2    14       0.0040     -74.7271679800            6.0278651488
      8     2    16       0.0024     -74.7271679800            6.0278651488
      9     2    18       0.0000     -74.7271670972            6.0278891694
 -------------------------------------------------------------------------------------
   Root #    a.u.       eV       <S^2>    Wavefunction
 -------------------------------------------------------------------------------------
     1  -74.786528    4.412606   2.00  - 0.13831|110111100110> + 0.13831|111011011001> - 0.10130|111101100011> - 0.11369|111101101100> - 0.10130|111110010011> - 0.11369|111110011100> + 0.67221|111111011000> + 0.67221|111111100100>
     2  -74.727167    6.027889   2.00  + 0.14104|110111101100> + 0.14104|111011011100> - 0.17073|111101101001> + 0.17073|111110010110> + 0.66081|111111010010> + 0.66081|111111100001>

 qEOM-Davidson calculation: 191.82 s
 =====================================================================================

 ---------------------------------------------------------
                                                          
                      Using Pyscf:
                                                          
 ---------------------------------------------------------
                                                          
converged SCF energy = -74.7711672999971

System and Method:

        O
        H   1   1.4
        H   1   1.4   2   104.5
        
Basis set                                      :       sto3g
Number of Orbitals                             :         7
Number of electrons                            :        10
Nuclear Repulsion                              :    6.2867611205 
Electronic SCF energy                          :  -81.0579284205 
SCF Energy                                     :  -74.7711673000
 AO->MO
 NElectrons:    4    4
 ecore: -59.96233075
 ERIs in the active-space:
(6, 6, 6, 6)    0.01036800 Mb
 HF Energy: -74.77116730
r = 1.40
*****************************************************
*              Start ADAPT-VQE algorithm            *
* Grimsley, H.R., Economou, S.E., Barnes, E. et al. *
*              Nat Commun 10, 3007 (2019).          *
*     https://doi.org/10.1038/s41467-019-10988-2    *
*       https://github.com/asthanaa/adapt-vqe       *
*****************************************************
 ------------------------------------------------
      Iter   Energy (a.u.)  Gnorm      <S^2>     
 ------------------------------------------------
      1     -74.82049993     0.541      0.00
      2     -74.85218207     0.452      0.00
      3     -74.88392874     0.364      0.00
      4     -74.89012426     0.327      0.00
      5     -74.89321766     0.247      0.00
      6     -74.89519565     0.208      0.00
      7     -74.90022418     0.185      0.00
      8     -74.90627140     0.168      0.00
      9     -74.90739502     0.148      0.00
     10     -74.90844348     0.131      0.00
     11     -74.90898544     0.105     -0.00
     12     -74.90939996     0.050      0.00
     13     -74.90969402     0.044     -0.00
     14     -74.90987629     0.038     -0.00
     15     -74.90995918     0.032     -0.00
     16     -74.91003280     0.027     -0.00
     17     -74.91003575     0.008     -0.00
     18     -74.91010940     0.007      0.00
     19     -74.91011971     0.003      0.00
     20     -74.91012469     0.003      0.00
     21     -74.91015216     0.002      0.00
     22     -74.91015821     0.002     -0.00
     23     -74.91016281     0.002      0.00
     24     -74.91017336     0.001     -0.00
     25     -74.91019174     0.001     -0.00
     26     -74.91019341     0.001      0.00
     27     -74.91019341*    0.001      0.00
 ------------------------------------------------
 SCF energy                   = -74.77116730
 ADAPT-VQE correlation energy = -0.13902611
 ADAPT-VQE energy             = -74.91019341

 ADAPT-VQE calculation: 2089.32 s
 ================================================

*****************************************************
*           Start qEOM-DAVIDSON algorithm           *
*          Yongbin Kim and Anna I. Krylov           *
*****************************************************
 -------------------------------------------------------------------------------------
      Iter  Root  NVecs  ResNorm     Total energy (a.u.)    Excitation energy (eV.)   
 -------------------------------------------------------------------------------------
 Initial guess vectors
 |b1> =  - 0.70711|111101111000> + 0.70711|111110110100>
      1     1     2       0.2505     -74.6495994068            7.0911079120
      2     1     4       0.2035     -74.6970514837            5.7998740451
      3     1    10       0.1166     -74.7490729330            4.3843015038
      4     1    12       0.0672     -74.7552803968            4.2153881913
      5     1    14       0.0172     -74.7632005759            3.9998696277
      6     1    16       0.0000     -74.7635878021            3.9893326894
 Initial guess vectors
 |b2> =  - 0.70711|111101110010> + 0.70711|111110110001>
      1     2     2       0.2455     -74.6007995588            8.4190164155
      2     2     4       0.1857     -74.6477454931            7.1415553610
      3     2    16       0.0688     -74.7053321704            5.5745455925
      4     2    18       0.0000     -74.7169356836            5.2587986298
 -------------------------------------------------------------------------------------
   Root #    a.u.       eV       <S^2>    Wavefunction
 -------------------------------------------------------------------------------------
     1  -74.763588    3.989333   0.00  - 0.13711|110110110110> + 0.14705|110110111001> + 0.14705|111001110110> - 0.13711|111001111001> - 0.20133|111101101100> - 0.64035|111101111000> + 0.20133|111110011100> + 0.64035|111110110100>
     2  -74.716936    5.258799   0.00  + 0.17892|110110110011> + 0.11908|110110111100> - 0.17892|111001110011> - 0.11908|111001111100> + 0.14629|111101100110> - 0.15923|111101101001> - 0.63686|111101110010> - 0.15923|111110010110> + 0.14629|111110011001> + 0.63686|111110110001>

 qEOM-Davidson calculation: 155.57 s
 =====================================================================================

*****************************************************
*           Start qEOM-DAVIDSON algorithm           *
*          Yongbin Kim and Anna I. Krylov           *
*****************************************************
 -------------------------------------------------------------------------------------
      Iter  Root  NVecs  ResNorm     Total energy (a.u.)    Excitation energy (eV.)   
 -------------------------------------------------------------------------------------
 Initial guess vectors
 |b1> =  + 0.70711|111101111000> + 0.70711|111110110100>
      1     1     2       0.2110     -74.7069003228            5.5318740898
      2     1     4       0.1443     -74.7476718177            4.4224277086
      3     1     6       0.0845     -74.7686953897            3.8503484675
      4     1     8       0.0456     -74.7818279327            3.4929945771
      5     1    10       0.0200     -74.7860997876            3.3767517472
      6     1    12       0.0122     -74.7862977868            3.3713639246
      7     1    14       0.0042     -74.7863719898            3.3693447638
      8     1    16       0.0000     -74.7863719898            3.3693447638
 Initial guess vectors
 |b2> =  + 0.70711|111101110010> + 0.70711|111110110001>
      1     2     2       0.2095     -74.6515399267            7.0383037947
      2     2     4       0.1618     -74.6923133608            5.9288046458
      3     2     6       0.1116     -74.7189882197            5.2029464025
      4     2     8       0.0937     -74.7270714159            4.9829919284
      5     2    10       0.0655     -74.7302092380            4.8976076314
      6     2    12       0.0184     -74.7373927474            4.7021348256
      7     2    14       0.0066     -74.7377901084            4.6913221060
      8     2    16       0.0014     -74.7377901084            4.6913221060
      9     2    18       0.0000     -74.7377980942            4.6911048020
 -------------------------------------------------------------------------------------
   Root #    a.u.       eV       <S^2>    Wavefunction
 -------------------------------------------------------------------------------------
     1  -74.786372    3.369345   2.00  - 0.17135|110110110110> + 0.17135|111001111001> + 0.11065|111101100011> + 0.12895|111101101100> + 0.66110|111101111000> + 0.11065|111110010011> + 0.12895|111110011100> + 0.66110|111110110100>
     2  -74.737798    4.691105   2.00  + 0.10024|110110110011> + 0.14882|110110111100> + 0.10024|111001110011> + 0.14882|111001111100> - 0.19377|111101100110> + 0.64840|111101110010> + 0.19377|111110011001> + 0.64840|111110110001>

 qEOM-Davidson calculation: 183.25 s
 =====================================================================================

 ---------------------------------------------------------

                      Using Pyscf:

 ---------------------------------------------------------

converged SCF energy = -74.7041568733882

System and Method:

        O
        H   1   1.5
        H   1   1.5   2   104.5

Basis set                                      :       sto3g
Number of Orbitals                             :         7
Number of electrons                            :        10
Nuclear Repulsion                              :    5.8676437125
Electronic SCF energy                          :  -80.5718005859
SCF Energy                                     :  -74.7041568734
 AO->MO
 NElectrons:    4    4
 ecore: -59.86148506
 ERIs in the active-space:
(6, 6, 6, 6)    0.01036800 Mb
 HF Energy: -74.70415687
r = 1.50
*****************************************************
*              Start ADAPT-VQE algorithm            *
* Grimsley, H.R., Economou, S.E., Barnes, E. et al. *
*              Nat Commun 10, 3007 (2019).          *
*     https://doi.org/10.1038/s41467-019-10988-2    *
*       https://github.com/asthanaa/adapt-vqe       *
*****************************************************
 ------------------------------------------------
      Iter   Energy (a.u.)  Gnorm      <S^2>
 ------------------------------------------------
      1     -74.76770657     0.562      0.00
      2     -74.80491126     0.454      0.00
      3     -74.84773746     0.367      0.00
      4     -74.85315781     0.320      0.00
      5     -74.85552634     0.239      0.00
      6     -74.86115068     0.205      0.00
      7     -74.86840402     0.187      0.00
      8     -74.86970474     0.170      0.00
      9     -74.87071052     0.152      0.00
     10     -74.87182905     0.138      0.00
     11     -74.87257183     0.114      0.00
     12     -74.87289769     0.046      0.00
     13     -74.87304642     0.041     -0.00
     14     -74.87320093     0.018      0.00
     15     -74.87321407     0.010      0.00
     16     -74.87322695     0.008      0.00
     17     -74.87327657     0.007     -0.00
     18     -74.87329007     0.005     -0.00
     19     -74.87329849     0.004     -0.00
     20     -74.87331041     0.003      0.00
     21     -74.87331089     0.002      0.00
     22     -74.87331210     0.002      0.00
     23     -74.87336582     0.002      0.00
     24     -74.87338131     0.001      0.00
     25     -74.87339304     0.002      0.00
     26     -74.87339500     0.001      0.00
     27     -74.87339500*    0.001      0.00
 ------------------------------------------------
 SCF energy                   = -74.70415687
 ADAPT-VQE correlation energy = -0.16923813
 ADAPT-VQE energy             = -74.87339500

 ADAPT-VQE calculation: 2153.96 s
 ================================================

*****************************************************
*           Start qEOM-DAVIDSON algorithm           *
*          Yongbin Kim and Anna I. Krylov           *
*****************************************************
 -------------------------------------------------------------------------------------
      Iter  Root  NVecs  ResNorm     Total energy (a.u.)    Excitation energy (eV.)
 -------------------------------------------------------------------------------------
 Initial guess vectors
 |b1> =  - 0.70711|111101111000> + 0.70711|111110110100>
      1     1     2       0.2253     -74.6466737647            6.1693852319
      2     1     8       0.1843     -74.6991577341            4.7412269067
      3     1    10       0.0950     -74.7511526595            3.3263761157
      4     1    12       0.0610     -74.7551087606            3.2187253641
      5     1    14       0.0131     -74.7624505748            3.0189448760
      6     1    16       0.0000     -74.7626132065            3.0145194501
 Initial guess vectors
 |b2> =  - 0.70711|111101110010> + 0.70711|111110110001>
      1     2     2       0.2465     -74.5953015706            7.5672906808
      2     2     4       0.1835     -74.6540339066            5.9691060224
      3     2    16       0.0692     -74.7108245417            4.4237576192
      4     2    18       0.0000     -74.7243280759            4.0563085658
 -------------------------------------------------------------------------------------
   Root #    a.u.       eV       <S^2>    Wavefunction
 -------------------------------------------------------------------------------------
     1  -74.762613    3.014519   0.00  - 0.10367|110110110110> + 0.18989|110110111001> + 0.18989|111001110110> - 0.10367|111001111001> - 0.22068|111101101100> - 0.62375|111101111000> + 0.22068|111110011100> + 0.62375|111110110100>
     2  -74.724328    4.056309   0.00  + 0.20989|110110110011> + 0.13746|110110111100> - 0.20989|111001110011> - 0.13746|111001111100> + 0.14687|111101100110> - 0.16191|111101101001> - 0.62221|111101110010> - 0.16191|111110010110> + 0.14687|111110011001> + 0.62221|111110110001>

 qEOM-Davidson calculation: 218.19 s
 =====================================================================================

*****************************************************
*           Start qEOM-DAVIDSON algorithm           *
*          Yongbin Kim and Anna I. Krylov           *
*****************************************************
 -------------------------------------------------------------------------------------
      Iter  Root  NVecs  ResNorm     Total energy (a.u.)    Excitation energy (eV.)
 -------------------------------------------------------------------------------------
 Initial guess vectors
 |b1> =  + 0.70711|111101111000> + 0.70711|111110110100>
      1     1     2       0.1800     -74.7051378327            4.5785005029
      2     1     4       0.1576     -74.7264471705            3.9986451955
      3     1     6       0.0822     -74.7561892270            3.1893244416
      4     1     8       0.0617     -74.7644486781            2.9645738372
      5     1    10       0.0487     -74.7726468165            2.7414916316
      6     1    12       0.0140     -74.7770514049            2.6216369470
      7     1    14       0.0025     -74.7771168046            2.6198573371
      8     1    16       0.0000     -74.7771156018            2.6198900661
 Initial guess vectors
 |b2> =  + 0.70711|111111011000> + 0.70711|111111100100>
      1     3     2       0.1712     -74.6525235530            6.0102047436
      2     3     4       0.0537     -74.7400080678            3.6296352187
      3     3     6       0.0331     -74.7417251171            3.5829120302
      4     3     8       0.0261     -74.7420413398            3.5743071932
      5     3    10       0.0194     -74.7424429200            3.5633796637
      6     3    12       0.0117     -74.7426249812            3.5584255370
      7     3    14       0.0077     -74.7427257656            3.5556830591
      8     3    16       0.0045     -74.7427257927            3.5556823234
      9     3    18       0.0027     -74.7427258508            3.5556807414
     10     3    20       0.0012     -74.7427258173            3.5556816537
     11     3    22       0.0000     -74.7427258179            3.5556816386
 -------------------------------------------------------------------------------------
   Root #    a.u.       eV       <S^2>    Wavefunction
 -------------------------------------------------------------------------------------
     1  -74.777116    2.619890   2.00  - 0.14476|110110110110> + 0.11573|110110111001> - 0.11573|111001110110> + 0.14476|111001111001> + 0.12818|111101100011> + 0.11921|111101101100> + 0.65520|111101111000> + 0.12818|111110010011> + 0.11921|111110011100> + 0.65520|111110110100>
     2  -74.742726    3.555682   2.00  - 0.41282|110111110010> - 0.41282|111011110001> + 0.57255|111111011000> + 0.57255|111111100100>

 qEOM-Davidson calculation: 199.29 s
 =====================================================================================

 ---------------------------------------------------------

                      Using Pyscf:

 ---------------------------------------------------------

converged SCF energy = -74.637460686534

System and Method:

        O
        H   1   1.6
        H   1   1.6   2   104.5

Basis set                                      :       sto3g
Number of Orbitals                             :         7
Number of electrons                            :        10
Nuclear Repulsion                              :    5.5009159805
Electronic SCF energy                          :  -80.1383766670
SCF Energy                                     :  -74.6374606865
 AO->MO
 NElectrons:    4    4
 ecore: -59.77324579
 ERIs in the active-space:
(6, 6, 6, 6)    0.01036800 Mb
 HF Energy: -74.63746069
r = 1.60
*****************************************************
*              Start ADAPT-VQE algorithm            *
* Grimsley, H.R., Economou, S.E., Barnes, E. et al. *
*              Nat Commun 10, 3007 (2019).          *
*     https://doi.org/10.1038/s41467-019-10988-2    *
*       https://github.com/asthanaa/adapt-vqe       *
*****************************************************
 ------------------------------------------------
      Iter   Energy (a.u.)  Gnorm      <S^2>
 ------------------------------------------------
      1     -74.71738028     0.582      0.00
      2     -74.75991774     0.451      0.00
      3     -74.81499259     0.371      0.00
      4     -74.81956570     0.311      0.00
      5     -74.82465729     0.231      0.00
      6     -74.83340835     0.227      0.00
      7     -74.83568778     0.213      0.00
      8     -74.83674134     0.167      0.00
      9     -74.83758398     0.152      0.00
     10     -74.83871105     0.144     -0.00
     11     -74.83961110     0.120     -0.00
     12     -74.83976720     0.046      0.00
     13     -74.84002747     0.027     -0.00
     14     -74.84016393     0.019      0.00
     15     -74.84033101     0.013      0.00
     16     -74.84035583     0.007      0.00
     17     -74.84036633     0.007     -0.00
     18     -74.84039189     0.007      0.00
     19     -74.84039413     0.005     -0.00
     20     -74.84040581     0.004     -0.00
     21     -74.84041144     0.003      0.00
     22     -74.84041197     0.002     -0.00
     23     -74.84043439     0.002      0.00
     24     -74.84044106     0.002     -0.00
     25     -74.84044943     0.002      0.00
     26     -74.84044943*    0.001      0.00
 ------------------------------------------------
 SCF energy                   = -74.63746069
 ADAPT-VQE correlation energy = -0.20298875
 ADAPT-VQE energy             = -74.84044943

 ADAPT-VQE calculation: 1969.53 s
 ================================================

*****************************************************
*           Start qEOM-DAVIDSON algorithm           *
*          Yongbin Kim and Anna I. Krylov           *
*****************************************************
 -------------------------------------------------------------------------------------
      Iter  Root  NVecs  ResNorm     Total energy (a.u.)    Excitation energy (eV.)
 -------------------------------------------------------------------------------------
 Initial guess vectors
 |b1> =  - 0.70711|110111111000> + 0.70711|111011110100>
      1     1     2       0.2439     -74.6198680770            6.0023108906
      2     1     4       0.1982     -74.6836899552            4.2656330491
      3     1    10       0.0912     -74.7478255761            2.5204178510
      4     1    12       0.0618     -74.7510926669            2.4315159819
      5     1    14       0.0110     -74.7593189370            2.2076682781
      6     1    16       0.0000     -74.7596007160            2.2000006978
 Initial guess vectors
 |b2> =  - 0.70711|110111110010> + 0.70711|111011110001>
      1     2     2       0.2656     -74.5700970824            7.3566455780
      2     2     4       0.1996     -74.6417900880            5.4057839336
      3     2    16       0.0652     -74.7165866196            3.3704712352
      4     2    18       0.0000     -74.7286298731            3.0427583557
 -------------------------------------------------------------------------------------
   Root #    a.u.       eV       <S^2>    Wavefunction
 -------------------------------------------------------------------------------------
     1  -74.759601    2.200001   0.00  - 0.18459|110110110110> + 0.12955|110110111001> + 0.25675|110111101100> - 0.60820|110111111000> + 0.12955|111001110110> - 0.18459|111001111001> - 0.25675|111011011100> + 0.60820|111011110100>
     2  -74.728630    3.042758   0.00  + 0.23870|110110110011> + 0.12605|110110111100> - 0.16253|110111100110> + 0.19630|110111101001> - 0.59970|110111110010> - 0.23870|111001110011> - 0.12605|111001111100> + 0.19630|111011010110> - 0.16253|111011011001> + 0.59970|111011110001>

 qEOM-Davidson calculation: 133.28 s
 =====================================================================================

*****************************************************
*           Start qEOM-DAVIDSON algorithm           *
*          Yongbin Kim and Anna I. Krylov           *
*****************************************************
 -------------------------------------------------------------------------------------
      Iter  Root  NVecs  ResNorm     Total energy (a.u.)    Excitation energy (eV.)
 -------------------------------------------------------------------------------------
 Initial guess vectors
 |b1> =  + 0.70711|110111111000> + 0.70711|111011110100>
      1     1     2       0.1972     -74.6746580962            4.5114018954
      2     1     4       0.1584     -74.7100450474            3.5484760797
      3     1     6       0.0798     -74.7422459543            2.6722467519
      4     1     8       0.0811     -74.7541096272            2.3494204970
      5     1    10       0.0337     -74.7646238158            2.0633154973
      6     1    12       0.0141     -74.7668807706            2.0019007687
      7     1    14       0.0099     -74.7669901032            1.9989256829
      8     1    16       0.0000     -74.7670136762            1.9982842305
 Initial guess vectors
 |b2> =  + 0.70711|111111011000> + 0.70711|111111100100>
      1     3     2       0.1954     -74.6353302291            5.5815652519
      2     3     4       0.0495     -74.7408640349            2.7098506081
      3     3     6       0.0338     -74.7421378255            2.6751890778
      4     3     8       0.0209     -74.7435995865            2.6354126264
      5     3    10       0.0174     -74.7439717204            2.6252863702
      6     3    12       0.0099     -74.7441628752            2.6200847933
      7     3    14       0.0078     -74.7441738573            2.6197859565
      8     3    16       0.0051     -74.7441981231            2.6191256514
      9     3    18       0.0026     -74.7441982475            2.6191222674
     10     3    20       0.0000     -74.7441982475            2.6191222674
 -------------------------------------------------------------------------------------
   Root #    a.u.       eV       <S^2>    Wavefunction
 -------------------------------------------------------------------------------------
     1  -74.767014    1.998284   2.00  + 0.11177|110110110110> - 0.17586|110110111001> - 0.13176|110111100011> - 0.17631|110111101100> + 0.63725|110111111000> + 0.17586|111001110110> - 0.11177|111001111001> - 0.13176|111011010011> - 0.17631|111011011100> + 0.63725|111011110100>
     2  -74.744198    2.619122   2.00  + 0.41331|111101110010> + 0.41331|111110110001> + 0.57015|111111011000> + 0.57015|111111100100>

 qEOM-Davidson calculation: 238.42 s
 =====================================================================================

Singlet
Total Energy
0.50 -73.1375019374 -72.0851687555 -72.0596471206
0.60 -74.1460612818 -73.2048143543 -73.1559839561
0.70 -74.6435661330 -73.8453643285 -73.7709058462
0.80 -74.8828950842 -74.2292523158 -74.1283567635
0.90 -74.9875962886 -74.4636730434 -74.3743957394
1.00 -75.0197661971 -74.6058229472 -74.5262951516
1.10 -75.0125462490 -74.6889552923 -74.6172548940
1.20 -74.9850431348 -74.7341168048 -74.6705631449
1.30 -74.9486884405 -74.7561096098 -74.7004116623
1.40 -74.9101934067 -74.7635878021 -74.7169356836
1.50 -74.8733950041 -74.7626132065 -74.7243280759
1.60 -74.8404494337 -74.7596007160 -74.7286298731

Excitation Energy
0.50  28.6353797671  29.3298572573
0.60  25.6125756461  26.9413154580
0.70  21.7201283749  23.7462423042
0.80  17.7864855241  20.5319871455
0.90  14.2566454763  16.6859991722
1.00  11.2639441269  13.4280007851
1.10   8.8053385516  10.7564013627
1.20   6.8280378065   8.5574170760
1.30   5.2403250672   6.7559399928
1.40   3.9893326894   5.2587986298
1.50   3.0145194501   4.0563085658
1.60   2.2000006978   3.0427583557

Triplet
Total Energy
0.50 -73.1375019374 -72.1677577460 -72.0873792432
0.60 -74.1460612818 -73.2877076102 -73.1934395565
0.70 -74.6435661330 -73.9241714885 -73.8210305140
0.80 -74.8828950842 -74.3011232378 -74.1940721681
0.90 -74.9875962886 -74.5281154809 -74.4214335358
1.00 -75.0197661971 -74.6616911146 -74.5623064885
1.10 -75.0125462490 -74.7360490455 -74.6509415647
1.20 -74.9850431348 -74.7727009588 -74.7010422762
1.30 -74.9486884405 -74.7865277876 -74.7271670972
1.40 -74.9101934067 -74.7863719898 -74.7377980942
1.50 -74.8733950041 -74.7771156018 -74.7427258179
1.60 -74.8404494337 -74.7670136762 -74.7441982475

Excitation Energy
0.50  26.3880239418  28.5752294685
0.60  23.3569403548  25.9220989598
0.70  19.5756811664  22.3822837004
0.80  15.8307825379  18.7437839434
0.90  12.5030813918  15.4060384266
1.00   9.7436972888  12.4480846087
1.10   7.5238551494   9.8397424330
1.20   5.7781118712   7.7280395415
1.30   4.4126061569   6.0278891694
1.40   3.3693447638   4.6911048020
1.50   2.6198900661   3.5556816386
1.60   1.9982842305   2.6191222674
