 ---------------------------------------------------------
                                                          
                      Using Pyscf:
                                                          
 ---------------------------------------------------------
                                                          
converged SCF energy = -73.1242343884682

System and Method:

        O
        H   1   0.5
        H   1   0.5   2   104.5
        
Basis set                                      :       sto3g
Number of Orbitals                             :         7
Number of electrons                            :        10
Nuclear Repulsion                              :   17.6029311375 
Electronic SCF energy                          :  -90.7271655259 
SCF Energy                                     :  -73.1242343885
 AO->MO
 NElectrons:    4    4
 ecore: -62.68400057
 ERIs in the active-space:
(6, 6, 6, 6)    0.01036800 Mb
 HF Energy: -73.12423439
r = 0.50
*****************************************************
*              Start ADAPT-VQE algorithm            *
* Grimsley, H.R., Economou, S.E., Barnes, E. et al. *
*              Nat Commun 10, 3007 (2019).          *
*     https://doi.org/10.1038/s41467-019-10988-2    *
*       https://github.com/asthanaa/adapt-vqe       *
*****************************************************
 ------------------------------------------------
      Iter   Energy (a.u.)  Gnorm      <S^2>     
 ------------------------------------------------
      1     -73.12887191     0.323      0.00
      2     -73.13129873     0.259      0.00
      3     -73.13327333     0.219      0.00
      4     -73.13462044     0.168      0.00
      5     -73.13520383     0.138      0.00
      6     -73.13605850     0.121     -0.00
      7     -73.13637292     0.104      0.00
      8     -73.13683420     0.087      0.00
      9     -73.13719112     0.069     -0.00
     10     -73.13727675     0.051      0.00
     11     -73.13734913     0.045      0.00
     12     -73.13741970     0.039      0.00
     13     -73.13744932     0.035     -0.00
     14     -73.13748047     0.031     -0.00
     15     -73.13749455     0.028     -0.00
     16     -73.13750181     0.016     -0.00
     17     -73.13750194     0.002      0.00
     18     -73.13750194*    0.001      0.00
 ------------------------------------------------
 SCF energy                   = -73.12423439
 ADAPT-VQE correlation energy = -0.01326755
 ADAPT-VQE energy             = -73.13750194

 ADAPT-VQE calculation: 823.99 s
 ================================================

*****************************************************
*           Start qEOM-DAVIDSON algorithm           *
*          Yongbin Kim and Anna I. Krylov           *
*****************************************************
--------------------------------------------------------------------------------
     Iter   NVecs  ResNorm     Total energy (a.u.)   
--------------------------------------------------------------------------------
 Initial guess vectors
 |b1> =  - 0.70711|111111011000> + 0.70711|111111100100>
 |b2> =  - 0.70711|111101111000> + 0.70711|111110110100>
     1      2      0.3402    -72.0604871218    -72.0312271821
     2      4      0.0535    -72.0851177372    -72.0589784907
     3      6      0.0132    -72.0853739051    -72.0597265477
     4      8      0.0075    -72.0853823842    -72.0598034493
     5      9      0.0018    -72.0853823842    -72.0598267684
     6     10      0.0000    -72.0853823842    -72.0598282457
 -------------------------------------------------------------------------------------
   Root #    a.u.       eV       <S^2>    Wavefunction
 -------------------------------------------------------------------------------------
     1  -72.085382   28.629567   0.00  + 0.70310|111111011000> - 0.70310|111111100100>
     2  -72.059828   29.324929   0.00  + 0.70227|111101111000> - 0.70227|111110110100>

 qEOM-Davidson calculation: 2.02 s
 =====================================================================================

*****************************************************
*           Start qEOM-DAVIDSON algorithm           *
*          Yongbin Kim and Anna I. Krylov           *
*****************************************************
--------------------------------------------------------------------------------
     Iter   NVecs  ResNorm     Total energy (a.u.)   
--------------------------------------------------------------------------------
 Initial guess vectors
 |b1> =  + 0.70711|111111011000> + 0.70711|111111100100>
 |b2> =  + 0.70711|111101111000> + 0.70711|111110110100>
     1      2      0.2663    -72.1558605651    -72.0648400194
     2      4      0.0466    -72.1677396171    -72.0864213690
     3      6      0.0157    -72.1677785337    -72.0873060686
     4      8      0.0029    -72.1677849915    -72.0874829185
     5      9      0.0000    -72.1677849915    -72.0874871441
 -------------------------------------------------------------------------------------
   Root #    a.u.       eV       <S^2>    Wavefunction
 -------------------------------------------------------------------------------------
     1  -72.167785   26.387283   2.00  - 0.70505|111111011000> - 0.70505|111111100100>
     2  -72.087487   28.572293   2.00  + 0.70300|111101111000> + 0.70300|111110110100>

 qEOM-Davidson calculation: 1.27 s
 =====================================================================================

 ---------------------------------------------------------
                                                          
                      Using Pyscf:
                                                          
 ---------------------------------------------------------
                                                          
converged SCF energy = -74.127556797815

System and Method:

        O
        H   1   0.6
        H   1   0.6   2   104.5
        
Basis set                                      :       sto3g
Number of Orbitals                             :         7
Number of electrons                            :        10
Nuclear Repulsion                              :   14.6691092812 
Electronic SCF energy                          :  -88.7966660790 
SCF Energy                                     :  -74.1275567978
 AO->MO
 NElectrons:    4    4
 ecore: -61.97854573
 ERIs in the active-space:
(6, 6, 6, 6)    0.01036800 Mb
 HF Energy: -74.12755680
r = 0.60
*****************************************************
*              Start ADAPT-VQE algorithm            *
* Grimsley, H.R., Economou, S.E., Barnes, E. et al. *
*              Nat Commun 10, 3007 (2019).          *
*     https://doi.org/10.1038/s41467-019-10988-2    *
*       https://github.com/asthanaa/adapt-vqe       *
*****************************************************
 ------------------------------------------------
      Iter   Energy (a.u.)  Gnorm      <S^2>     
 ------------------------------------------------
      1     -74.13335215     0.357      0.00
      2     -74.13694221     0.296      0.00
      3     -74.13979037     0.251      0.00
      4     -74.14127796     0.193      0.00
      5     -74.14208064     0.168      0.00
      6     -74.14294604     0.150      0.00
      7     -74.14376777     0.134      0.00
      8     -74.14472482     0.116      0.00
      9     -74.14512582     0.098      0.00
     10     -74.14571139     0.078      0.00
     11     -74.14587767     0.051      0.00
     12     -74.14596433     0.043      0.00
     13     -74.14600858     0.038     -0.00
     14     -74.14602561     0.033      0.00
     15     -74.14603799     0.022     -0.00
     16     -74.14604160     0.010     -0.00
     17     -74.14604672     0.009      0.00
     18     -74.14606128     0.001     -0.00
     19     -74.14606128*    0.001     -0.00
 ------------------------------------------------
 SCF energy                   = -74.12755680
 ADAPT-VQE correlation energy = -0.01850448
 ADAPT-VQE energy             = -74.14606128

 ADAPT-VQE calculation: 928.84 s
 ================================================

*****************************************************
*           Start qEOM-DAVIDSON algorithm           *
*          Yongbin Kim and Anna I. Krylov           *
*****************************************************
--------------------------------------------------------------------------------
     Iter   NVecs  ResNorm     Total energy (a.u.)   
--------------------------------------------------------------------------------
 Initial guess vectors
 |b1> =  - 0.70711|111111011000> + 0.70711|111111100100>
 |b2> =  - 0.70711|111101111000> + 0.70711|111110110100>
     1      2      0.3132    -73.1795198817    -73.1270772285
     2      4      0.0690    -73.2042472446    -73.1542756288
     3      6      0.0209    -73.2048141945    -73.1557049609
     4      8      0.0126    -73.2048251765    -73.1559761590
     5      9      0.0028    -73.2048251765    -73.1560463339
     6     10      0.0014    -73.2048251765    -73.1560513735
     7     11      0.0000    -73.2048251765    -73.1560524438
 -------------------------------------------------------------------------------------
   Root #    a.u.       eV       <S^2>    Wavefunction
 -------------------------------------------------------------------------------------
     1  -73.204825   25.612281   0.00  + 0.70228|111111011000> - 0.70228|111111100100>
     2  -73.156052   26.939452   0.00  - 0.70089|111101111000> + 0.70089|111110110100>

 qEOM-Davidson calculation: 2.16 s
 =====================================================================================

*****************************************************
*           Start qEOM-DAVIDSON algorithm           *
*          Yongbin Kim and Anna I. Krylov           *
*****************************************************
--------------------------------------------------------------------------------
     Iter   NVecs  ResNorm     Total energy (a.u.)   
--------------------------------------------------------------------------------
 Initial guess vectors
 |b1> =  + 0.70711|111111011000> + 0.70711|111111100100>
 |b2> =  + 0.70711|111101111000> + 0.70711|111110110100>
     1      2      0.2321    -73.2763952615    -73.1738469786
     2      4      0.0498    -73.2877624714    -73.1922234136
     3      6      0.0169    -73.2878024086    -73.1934380683
     4      8      0.0050    -73.2878059130    -73.1936836326
     5      9      0.0030    -73.2878059130    -73.1937059510
     6     10      0.0014    -73.2878059130    -73.1937132946
     7     11      0.0000    -73.2878059130    -73.1937144659
 -------------------------------------------------------------------------------------
   Root #    a.u.       eV       <S^2>    Wavefunction
 -------------------------------------------------------------------------------------
     1  -73.287806   23.354265   2.00  - 0.70475|111111011000> - 0.70475|111111100100>
     2  -73.193714   25.914618   2.00  + 0.70264|111101111000> + 0.70264|111110110100>

 qEOM-Davidson calculation: 1.85 s
 =====================================================================================

 ---------------------------------------------------------

                      Using Pyscf:

 ---------------------------------------------------------

converged SCF energy = -74.6187442139411

System and Method:

        O
        H   1   0.7
        H   1   0.7   2   104.5

Basis set                                      :       sto3g
Number of Orbitals                             :         7
Number of electrons                            :        10
Nuclear Repulsion                              :   12.5735222410
Electronic SCF energy                          :  -87.1922664550
SCF Energy                                     :  -74.6187442139
 AO->MO
 NElectrons:    4    4
 ecore: -61.47462988
 ERIs in the active-space:
(6, 6, 6, 6)    0.01036800 Mb
 HF Energy: -74.61874421
r = 0.70
*****************************************************
*              Start ADAPT-VQE algorithm            *
* Grimsley, H.R., Economou, S.E., Barnes, E. et al. *
*              Nat Commun 10, 3007 (2019).          *
*     https://doi.org/10.1038/s41467-019-10988-2    *
*       https://github.com/asthanaa/adapt-vqe       *
*****************************************************
 ------------------------------------------------
      Iter   Energy (a.u.)  Gnorm      <S^2>
 ------------------------------------------------
      1     -74.62594268     0.385      0.00
      2     -74.63056328     0.325      0.00
      3     -74.63404084     0.279      0.00
      4     -74.63565538     0.222      0.00
      5     -74.63744983     0.203      0.00
      6     -74.63919366     0.179      0.00
      7     -74.64039771     0.152      0.00
      8     -74.64131465     0.133      0.00
      9     -74.64182429     0.110     -0.00
     10     -74.64283095     0.089      0.00
     11     -74.64323251     0.065     -0.00
     12     -74.64333566     0.051      0.00
     13     -74.64342498     0.046     -0.00
     14     -74.64347895     0.042      0.00
     15     -74.64350039     0.038     -0.00
     16     -74.64351491     0.028      0.00
     17     -74.64353530     0.017     -0.00
     18     -74.64355047     0.002      0.00
     19     -74.64355768     0.001     -0.00
     20     -74.64356613     0.001     -0.00
     21     -74.64357098     0.001     -0.00
     22     -74.64357445     0.001      0.00
     23     -74.64357478     0.000      0.00
     24     -74.64357478*    0.000      0.00
 ------------------------------------------------
 SCF energy                   = -74.61874421
 ADAPT-VQE correlation energy = -0.02483057
 ADAPT-VQE energy             = -74.64357478

 ADAPT-VQE calculation: 1830.57 s
 ================================================

*****************************************************
*           Start qEOM-DAVIDSON algorithm           *
*          Yongbin Kim and Anna I. Krylov           *
*****************************************************
--------------------------------------------------------------------------------
     Iter   NVecs  ResNorm     Total energy (a.u.)
--------------------------------------------------------------------------------
 Initial guess vectors
 |b1> =  - 0.70711|111111011000> + 0.70711|111111100100>
 |b2> =  - 0.70711|111101111000> + 0.70711|111110110100>
     1      2      0.3028    -73.8169363545    -73.7364330646
     2      4      0.0894    -73.8443878696    -73.7674114798
     3      6      0.0292    -73.8453852451    -73.7702553313
     4      8      0.0177    -73.8454064674    -73.7708472041
     5     10      0.0044    -73.8454085264    -73.7710109925
     6     11      0.0021    -73.8454085264    -73.7710275314
     7     12      0.0000    -73.8454085264    -73.7710297417
 -------------------------------------------------------------------------------------
   Root #    a.u.       eV       <S^2>    Wavefunction
 -------------------------------------------------------------------------------------
     1  -73.845409   21.719161   0.00  + 0.70041|111111011000> - 0.70041|111111100100>
     2  -73.771030   23.743106   0.00  + 0.69744|111101111000> - 0.69744|111110110100>

 qEOM-Davidson calculation: 1.87 s
 =====================================================================================

*****************************************************
*           Start qEOM-DAVIDSON algorithm           *
*          Yongbin Kim and Anna I. Krylov           *
*****************************************************
--------------------------------------------------------------------------------
     Iter   NVecs  ResNorm     Total energy (a.u.)
--------------------------------------------------------------------------------
 Initial guess vectors
 |b1> =  + 0.70711|111111011000> + 0.70711|111111100100>
 |b2> =  + 0.70711|111101111000> + 0.70711|111110110100>
     1      2      0.2123    -73.9114091473    -73.8020428474
     2      4      0.0533    -73.9241863931    -73.8187209923
     3      6      0.0208    -73.9242655362    -73.8204026816
     4      8      0.0103    -73.9242689333    -73.8209217812
     5      9      0.0052    -73.9242689333    -73.8210371170
     6     10      0.0017    -73.9242689333    -73.8210588601
     7     11      0.0000    -73.9242689333    -73.8210606154
 -------------------------------------------------------------------------------------
   Root #    a.u.       eV       <S^2>    Wavefunction
 -------------------------------------------------------------------------------------
     1  -73.924269   19.573265   2.00  - 0.70390|111111011000> - 0.70390|111111100100>
     2  -73.821061   22.381700   2.00  + 0.70125|111101111000> + 0.70125|111110110100>

 qEOM-Davidson calculation: 1.50 s
 =====================================================================================

 ---------------------------------------------------------
                                                          
                      Using Pyscf:
                                                          
 ---------------------------------------------------------
                                                          
converged SCF energy = -74.8502270638327

System and Method:

        O
        H   1   0.8
        H   1   0.8   2   104.5
        
Basis set                                      :       sto3g
Number of Orbitals                             :         7
Number of electrons                            :        10
Nuclear Repulsion                              :   11.0018319609 
Electronic SCF energy                          :  -85.8520590247 
SCF Energy                                     :  -74.8502270638
 AO->MO
 NElectrons:    4    4
 ecore: -61.09664407
 ERIs in the active-space:
(6, 6, 6, 6)    0.01036800 Mb
 HF Energy: -74.85022706
r = 0.80
*****************************************************
*              Start ADAPT-VQE algorithm            *
* Grimsley, H.R., Economou, S.E., Barnes, E. et al. *
*              Nat Commun 10, 3007 (2019).          *
*     https://doi.org/10.1038/s41467-019-10988-2    *
*       https://github.com/asthanaa/adapt-vqe       *
*****************************************************
 ------------------------------------------------
      Iter   Energy (a.u.)  Gnorm      <S^2>     
 ------------------------------------------------
      1     -74.85916245     0.409      0.00
      2     -74.86456898     0.347      0.00
      3     -74.86845013     0.305      0.00
      4     -74.87214448     0.253      0.00
      5     -74.87485397     0.221      0.00
      6     -74.87699396     0.190      0.00
      7     -74.87873530     0.163      0.00
      8     -74.87967219     0.141      0.00
      9     -74.88031035     0.122     -0.00
     10     -74.88132028     0.102     -0.00
     11     -74.88228441     0.082     -0.00
     12     -74.88256565     0.061      0.00
     13     -74.88268732     0.052     -0.00
     14     -74.88274690     0.048      0.00
     15     -74.88281799     0.045      0.00
     16     -74.88283685     0.026     -0.00
     17     -74.88284373     0.014      0.00
     18     -74.88286344     0.002     -0.00
     19     -74.88287444     0.002      0.00
     20     -74.88288695     0.001      0.00
     21     -74.88289508     0.001      0.00
     22     -74.88289508*    0.001      0.00
 ------------------------------------------------
 SCF energy                   = -74.85022706
 ADAPT-VQE correlation energy = -0.03266802
 ADAPT-VQE energy             = -74.88289508

 ADAPT-VQE calculation: 1774.33 s
 ================================================

*****************************************************
*           Start qEOM-DAVIDSON algorithm           *
*          Yongbin Kim and Anna I. Krylov           *
*****************************************************
--------------------------------------------------------------------------------
     Iter   NVecs  ResNorm     Total energy (a.u.)   
--------------------------------------------------------------------------------
 Initial guess vectors
 |b1> =  - 0.70711|111111011000> + 0.70711|111111100100>
 |b2> =  - 0.70711|111101111000> + 0.70711|111110110100>
     1      2      0.3094    -74.1951347657    -74.0829996617
     2      4      0.1071    -74.2277862816    -74.1223967104
     3      6      0.0363    -74.2292154598    -74.1272171467
     4      8      0.0217    -74.2292586947    -74.1281580805
     5     10      0.0063    -74.2292643846    -74.1284667106
     6     11      0.0028    -74.2292643846    -74.1284990942
     7     12      0.0000    -74.2292643846    -74.1285041124
 -------------------------------------------------------------------------------------
   Root #    a.u.       eV       <S^2>    Wavefunction
 -------------------------------------------------------------------------------------
     1  -74.229264   17.786157   0.00  + 0.69758|111111011000> - 0.69758|111111100100>
     2  -74.128504   20.527978   0.00  - 0.69141|111101111000> + 0.69141|111110110100>

 qEOM-Davidson calculation: 2.29 s
 =====================================================================================

*****************************************************
*           Start qEOM-DAVIDSON algorithm           *
*          Yongbin Kim and Anna I. Krylov           *
*****************************************************
--------------------------------------------------------------------------------
     Iter   NVecs  ResNorm     Total energy (a.u.)   
--------------------------------------------------------------------------------
 Initial guess vectors
 |b1> =  + 0.70711|111111011000> + 0.70711|111111100100>
 |b2> =  + 0.70711|111101111000> + 0.70711|111110110100>
     1      2      0.2218    -74.2839848729    -74.1705009004
     2      4      0.0594    -74.3013978776    -74.1901474812
     3      6      0.0279    -74.3014793982    -74.1927201976
     4      8      0.0151    -74.3014823598    -74.1940092709
     5      9      0.0060    -74.3014823598    -74.1942442103
     6     10      0.0017    -74.3014823598    -74.1942731348
     7     11      0.0000    -74.3014823598    -74.1942752329
 -------------------------------------------------------------------------------------
   Root #    a.u.       eV       <S^2>    Wavefunction
 -------------------------------------------------------------------------------------
     1  -74.301482   15.821010   2.00  - 0.70204|111111011000> - 0.70204|111111100100>
     2  -74.194275   18.738258   2.00  + 0.69712|111101111000> + 0.69712|111110110100>

 qEOM-Davidson calculation: 1.79 s
 =====================================================================================

 ---------------------------------------------------------

                      Using Pyscf:

 ---------------------------------------------------------

converged SCF energy = -74.945021008549

System and Method:

        O
        H   1   0.9
        H   1   0.9   2   104.5

Basis set                                      :       sto3g
Number of Orbitals                             :         7
Number of electrons                            :        10
Nuclear Repulsion                              :    9.7794061875
Electronic SCF energy                          :  -84.7244271960
SCF Energy                                     :  -74.9450210085
 AO->MO
 NElectrons:    4    4
 ecore: -60.80261174
 ERIs in the active-space:
(6, 6, 6, 6)    0.01036800 Mb
 HF Energy: -74.94502101
r = 0.90
*****************************************************
*              Start ADAPT-VQE algorithm            *
* Grimsley, H.R., Economou, S.E., Barnes, E. et al. *
*              Nat Commun 10, 3007 (2019).          *
*     https://doi.org/10.1038/s41467-019-10988-2    *
*       https://github.com/asthanaa/adapt-vqe       *
*****************************************************
 ------------------------------------------------
      Iter   Energy (a.u.)  Gnorm      <S^2>
 ------------------------------------------------
      1     -74.95612347     0.431      0.00
      2     -74.96199033     0.368      0.00
      3     -74.96607255     0.331      0.00
      4     -74.97304553     0.285      0.00
      5     -74.97675517     0.239      0.00
      6     -74.97943112     0.204      0.00
      7     -74.98184462     0.177      0.00
      8     -74.98402413     0.153      0.00
      9     -74.98477477     0.130      0.00
     10     -74.98567339     0.111      0.00
     11     -74.98659657     0.088     -0.00
     12     -74.98715636     0.072     -0.00
     13     -74.98729807     0.059      0.00
     14     -74.98745945     0.055      0.00
     15     -74.98751222     0.023      0.00
     16     -74.98752799     0.018      0.00
     17     -74.98752863     0.004      0.00
     18     -74.98756829     0.003     -0.00
     19     -74.98758472     0.002     -0.00
     20     -74.98758812     0.001     -0.00
     21     -74.98759313     0.001      0.00
     22     -74.98759629     0.001     -0.00
     23     -74.98759629*    0.001     -0.00
 ------------------------------------------------
 SCF energy                   = -74.94502101
 ADAPT-VQE correlation energy = -0.04257528
 ADAPT-VQE energy             = -74.98759629

 ADAPT-VQE calculation: 1302.42 s
 ================================================

*****************************************************
*           Start qEOM-DAVIDSON algorithm           *
*          Yongbin Kim and Anna I. Krylov           *
*****************************************************
--------------------------------------------------------------------------------
     Iter   NVecs  ResNorm     Total energy (a.u.)
--------------------------------------------------------------------------------
 Initial guess vectors
 |b1> =  - 0.70711|111111011000> + 0.70711|111111100100>
 |b2> =  - 0.70711|111111010010> + 0.70711|111111100001>
     1      2      0.3007    -74.4190300323    -74.3360759671
     2      4      0.0823    -74.4616129368    -74.3718073544
     3      6      0.0141    -74.4636587722    -74.3743940038
     4      8      0.0041    -74.4637391361    -74.3744818703
     5     10      0.0000    -74.4637474605    -74.3744857391
 -------------------------------------------------------------------------------------
   Root #    a.u.       eV       <S^2>    Wavefunction
 -------------------------------------------------------------------------------------
     1  -74.463747   14.254620   0.00  + 0.69288|111111011000> - 0.69288|111111100100>
     2  -74.374486   16.683550   0.00  + 0.69379|111111010010> - 0.69379|111111100001>

 qEOM-Davidson calculation: 1.19 s
 =====================================================================================

*****************************************************
*           Start qEOM-DAVIDSON algorithm           *
*          Yongbin Kim and Anna I. Krylov           *
*****************************************************
--------------------------------------------------------------------------------
     Iter   NVecs  ResNorm     Total energy (a.u.)
--------------------------------------------------------------------------------
 Initial guess vectors
 |b1> =  + 0.70711|111111011000> + 0.70711|111111100100>
 |b2> =  + 0.70711|111101111000> + 0.70711|111110110100>
     1      2      0.2470    -74.5024138111    -74.3891629510
     2      4      0.0700    -74.5279702133    -74.4149021683
     3      6      0.0357    -74.5281924818    -74.4189415530
     4      8      0.0139    -74.5282075573    -74.4217256580
     5      9      0.0053    -74.5282075573    -74.4219310187
     6     10      0.0012    -74.5282075573    -74.4219513096
     7     11      0.0000    -74.5282075573    -74.4219526888
 -------------------------------------------------------------------------------------
   Root #    a.u.       eV       <S^2>    Wavefunction
 -------------------------------------------------------------------------------------
     1  -74.528208   12.500576   2.00  - 0.69867|111111011000> - 0.69867|111111100100>
     2  -74.421953   15.391912   2.00  - 0.11798|110111110010> - 0.11798|111011110001> - 0.68967|111101111000> - 0.68967|111110110100>

 qEOM-Davidson calculation: 1.46 s
 =====================================================================================

 ---------------------------------------------------------

                      Using Pyscf:

 ---------------------------------------------------------

converged SCF energy = -74.9646625391305

System and Method:

        O
        H   1   1.0
        H   1   1.0   2   104.5

Basis set                                      :       sto3g
Number of Orbitals                             :         7
Number of electrons                            :        10
Nuclear Repulsion                              :    8.8014655687
Electronic SCF energy                          :  -83.7661281079
SCF Energy                                     :  -74.9646625391
 AO->MO
 NElectrons:    4    4
 ecore: -60.56735821
 ERIs in the active-space:
(6, 6, 6, 6)    0.01036800 Mb
 HF Energy: -74.96466254
r = 1.00
*****************************************************
*              Start ADAPT-VQE algorithm            *
* Grimsley, H.R., Economou, S.E., Barnes, E. et al. *
*              Nat Commun 10, 3007 (2019).          *
*     https://doi.org/10.1038/s41467-019-10988-2    *
*       https://github.com/asthanaa/adapt-vqe       *
*****************************************************
 ------------------------------------------------
      Iter   Energy (a.u.)  Gnorm      <S^2>
 ------------------------------------------------
      1     -74.97848784     0.453      0.00
      2     -74.99040686     0.386      0.00
      3     -74.99630093     0.346      0.00
      4     -75.00036585     0.303      0.00
      5     -75.00491206     0.256      0.00
      6     -75.01008131     0.220      0.00
      7     -75.01294670     0.179      0.00
      8     -75.01582408     0.158      0.00
      9     -75.01670900     0.132      0.00
     10     -75.01745220     0.112      0.00
     11     -75.01830621     0.095      0.00
     12     -75.01915974     0.083     -0.00
     13     -75.01946529     0.068      0.00
     14     -75.01962521     0.027     -0.00
     15     -75.01966867     0.019      0.00
     16     -75.01967399     0.015     -0.00
     17     -75.01968124     0.011      0.00
     18     -75.01970474     0.004     -0.00
     19     -75.01973670     0.003     -0.00
     20     -75.01975235     0.002     -0.00
     21     -75.01975551     0.001      0.00
     22     -75.01976343     0.001     -0.00
     23     -75.01976620     0.001     -0.00
     24     -75.01977024     0.001      0.00
     25     -75.01977372     0.001     -0.00
     26     -75.01977686     0.000     -0.00
     27     -75.01977776     0.000      0.00
     28     -75.01977806     0.000     -0.00
     29     -75.01977817     0.000     -0.00
     30     -75.01977817*    0.000     -0.00
 ------------------------------------------------
 SCF energy                   = -74.96466254
 ADAPT-VQE correlation energy = -0.05511563
 ADAPT-VQE energy             = -75.01977817

 ADAPT-VQE calculation: 3381.11 s
 ================================================

*****************************************************
*           Start qEOM-DAVIDSON algorithm           *
*          Yongbin Kim and Anna I. Krylov           *
*****************************************************
--------------------------------------------------------------------------------
     Iter   NVecs  ResNorm     Total energy (a.u.)
--------------------------------------------------------------------------------
 Initial guess vectors
 |b1> =  - 0.70711|111111011000> + 0.70711|111111100100>
 |b2> =  - 0.70711|111111010010> + 0.70711|111111100001>
     1      2      0.3017    -74.5536250213    -74.4774062670
     2      4      0.0862    -74.6032155272    -74.5232860303
     3      6      0.0181    -74.6057559689    -74.5261912808
     4      8      0.0058    -74.6059245224    -74.5263483100
     5     10      0.0014    -74.6059437973    -74.5263566082
     6     11      0.0000    -74.6059457857    -74.5263566082
 -------------------------------------------------------------------------------------
   Root #    a.u.       eV       <S^2>    Wavefunction
 -------------------------------------------------------------------------------------
     1  -74.605946   11.260927   0.00  + 0.68709|111111011000> - 0.68709|111111100100>
     2  -74.526357   13.426654   0.00  + 0.68716|111111010010> - 0.68716|111111100001>

 qEOM-Davidson calculation: 1.37 s
 =====================================================================================

*****************************************************
*           Start qEOM-DAVIDSON algorithm           *
*          Yongbin Kim and Anna I. Krylov           *
*****************************************************
--------------------------------------------------------------------------------
     Iter   NVecs  ResNorm     Total energy (a.u.)
--------------------------------------------------------------------------------
 Initial guess vectors
 |b1> =  + 0.70711|111111011000> + 0.70711|111111100100>
 |b2> =  + 0.70711|111111010010> + 0.70711|111111100001>
     1      2      0.2481    -74.6292444413    -74.5264521500
     2      4      0.0719    -74.6613239231    -74.5581499985
     3      6      0.0131    -74.6618045573    -74.5623369625
     4      8      0.0027    -74.6618463268    -74.5624913012
     5     10      0.0000    -74.6618489323    -74.5624978540
 -------------------------------------------------------------------------------------
   Root #    a.u.       eV       <S^2>    Wavefunction
 -------------------------------------------------------------------------------------
     1  -74.661849    9.739729   2.00  - 0.69457|111111011000> - 0.69457|111111100100>
     2  -74.562498   12.443203   2.00  - 0.69165|111111010010> - 0.69165|111111100001>

 qEOM-Davidson calculation: 1.11 s
 =====================================================================================

 ---------------------------------------------------------

                      Using Pyscf:

 ---------------------------------------------------------

converged SCF energy = -74.9418025664523

System and Method:

        O
        H   1   1.1
        H   1   1.1   2   104.5

Basis set                                      :       sto3g
Number of Orbitals                             :         7
Number of electrons                            :        10
Nuclear Repulsion                              :    8.0013323352
Electronic SCF energy                          :  -82.9431349017
SCF Energy                                     :  -74.9418025665
 AO->MO
 NElectrons:    4    4
 ecore: -60.37486208
 ERIs in the active-space:
(6, 6, 6, 6)    0.01036800 Mb
 HF Energy: -74.94180257
r = 1.10
*****************************************************
*              Start ADAPT-VQE algorithm            *
* Grimsley, H.R., Economou, S.E., Barnes, E. et al. *
*              Nat Commun 10, 3007 (2019).          *
*     https://doi.org/10.1038/s41467-019-10988-2    *
*       https://github.com/asthanaa/adapt-vqe       *
*****************************************************
 ------------------------------------------------
      Iter   Energy (a.u.)  Gnorm      <S^2>
 ------------------------------------------------
      1     -74.95905282     0.475      0.00
      2     -74.97772212     0.404      0.00
      3     -74.98321486     0.351      0.00
      4     -74.98716948     0.314      0.00
      5     -74.99222557     0.272      0.00
      6     -75.00136776     0.237      0.00
      7     -75.00487273     0.180      0.00
      8     -75.00833251     0.159      0.00
      9     -75.00934087     0.135      0.00
     10     -75.01034023     0.114      0.00
     11     -75.01092628     0.105      0.00
     12     -75.01168888     0.091     -0.00
     13     -75.01218333     0.080     -0.00
     14     -75.01235790     0.037     -0.00
     15     -75.01240013     0.031     -0.00
     16     -75.01243260     0.012      0.00
     17     -75.01245760     0.005      0.00
     18     -75.01248813     0.004      0.00
     19     -75.01249886     0.010     -0.00
     20     -75.01250839     0.003      0.00
     21     -75.01251986     0.002      0.00
     22     -75.01252627     0.002      0.00
     23     -75.01253558     0.001     -0.00
     24     -75.01253992     0.001     -0.00
     25     -75.01254625     0.001      0.00
     26     -75.01254625*    0.001      0.00
 ------------------------------------------------
 SCF energy                   = -74.94180257
 ADAPT-VQE correlation energy = -0.07074368
 ADAPT-VQE energy             = -75.01254625

 ADAPT-VQE calculation: 1679.29 s
 ================================================

*****************************************************
*           Start qEOM-DAVIDSON algorithm           *
*          Yongbin Kim and Anna I. Krylov           *
*****************************************************
--------------------------------------------------------------------------------
     Iter   NVecs  ResNorm     Total energy (a.u.)
--------------------------------------------------------------------------------
 Initial guess vectors
 |b1> =  - 0.70711|111111011000> + 0.70711|111111100100>
 |b2> =  - 0.70711|111111010010> + 0.70711|111111100001>
     1      2      0.3051    -74.6258026681    -74.5570801744
     2      4      0.0767    -74.6856505379    -74.6153319618
     3      6      0.0216    -74.6886697567    -74.6171419239
     4      8      0.0058    -74.6889651221    -74.6173703960
     5     10      0.0021    -74.6889910409    -74.6173758292
     6     11      0.0000    -74.6889947944    -74.6173758292
 -------------------------------------------------------------------------------------
   Root #    a.u.       eV       <S^2>    Wavefunction
 -------------------------------------------------------------------------------------
     1  -74.688995    8.804264   0.00  + 0.10067|110111100110> - 0.10392|110111101001> - 0.10392|111011010110> + 0.10067|111011011001> + 0.10334|111101101100> - 0.10334|111110011100> + 0.67916|111111011000> - 0.67916|111111100100>
     2  -74.617376   10.753111   0.00  + 0.11000|110111100011> - 0.11000|111011010011> - 0.67845|111111010010> + 0.67845|111111100001>

 qEOM-Davidson calculation: 1.81 s
 =====================================================================================

*****************************************************
*           Start qEOM-DAVIDSON algorithm           *
*          Yongbin Kim and Anna I. Krylov           *
*****************************************************
--------------------------------------------------------------------------------
     Iter   NVecs  ResNorm     Total energy (a.u.)
--------------------------------------------------------------------------------
 Initial guess vectors
 |b1> =  + 0.70711|111111011000> + 0.70711|111111100100>
 |b2> =  + 0.70711|111111010010> + 0.70711|111111100001>
     1      2      0.2614    -74.6947103667    -74.6051098164
     2      4      0.0854    -74.7346022815    -74.6455093935
     3      6      0.0180    -74.7359762511    -74.6509705961
     4      8      0.0049    -74.7360754407    -74.6512756510
     5     10      0.0017    -74.7360824821    -74.6512962613
     6     11      0.0000    -74.7360824821    -74.6512999006
 -------------------------------------------------------------------------------------
   Root #    a.u.       eV       <S^2>    Wavefunction
 -------------------------------------------------------------------------------------
     1  -74.736082    7.522945   2.00  + 0.10919|110111100110> - 0.10919|111011011001> - 0.68923|111111011000> - 0.68923|111111100100>
     2  -74.651300    9.829992   2.00  - 0.11425|111101101001> + 0.11425|111110010110> + 0.68416|111111010010> + 0.68416|111111100001>

 qEOM-Davidson calculation: 1.21 s
 =====================================================================================

 ---------------------------------------------------------
                                                          
                      Using Pyscf:
                                                          
 ---------------------------------------------------------
                                                          
converged SCF energy = -74.8952176345749

System and Method:

        O
        H   1   1.2000000000000002
        H   1   1.2000000000000002   2   104.5
        
Basis set                                      :       sto3g
Number of Orbitals                             :         7
Number of electrons                            :        10
Nuclear Repulsion                              :    7.3345546406 
Electronic SCF energy                          :  -82.2297722752 
SCF Energy                                     :  -74.8952176346
 AO->MO
 NElectrons:    4    4
 ecore: -60.21443889
 ERIs in the active-space:
(6, 6, 6, 6)    0.01036800 Mb
 HF Energy: -74.89521763
r = 1.20
*****************************************************
*              Start ADAPT-VQE algorithm            *
* Grimsley, H.R., Economou, S.E., Barnes, E. et al. *
*              Nat Commun 10, 3007 (2019).          *
*     https://doi.org/10.1038/s41467-019-10988-2    *
*       https://github.com/asthanaa/adapt-vqe       *
*****************************************************
 ------------------------------------------------
      Iter   Energy (a.u.)  Gnorm      <S^2>     
 ------------------------------------------------
      1     -74.92204545     0.497      0.00
      2     -74.94359661     0.438      0.00
      3     -74.95797087     0.356      0.00
      4     -74.96482224     0.332      0.00
      5     -74.96957213     0.268      0.00
      6     -74.97247704     0.220      0.00
      7     -74.97659083     0.181      0.00
      8     -74.98074949     0.161      0.00
      9     -74.98184720     0.138      0.00
     10     -74.98281834     0.118      0.00
     11     -74.98354658     0.111      0.00
     12     -74.98389226     0.080     -0.00
     13     -74.98456313     0.072      0.00
     14     -74.98469787     0.056      0.00
     15     -74.98488397     0.025      0.00
     16     -74.98490495     0.014      0.00
     17     -74.98491253     0.010      0.00
     18     -74.98493635     0.005      0.00
     19     -74.98499627     0.005     -0.00
     20     -74.98501218     0.003      0.00
     21     -74.98502308     0.003      0.00
     22     -74.98503422     0.002      0.00
     23     -74.98503997     0.002      0.00
     24     -74.98504313     0.001      0.00
     25     -74.98504313*    0.001      0.00
 ------------------------------------------------
 SCF energy                   = -74.89521763
 ADAPT-VQE correlation energy = -0.08982550
 ADAPT-VQE energy             = -74.98504313

 ADAPT-VQE calculation: 1400.58 s
 ================================================

*****************************************************
*           Start qEOM-DAVIDSON algorithm           *
*          Yongbin Kim and Anna I. Krylov           *
*****************************************************
--------------------------------------------------------------------------------
     Iter   NVecs  ResNorm     Total energy (a.u.)   
--------------------------------------------------------------------------------
 Initial guess vectors
 |b1> =  - 0.70711|111111011000> + 0.70711|111111100100>
 |b2> =  - 0.70711|111111010010> + 0.70711|111111100001>
     1      2      0.3282    -74.6560333886    -74.5910653951
     2      4      0.1012    -74.7297808337    -74.6647003581
     3      6      0.0275    -74.7336245135    -74.6702202202
     4      8      0.0085    -74.7341351625    -74.6705876340
     5     10      0.0012    -74.7341883942    -74.6706199484
     6     11      0.0000    -74.7341893572    -74.6706199484
 -------------------------------------------------------------------------------------
   Root #    a.u.       eV       <S^2>    Wavefunction
 -------------------------------------------------------------------------------------
     1  -74.734189    6.826064   0.00  + 0.11646|110111100110> - 0.11354|110111101001> - 0.11354|111011010110> + 0.11646|111011011001> + 0.13612|111101101100> - 0.13612|111110011100> + 0.66869|111111011000> - 0.66869|111111100100>
     2  -74.670620    8.555871   0.00  - 0.13033|110111100011> + 0.13033|111011010011> - 0.11307|111101100110> + 0.11725|111101101001> + 0.11725|111110010110> - 0.11307|111110011001> + 0.66637|111111010010> - 0.66637|111111100001>

 qEOM-Davidson calculation: 1.51 s
 =====================================================================================

*****************************************************
*           Start qEOM-DAVIDSON algorithm           *
*          Yongbin Kim and Anna I. Krylov           *
*****************************************************
--------------------------------------------------------------------------------
     Iter   NVecs  ResNorm     Total energy (a.u.)   
--------------------------------------------------------------------------------
 Initial guess vectors
 |b1> =  + 0.70711|111111011000> + 0.70711|111111100100>
 |b2> =  + 0.70711|111111010010> + 0.70711|111111100001>
     1      2      0.2776    -74.7197089609    -74.6417281027
     2      4      0.0965    -74.7713939063    -74.6924167958
     3      6      0.0232    -74.7728062632    -74.7005750350
     4      8      0.0063    -74.7729314087    -74.7011630481
     5     10      0.0023    -74.7729457609    -74.7012046044
     6     11      0.0000    -74.7729457609    -74.7012123333
 -------------------------------------------------------------------------------------
   Root #    a.u.       eV       <S^2>    Wavefunction
 -------------------------------------------------------------------------------------
     1  -74.772946    5.771450   2.00  + 0.13243|110111100110> - 0.13243|111011011001> - 0.68098|111111011000> - 0.68098|111111100100>
     2  -74.701212    7.723412   2.00  - 0.11709|110111101100> - 0.11709|111011011100> + 0.14206|111101101001> - 0.14206|111110010110> - 0.67399|111111010010> - 0.67399|111111100001>

 qEOM-Davidson calculation: 1.25 s
 =====================================================================================

 ---------------------------------------------------------

                      Using Pyscf:

 ---------------------------------------------------------

converged SCF energy = -74.8361348179077

System and Method:

        O
        H   1   1.3
        H   1   1.3   2   104.5

Basis set                                      :       sto3g
Number of Orbitals                             :         7
Number of electrons                            :        10
Nuclear Repulsion                              :    6.7703581298
Electronic SCF energy                          :  -81.6064929477
SCF Energy                                     :  -74.8361348179
 AO->MO
 NElectrons:    4    4
 ecore: -60.07869010
 ERIs in the active-space:
(6, 6, 6, 6)    0.01036800 Mb
 HF Energy: -74.83613482
r = 1.30
*****************************************************
*              Start ADAPT-VQE algorithm            *
* Grimsley, H.R., Economou, S.E., Barnes, E. et al. *
*              Nat Commun 10, 3007 (2019).          *
*     https://doi.org/10.1038/s41467-019-10988-2    *
*       https://github.com/asthanaa/adapt-vqe       *
*****************************************************
 ------------------------------------------------
      Iter   Energy (a.u.)  Gnorm      <S^2>
 ------------------------------------------------
      1     -74.87326255     0.519      0.00
      2     -74.89963370     0.447      0.00
      3     -74.92179954     0.360      0.00
      4     -74.92853173     0.330      0.00
      5     -74.93244749     0.257      0.00
      6     -74.93487372     0.213      0.00
      7     -74.93951333     0.182      0.00
      8     -74.94452139     0.164      0.00
      9     -74.94565970     0.143      0.00
     10     -74.94657000     0.124     -0.00
     11     -74.94727356     0.097     -0.00
     12     -74.94760787     0.090     -0.00
     13     -74.94812954     0.048     -0.00
     14     -74.94831141     0.038     -0.00
     15     -74.94849953     0.028     -0.00
     16     -74.94852684     0.019      0.00
     17     -74.94853552     0.009      0.00
     18     -74.94857293     0.007     -0.00
     19     -74.94862955     0.006      0.00
     20     -74.94864103     0.004      0.00
     21     -74.94865125     0.004     -0.00
     22     -74.94866628     0.003     -0.00
     23     -74.94868447     0.002      0.00
     24     -74.94868844     0.001      0.00
     25     -74.94868844*    0.001      0.00
 ------------------------------------------------
 SCF energy                   = -74.83613482
 ADAPT-VQE correlation energy = -0.11255362
 ADAPT-VQE energy             = -74.94868844

 ADAPT-VQE calculation: 1505.06 s
 ================================================

*****************************************************
*           Start qEOM-DAVIDSON algorithm           *
*          Yongbin Kim and Anna I. Krylov           *
*****************************************************
--------------------------------------------------------------------------------
     Iter   NVecs  ResNorm     Total energy (a.u.)
--------------------------------------------------------------------------------
 Initial guess vectors
 |b1> =  - 0.70711|111111011000> + 0.70711|111111100100>
 |b2> =  - 0.70711|111111010010> + 0.70711|111111100001>
     1      2      0.3271    -74.6651729055    -74.6062611021
     2      4      0.0892    -74.7509660340    -74.6963210440
     3      6      0.0303    -74.7552549384    -74.7003708809
     4      8      0.0098    -74.7560574252    -74.7007347438
     5     10      0.0037    -74.7561779901    -74.7007435127
     6     11      0.0000    -74.7561881059    -74.7007435127
 -------------------------------------------------------------------------------------
   Root #    a.u.       eV       <S^2>    Wavefunction
 -------------------------------------------------------------------------------------
     1  -74.756188    5.238189   0.00  + 0.12059|110111100110> - 0.13953|110111101001> - 0.13953|111011010110> + 0.12059|111011011001> + 0.16596|111101101100> - 0.16596|111110011100> + 0.65539|111111011000> - 0.65539|111111100100>
     2  -74.700744    6.746910   0.00  + 0.15168|110111100011> + 0.11167|110111101100> - 0.15168|111011010011> - 0.11167|111011011100> + 0.13584|111101100110> - 0.13489|111101101001> - 0.13489|111110010110> + 0.13584|111110011001> - 0.65272|111111010010> + 0.65272|111111100001>

 qEOM-Davidson calculation: 1.34 s
 =====================================================================================

*****************************************************
*           Start qEOM-DAVIDSON algorithm           *
*          Yongbin Kim and Anna I. Krylov           *
*****************************************************
--------------------------------------------------------------------------------
     Iter   NVecs  ResNorm     Total energy (a.u.)
--------------------------------------------------------------------------------
 Initial guess vectors
 |b1> =  + 0.70711|111111011000> + 0.70711|111111100100>
 |b2> =  + 0.70711|111111010010> + 0.70711|111111100001>
     1      2      0.2778    -74.7263982422    -74.6555491197
     2      4      0.1066    -74.7837162898    -74.7171389364
     3      6      0.0298    -74.7863172787    -74.7261985924
     4      8      0.0085    -74.7865922315    -74.7271735005
     5     10      0.0040    -74.7866302468    -74.7272476318
     6     12      0.0007    -74.7866317399    -74.7272709170
     7     14      0.0002    -74.7866318767    -74.7272713356
     8     15      0.0000    -74.7866318767    -74.7272713745
 -------------------------------------------------------------------------------------
   Root #    a.u.       eV       <S^2>    Wavefunction
 -------------------------------------------------------------------------------------
     1  -74.786632    4.409774   2.00  + 0.14144|110111100110> - 0.14144|111011011001> + 0.11066|111101101100> + 0.11066|111110011100> - 0.67321|111111011000> - 0.67321|111111100100>
     2  -74.727271    6.025052   2.00  + 0.13984|110111101100> + 0.13984|111011011100> - 0.16883|111101101001> + 0.16883|111110010110> + 0.66159|111111010010> + 0.66159|111111100001>

 qEOM-Davidson calculation: 1.78 s
 =====================================================================================

 ---------------------------------------------------------
                                                          
                      Using Pyscf:
                                                          
 ---------------------------------------------------------
                                                          
converged SCF energy = -74.7711672999971

System and Method:

        O
        H   1   1.4
        H   1   1.4   2   104.5
        
Basis set                                      :       sto3g
Number of Orbitals                             :         7
Number of electrons                            :        10
Nuclear Repulsion                              :    6.2867611205 
Electronic SCF energy                          :  -81.0579284205 
SCF Energy                                     :  -74.7711673000
 AO->MO
 NElectrons:    4    4
 ecore: -59.96233075
 ERIs in the active-space:
(6, 6, 6, 6)    0.01036800 Mb
 HF Energy: -74.77116730
r = 1.40
*****************************************************
*              Start ADAPT-VQE algorithm            *
* Grimsley, H.R., Economou, S.E., Barnes, E. et al. *
*              Nat Commun 10, 3007 (2019).          *
*     https://doi.org/10.1038/s41467-019-10988-2    *
*       https://github.com/asthanaa/adapt-vqe       *
*****************************************************
 ------------------------------------------------
      Iter   Energy (a.u.)  Gnorm      <S^2>     
 ------------------------------------------------
      1     -74.82049993     0.541      0.00
      2     -74.85218207     0.452      0.00
      3     -74.88392874     0.364      0.00
      4     -74.89012426     0.327      0.00
      5     -74.89321766     0.247      0.00
      6     -74.89519565     0.208      0.00
      7     -74.90022418     0.185      0.00
      8     -74.90627140     0.168      0.00
      9     -74.90739502     0.148      0.00
     10     -74.90844348     0.131      0.00
     11     -74.90898544     0.105     -0.00
     12     -74.90939996     0.050      0.00
     13     -74.90969402     0.044     -0.00
     14     -74.90987629     0.038     -0.00
     15     -74.90995918     0.032     -0.00
     16     -74.91003280     0.027     -0.00
     17     -74.91003575     0.008     -0.00
     18     -74.91010940     0.007      0.00
     19     -74.91011971     0.003      0.00
     20     -74.91012469     0.003      0.00
     21     -74.91015216     0.002      0.00
     22     -74.91015821     0.002     -0.00
     23     -74.91016281     0.002      0.00
     24     -74.91017336     0.001     -0.00
     25     -74.91019174     0.001     -0.00
     26     -74.91019341     0.001      0.00
     27     -74.91019341*    0.001      0.00
 ------------------------------------------------
 SCF energy                   = -74.77116730
 ADAPT-VQE correlation energy = -0.13902611
 ADAPT-VQE energy             = -74.91019341

 ADAPT-VQE calculation: 1761.90 s
 ================================================

*****************************************************
*           Start qEOM-DAVIDSON algorithm           *
*          Yongbin Kim and Anna I. Krylov           *
*****************************************************
--------------------------------------------------------------------------------
     Iter   NVecs  ResNorm     Total energy (a.u.)   
--------------------------------------------------------------------------------
 Initial guess vectors
 |b1> =  - 0.70711|111101111000> + 0.70711|111110110100>
 |b2> =  - 0.70711|111101110010> + 0.70711|111110110001>
     1      2      0.3508    -74.6495994068    -74.6007995588
     2      4      0.1074    -74.7564040127    -74.7098568487
     3      6      0.0382    -74.7623489360    -74.7163905046
     4      8      0.0104    -74.7634612776    -74.7170288827
     5     10      0.0052    -74.7636448106    -74.7170317518
     6     11      0.0000    -74.7636660852    -74.7170317518
 -------------------------------------------------------------------------------------
   Root #    a.u.       eV       <S^2>    Wavefunction
 -------------------------------------------------------------------------------------
     1  -74.763666    3.987203   0.00  + 0.14272|110110110110> - 0.14700|110110111001> - 0.14700|111001110110> + 0.14272|111001111001> + 0.19761|111101101100> + 0.63980|111101111000> - 0.19761|111110011100> - 0.63980|111110110100>
     2  -74.717032    5.256184   0.00  + 0.17604|110110110011> + 0.11861|110110111100> - 0.17604|111001110011> - 0.11861|111001111100> + 0.15218|111101100110> - 0.15956|111101101001> - 0.63611|111101110010> - 0.15956|111110010110> + 0.15218|111110011001> + 0.63611|111110110001>

 qEOM-Davidson calculation: 1.49 s
 =====================================================================================

*****************************************************
*           Start qEOM-DAVIDSON algorithm           *
*          Yongbin Kim and Anna I. Krylov           *
*****************************************************
--------------------------------------------------------------------------------
     Iter   NVecs  ResNorm     Total energy (a.u.)   
--------------------------------------------------------------------------------
 Initial guess vectors
 |b1> =  + 0.70711|111101111000> + 0.70711|111110110100>
 |b2> =  + 0.70711|111101110010> + 0.70711|111110110001>
     1      2      0.2973    -74.7069003228    -74.6515399267
     2      4      0.1174    -74.7820463333    -74.7255738171
     3      6      0.0366    -74.7859428578    -74.7363541677
     4      8      0.0090    -74.7863805007    -74.7377463413
     5     10      0.0042    -74.7864345407    -74.7378270794
     6     12      0.0000    -74.7864360729    -74.7378593660
 -------------------------------------------------------------------------------------
   Root #    a.u.       eV       <S^2>    Wavefunction
 -------------------------------------------------------------------------------------
     1  -74.786436    3.367601   2.00  + 0.17271|110110110110> - 0.17271|111001111001> - 0.11217|111101100011> - 0.13415|111101101100> - 0.65944|111101111000> - 0.11217|111110010011> - 0.13415|111110011100> - 0.65944|111110110100>
     2  -74.737859    4.689438   2.00  + 0.10199|110110110011> + 0.15092|110110111100> + 0.10199|111001110011> + 0.15092|111001111100> - 0.19351|111101100110> + 0.64830|111101110010> + 0.19351|111110011001> + 0.64830|111110110001>

 qEOM-Davidson calculation: 1.37 s
 =====================================================================================

 ---------------------------------------------------------

                      Using Pyscf:

 ---------------------------------------------------------

converged SCF energy = -74.7041568733882

System and Method:

        O
        H   1   1.5
        H   1   1.5   2   104.5

Basis set                                      :       sto3g
Number of Orbitals                             :         7
Number of electrons                            :        10
Nuclear Repulsion                              :    5.8676437125
Electronic SCF energy                          :  -80.5718005859
SCF Energy                                     :  -74.7041568734
 AO->MO
 NElectrons:    4    4
 ecore: -59.86148506
 ERIs in the active-space:
(6, 6, 6, 6)    0.01036800 Mb
 HF Energy: -74.70415687
r = 1.50
*****************************************************
*              Start ADAPT-VQE algorithm            *
* Grimsley, H.R., Economou, S.E., Barnes, E. et al. *
*              Nat Commun 10, 3007 (2019).          *
*     https://doi.org/10.1038/s41467-019-10988-2    *
*       https://github.com/asthanaa/adapt-vqe       *
*****************************************************
 ------------------------------------------------
      Iter   Energy (a.u.)  Gnorm      <S^2>
 ------------------------------------------------
      1     -74.76770657     0.562      0.00
      2     -74.80491126     0.454      0.00
      3     -74.84773746     0.367      0.00
      4     -74.85315781     0.320      0.00
      5     -74.85552634     0.239      0.00
      6     -74.86115068     0.205      0.00
      7     -74.86840402     0.187      0.00
      8     -74.86970474     0.170      0.00
      9     -74.87071052     0.152      0.00
     10     -74.87182905     0.138      0.00
     11     -74.87257183     0.114      0.00
     12     -74.87289769     0.046      0.00
     13     -74.87304642     0.041     -0.00
     14     -74.87320093     0.018      0.00
     15     -74.87321407     0.010      0.00
     16     -74.87322695     0.008      0.00
     17     -74.87327657     0.007     -0.00
     18     -74.87329007     0.005     -0.00
     19     -74.87329849     0.004     -0.00
     20     -74.87331041     0.003      0.00
     21     -74.87331089     0.002      0.00
     22     -74.87331210     0.002      0.00
     23     -74.87336582     0.002      0.00
     24     -74.87338131     0.001      0.00
     25     -74.87339304     0.002      0.00
     26     -74.87339500     0.001      0.00
     27     -74.87339500*    0.001      0.00
 ------------------------------------------------
 SCF energy                   = -74.70415687
 ADAPT-VQE correlation energy = -0.16923813
 ADAPT-VQE energy             = -74.87339500

 ADAPT-VQE calculation: 1669.55 s
 ================================================

*****************************************************
*           Start qEOM-DAVIDSON algorithm           *
*          Yongbin Kim and Anna I. Krylov           *
*****************************************************
--------------------------------------------------------------------------------
     Iter   NVecs  ResNorm     Total energy (a.u.)
--------------------------------------------------------------------------------
 Initial guess vectors
 |b1> =  - 0.70711|111101111000> + 0.70711|111110110100>
 |b2> =  - 0.70711|111101110010> + 0.70711|111110110001>
     1      2      0.3340    -74.6466737647    -74.5953015706
     2      4      0.0987    -74.7565603784    -74.7167571663
     3      6      0.0391    -74.7603668292    -74.7238744020
     4      8      0.0166    -74.7624177864    -74.7243371761
     5     10      0.0048    -74.7627021917    -74.7243462623
     6     11      0.0000    -74.7627272334    -74.7243462623
 -------------------------------------------------------------------------------------
   Root #    a.u.       eV       <S^2>    Wavefunction
 -------------------------------------------------------------------------------------
     1  -74.762727    3.011417   0.00  + 0.10841|110110110110> - 0.18918|110110111001> - 0.18918|111001110110> + 0.10841|111001111001> + 0.21873|111101101100> + 0.62361|111101111000> - 0.21873|111110011100> - 0.62361|111110110100>
     2  -74.724346    4.055814   0.00  - 0.20715|110110110011> - 0.13443|110110111100> + 0.20715|111001110011> + 0.13443|111001111100> - 0.14714|111101100110> + 0.16346|111101101001> + 0.62340|111101110010> + 0.16346|111110010110> - 0.14714|111110011001> - 0.62340|111110110001>

 qEOM-Davidson calculation: 1.42 s
 =====================================================================================

*****************************************************
*           Start qEOM-DAVIDSON algorithm           *
*          Yongbin Kim and Anna I. Krylov           *
*****************************************************
--------------------------------------------------------------------------------
     Iter   NVecs  ResNorm     Total energy (a.u.)
--------------------------------------------------------------------------------
 Initial guess vectors
 |b1> =  + 0.70711|111101111000> + 0.70711|111110110100>
 |b2> =  + 0.70711|111111011000> + 0.70711|111111100100>
     1      2      0.2484    -74.7051378327    -74.6525235530
     2      4      0.0968    -74.7740423287    -74.7164597682
     3      6      0.0748    -74.7768506823    -74.7286888051
     4      8      0.0321    -74.7772842282    -74.7415648337
     5     10      0.0111    -74.7774066962    -74.7428556533
     6     12      0.0019    -74.7774135746    -74.7429956431
     7     13      0.0000    -74.7774135746    -74.7429992233
 -------------------------------------------------------------------------------------
   Root #    a.u.       eV       <S^2>    Wavefunction
 -------------------------------------------------------------------------------------
     1  -74.777414    2.611782   2.00  + 0.14442|110110110110> - 0.10994|110110111001> + 0.10994|111001110110> - 0.14442|111001111001> - 0.12735|111101100011> - 0.13328|111101101100> - 0.65429|111101111000> - 0.12735|111110010011> - 0.13328|111110011100> - 0.65429|111110110100>
     2  -74.742999    3.548242   2.00  - 0.39799|110111110010> - 0.39799|111011110001> + 0.58289|111111011000> + 0.58289|111111100100>

 qEOM-Davidson calculation: 1.63 s
 =====================================================================================

 ---------------------------------------------------------

                      Using Pyscf:

 ---------------------------------------------------------

converged SCF energy = -74.637460686534

System and Method:

        O
        H   1   1.6
        H   1   1.6   2   104.5

Basis set                                      :       sto3g
Number of Orbitals                             :         7
Number of electrons                            :        10
Nuclear Repulsion                              :    5.5009159805
Electronic SCF energy                          :  -80.1383766670
SCF Energy                                     :  -74.6374606865
 AO->MO
 NElectrons:    4    4
 ecore: -59.77324579
 ERIs in the active-space:
(6, 6, 6, 6)    0.01036800 Mb
 HF Energy: -74.63746069
r = 1.60
*****************************************************
*              Start ADAPT-VQE algorithm            *
* Grimsley, H.R., Economou, S.E., Barnes, E. et al. *
*              Nat Commun 10, 3007 (2019).          *
*     https://doi.org/10.1038/s41467-019-10988-2    *
*       https://github.com/asthanaa/adapt-vqe       *
*****************************************************
 ------------------------------------------------
      Iter   Energy (a.u.)  Gnorm      <S^2>
 ------------------------------------------------
      1     -74.71738028     0.582      0.00
      2     -74.75991774     0.451      0.00
      3     -74.81499259     0.371      0.00
      4     -74.81956570     0.311      0.00
      5     -74.82465729     0.231      0.00
      6     -74.83340835     0.227      0.00
      7     -74.83568778     0.213      0.00
      8     -74.83674134     0.167      0.00
      9     -74.83758398     0.152      0.00
     10     -74.83871105     0.144     -0.00
     11     -74.83961110     0.120     -0.00
     12     -74.83976720     0.046      0.00
     13     -74.84002747     0.027     -0.00
     14     -74.84016393     0.019      0.00
     15     -74.84033101     0.013      0.00
     16     -74.84035583     0.007      0.00
     17     -74.84036633     0.007     -0.00
     18     -74.84039189     0.007      0.00
     19     -74.84039413     0.005     -0.00
     20     -74.84040581     0.004     -0.00
     21     -74.84041144     0.003      0.00
     22     -74.84041197     0.002     -0.00
     23     -74.84043439     0.002      0.00
     24     -74.84044106     0.002     -0.00
     25     -74.84044943     0.002      0.00
     26     -74.84044943*    0.001      0.00
 ------------------------------------------------
 SCF energy                   = -74.63746069
 ADAPT-VQE correlation energy = -0.20298875
 ADAPT-VQE energy             = -74.84044943

 ADAPT-VQE calculation: 1528.08 s
 ================================================

*****************************************************
*           Start qEOM-DAVIDSON algorithm           *
*          Yongbin Kim and Anna I. Krylov           *
*****************************************************
--------------------------------------------------------------------------------
     Iter   NVecs  ResNorm     Total energy (a.u.)
--------------------------------------------------------------------------------
 Initial guess vectors
 |b1> =  - 0.70711|110111111000> + 0.70711|111011110100>
 |b2> =  - 0.70711|110111110010> + 0.70711|111011110001>
     1      2      0.3606    -74.6198680770    -74.5700970824
     2      4      0.1370    -74.7509667644    -74.7143017493
     3      6      0.0466    -74.7572381566    -74.7276666511
     4      8      0.0176    -74.7591165256    -74.7287152369
     5     10      0.0068    -74.7595961413    -74.7287468680
     6     12      0.0000    -74.7596347636    -74.7287541327
 -------------------------------------------------------------------------------------
   Root #    a.u.       eV       <S^2>    Wavefunction
 -------------------------------------------------------------------------------------
     1  -74.759635    2.199074   0.00  + 0.18733|110110110110> - 0.13371|110110111001> - 0.25301|110111101100> + 0.60822|110111111000> - 0.13371|111001110110> + 0.18733|111001111001> + 0.25301|111011011100> - 0.60822|111011110100>
     2  -74.728754    3.039377   0.00  + 0.23054|110110110011> + 0.13056|110110111100> - 0.16559|110111100110> + 0.19617|110111101001> - 0.60163|110111110010> - 0.23054|111001110011> - 0.13056|111001111100> + 0.19617|111011010110> - 0.16559|111011011001> + 0.60163|111011110001>

 qEOM-Davidson calculation: 1.41 s
 =====================================================================================

*****************************************************
*           Start qEOM-DAVIDSON algorithm           *
*          Yongbin Kim and Anna I. Krylov           *
*****************************************************
--------------------------------------------------------------------------------
     Iter   NVecs  ResNorm     Total energy (a.u.)
--------------------------------------------------------------------------------
 Initial guess vectors
 |b1> =  + 0.70711|110111111000> + 0.70711|111011110100>
 |b2> =  + 0.70711|111111011000> + 0.70711|111111100100>
     1      2      0.2776    -74.6746580962    -74.6353302291
     2      4      0.1259    -74.7611506660    -74.7142385468
     3      6      0.0652    -74.7662221060    -74.7274053468
     4      8      0.0446    -74.7669574480    -74.7417624442
     5     10      0.0162    -74.7671942663    -74.7440660556
     6     12      0.0039    -74.7672000565    -74.7443646034
     7     13      0.0000    -74.7672000565    -74.7443822254
 -------------------------------------------------------------------------------------
   Root #    a.u.       eV       <S^2>    Wavefunction
 -------------------------------------------------------------------------------------
     1  -74.767200    1.993213   2.00  - 0.10328|110110110110> + 0.17981|110110111001> + 0.13315|110111100011> + 0.17647|110111101100> - 0.63664|110111111000> - 0.17981|111001110110> + 0.10328|111001111001> + 0.13315|111011010011> + 0.17647|111011011100> - 0.63664|111011110100>
     2  -74.744382    2.614116   2.00  - 0.41065|111101110010> - 0.41065|111110110001> - 0.57256|111111011000> - 0.57256|111111100100>

 qEOM-Davidson calculation: 1.57 s
 =====================================================================================

Singlet
Total Energy
0.50 -73.1375019374 -72.0853823842 -72.0598282457
0.60 -74.1460612818 -73.2048251765 -73.1560524438
0.70 -74.6435747842 -73.8454085264 -73.7710297417
0.80 -74.8828950842 -74.2292643846 -74.1285041124
0.90 -74.9875962886 -74.4637474605 -74.3744857391
1.00 -75.0197781665 -74.6059457857 -74.5263566082
1.10 -75.0125462490 -74.6889947944 -74.6173758292
1.20 -74.9850431348 -74.7341893572 -74.6706199484
1.30 -74.9486884405 -74.7561881059 -74.7007435127
1.40 -74.9101934067 -74.7636660852 -74.7170317518
1.50 -74.8733950041 -74.7627272334 -74.7243462623
1.60 -74.8404494337 -74.7596347636 -74.7287541327

Excitation Energy
0.50  28.6295666473  29.3249286050
0.60  25.6122811585  26.9394518183
0.70  21.7191611007  23.7431063537
0.80  17.7861571175  20.5279775862
0.90  14.2546204869  16.6835501607
1.00  11.2609272301  13.4266541736
1.10   8.8042636487  10.7531105564
1.20   6.8260635612   8.5558713778
1.30   5.2381890839   6.7469099040
1.40   3.9872025033   5.2561844874
1.50   3.0114166280   4.0558136908
1.60   2.1990742165   3.0393770869

Triplet
Total Energy
0.50 -73.1375019374 -72.1677849915 -72.0874871441
0.60 -74.1460612818 -73.2878059130 -73.1937144659
0.70 -74.6435747842 -73.9242689333 -73.8210606154
0.80 -74.8828950842 -74.3014823598 -74.1942752329
0.90 -74.9875962886 -74.5282075573 -74.4219526888
1.00 -75.0197781665 -74.6618489323 -74.5624978540
1.10 -75.0125462490 -74.7360824821 -74.6512999006
1.20 -74.9850431348 -74.7729457609 -74.7012123333
1.30 -74.9486884405 -74.7866318767 -74.7272713745
1.40 -74.9101934067 -74.7864360729 -74.7378593660
1.50 -74.8733950041 -74.7774135746 -74.7429992233
1.60 -74.8404494337 -74.7672000565 -74.7443822254

Excitation Energy
0.50  26.3872825541  28.5722933429
0.60  23.3542654038  25.9146183121
0.70  19.5732649720  22.3817000095
0.80  15.8210103527  18.7382582810
0.90  12.5005758711  15.3919115852
1.00   9.7397285636  12.4432030016
1.10   7.5229452947   9.8299916384
1.20   5.7714504806   7.7234120631
1.30   4.4097737548   6.0250516458
1.40   3.3676009773   4.6894375157
1.50   2.6117818312   3.5482419136
1.60   1.9932125775   2.6141159839
