 ---------------------------------------------------------
                                                          
                      Using Pyscf:
                                                          
 ---------------------------------------------------------
                                                          
converged SCF energy = -73.1242343884682

System and Method:

        O
        H   1   0.5
        H   1   0.5   2   104.5
        
Basis set                                      :       sto3g
Number of Orbitals                             :         7
Number of electrons                            :        10
Nuclear Repulsion                              :   17.6029311375 
Electronic SCF energy                          :  -90.7271655259 
SCF Energy                                     :  -73.1242343885
 AO->MO
 NElectrons:    4    4
 ecore: -62.68400057
 ERIs in the active-space:
(6, 6, 6, 6)    0.01036800 Mb
 HF Energy: -73.12423439
r = 0.50
*****************************************************
*              Start ADAPT-VQE algorithm            *
* Grimsley, H.R., Economou, S.E., Barnes, E. et al. *
*              Nat Commun 10, 3007 (2019).          *
*     https://doi.org/10.1038/s41467-019-10988-2    *
*       https://github.com/asthanaa/adapt-vqe       *
*****************************************************
 ------------------------------------------------
      Iter   Energy (a.u.)  Gnorm      <S^2>     
 ------------------------------------------------
      1     -73.12887191     0.323      0.00
      2     -73.13129873     0.259      0.00
      3     -73.13327333     0.219      0.00
      4     -73.13462044     0.168      0.00
      5     -73.13520383     0.138      0.00
      6     -73.13605850     0.121     -0.00
      7     -73.13637292     0.104      0.00
      8     -73.13683420     0.087      0.00
      9     -73.13719112     0.069     -0.00
     10     -73.13727675     0.051      0.00
     11     -73.13734913     0.045      0.00
     12     -73.13741970     0.039      0.00
     13     -73.13744932     0.035     -0.00
     14     -73.13748047     0.031     -0.00
     15     -73.13749455     0.028     -0.00
     16     -73.13750181     0.016     -0.00
     17     -73.13750194     0.002      0.00
     18     -73.13750194*    0.001      0.00
 ------------------------------------------------
 SCF energy                   = -73.12423439
 ADAPT-VQE correlation energy = -0.01326755
 ADAPT-VQE energy             = -73.13750194

 ADAPT-VQE calculation: 561.51 s
 ================================================

*****************************************************
*           Start qEOM-DAVIDSON algorithm           *
*          Yongbin Kim and Anna I. Krylov           *
*****************************************************
--------------------------------------------------------------------------------
     Iter   NVecs  ResNorm     Total energy (a.u.)   
--------------------------------------------------------------------------------
 Initial guess vectors
 |b1> =  - 0.70711|111111011000> + 0.70711|111111100100>
 |b2> =  - 0.70711|111101111000> + 0.70711|111110110100>
     1      2      0.3403    -72.0604871218    -72.0312271821
     2      4      0.0647    -72.0851806688    -72.0590046461
     3      6      0.0182    -72.0855849693    -72.0598786984
     4      8      0.0094    -72.0856273384    -72.0599620896
     5     10      0.0038    -72.0856297821    -72.0599985937
     6     11      0.0000    -72.0856297821    -72.0600026206
 -------------------------------------------------------------------------------------
   Root #    a.u.       eV       <S^2>    Wavefunction
 -------------------------------------------------------------------------------------
     1  -72.085630   28.622835   0.00  + 0.70301|111111011000> - 0.70301|111111100100>
     2  -72.060003   29.320184   0.00  - 0.70219|111101111000> + 0.70219|111110110100>

 qEOM-Davidson calculation: 3.50 s
 =====================================================================================

*****************************************************
*           Start qEOM-DAVIDSON algorithm           *
*          Yongbin Kim and Anna I. Krylov           *
*****************************************************
--------------------------------------------------------------------------------
     Iter   NVecs  ResNorm     Total energy (a.u.)   
--------------------------------------------------------------------------------
 Initial guess vectors
 |b1> =  + 0.70711|111111011000> + 0.70711|111111100100>
 |b2> =  + 0.70711|111101111000> + 0.70711|111110110100>
     1      2      0.2663    -72.1558605651    -72.0648400194
     2      4      0.0534    -72.1677683390    -72.0863869982
     3      6      0.0196    -72.1678444280    -72.0873568769
     4      8      0.0123    -72.1678554076    -72.0875203894
     5     10      0.0035    -72.1678574562    -72.0875777397
     6     11      0.0000    -72.1678574562    -72.0875810041
 -------------------------------------------------------------------------------------
   Root #    a.u.       eV       <S^2>    Wavefunction
 -------------------------------------------------------------------------------------
     1  -72.167857   26.385311   2.00  - 0.70502|111111011000> - 0.70502|111111100100>
     2  -72.087581   28.569739   2.00  + 0.70296|111101111000> + 0.70296|111110110100>

 qEOM-Davidson calculation: 2.98 s
 =====================================================================================

 ---------------------------------------------------------
                                                          
                      Using Pyscf:
                                                          
 ---------------------------------------------------------
                                                          
converged SCF energy = -74.127556797815

System and Method:

        O
        H   1   0.6
        H   1   0.6   2   104.5
        
Basis set                                      :       sto3g
Number of Orbitals                             :         7
Number of electrons                            :        10
Nuclear Repulsion                              :   14.6691092812 
Electronic SCF energy                          :  -88.7966660790 
SCF Energy                                     :  -74.1275567978
 AO->MO
 NElectrons:    4    4
 ecore: -61.97854573
 ERIs in the active-space:
(6, 6, 6, 6)    0.01036800 Mb
 HF Energy: -74.12755680
r = 0.60
*****************************************************
*              Start ADAPT-VQE algorithm            *
* Grimsley, H.R., Economou, S.E., Barnes, E. et al. *
*              Nat Commun 10, 3007 (2019).          *
*     https://doi.org/10.1038/s41467-019-10988-2    *
*       https://github.com/asthanaa/adapt-vqe       *
*****************************************************
 ------------------------------------------------
      Iter   Energy (a.u.)  Gnorm      <S^2>     
 ------------------------------------------------
      1     -74.13335215     0.357      0.00
      2     -74.13694221     0.296      0.00
      3     -74.13979037     0.251      0.00
      4     -74.14127796     0.193      0.00
      5     -74.14208064     0.168      0.00
      6     -74.14294604     0.150      0.00
      7     -74.14376777     0.134      0.00
      8     -74.14472482     0.116      0.00
      9     -74.14512582     0.098      0.00
     10     -74.14571139     0.078      0.00
     11     -74.14587767     0.051      0.00
     12     -74.14596433     0.043      0.00
     13     -74.14600858     0.038     -0.00
     14     -74.14602561     0.033      0.00
     15     -74.14603799     0.022     -0.00
     16     -74.14604160     0.010     -0.00
     17     -74.14604672     0.009      0.00
     18     -74.14606128     0.001     -0.00
     19     -74.14606128*    0.001     -0.00
 ------------------------------------------------
 SCF energy                   = -74.12755680
 ADAPT-VQE correlation energy = -0.01850448
 ADAPT-VQE energy             = -74.14606128

 ADAPT-VQE calculation: 653.41 s
 ================================================

*****************************************************
*           Start qEOM-DAVIDSON algorithm           *
*          Yongbin Kim and Anna I. Krylov           *
*****************************************************
--------------------------------------------------------------------------------
     Iter   NVecs  ResNorm     Total energy (a.u.)   
--------------------------------------------------------------------------------
 Initial guess vectors
 |b1> =  - 0.70711|111111011000> + 0.70711|111111100100>
 |b2> =  - 0.70711|111101111000> + 0.70711|111110110100>
     1      2      0.3134    -73.1795198817    -73.1270772285
     2      4      0.0742    -73.2042365283    -73.1542868482
     3      6      0.0255    -73.2048843213    -73.1557579592
     4      8      0.0156    -73.2049488645    -73.1560133679
     5     10      0.0054    -73.2049511069    -73.1561131845
     6     11      0.0019    -73.2049511069    -73.1561225884
     7     12      0.0010    -73.2049511069    -73.1561249843
     8     13      0.0000    -73.2049511069    -73.1561254429
 -------------------------------------------------------------------------------------
   Root #    a.u.       eV       <S^2>    Wavefunction
 -------------------------------------------------------------------------------------
     1  -73.204951   25.608854   0.00  + 0.70223|111111011000> - 0.70223|111111100100>
     2  -73.156125   26.937465   0.00  - 0.70086|111101111000> + 0.70086|111110110100>

 qEOM-Davidson calculation: 5.60 s
 =====================================================================================

*****************************************************
*           Start qEOM-DAVIDSON algorithm           *
*          Yongbin Kim and Anna I. Krylov           *
*****************************************************
--------------------------------------------------------------------------------
     Iter   NVecs  ResNorm     Total energy (a.u.)   
--------------------------------------------------------------------------------
 Initial guess vectors
 |b1> =  + 0.70711|111111011000> + 0.70711|111111100100>
 |b2> =  + 0.70711|111101111000> + 0.70711|111110110100>
     1      2      0.2323    -73.2763952615    -73.1738469786
     2      4      0.0542    -73.2878031161    -73.1921994222
     3      6      0.0202    -73.2878870685    -73.1934474906
     4      8      0.0137    -73.2879000336    -73.1936576319
     5     10      0.0048    -73.2879013443    -73.1937398438
     6     11      0.0036    -73.2879013443    -73.1937511656
     7     12      0.0019    -73.2879013443    -73.1937596380
     8     13      0.0000    -73.2879013443    -73.1937612307
 -------------------------------------------------------------------------------------
   Root #    a.u.       eV       <S^2>    Wavefunction
 -------------------------------------------------------------------------------------
     1  -73.287901   23.351669   2.00  - 0.70472|111111011000> - 0.70472|111111100100>
     2  -73.193761   25.913346   2.00  + 0.70262|111101111000> + 0.70262|111110110100>

 qEOM-Davidson calculation: 4.24 s
 =====================================================================================

 ---------------------------------------------------------

                      Using Pyscf:

 ---------------------------------------------------------

converged SCF energy = -74.6187442139411

System and Method:

        O
        H   1   0.7
        H   1   0.7   2   104.5

Basis set                                      :       sto3g
Number of Orbitals                             :         7
Number of electrons                            :        10
Nuclear Repulsion                              :   12.5735222410
Electronic SCF energy                          :  -87.1922664550
SCF Energy                                     :  -74.6187442139
 AO->MO
 NElectrons:    4    4
 ecore: -61.47462988
 ERIs in the active-space:
(6, 6, 6, 6)    0.01036800 Mb
 HF Energy: -74.61874421
r = 0.70
*****************************************************
*              Start ADAPT-VQE algorithm            *
* Grimsley, H.R., Economou, S.E., Barnes, E. et al. *
*              Nat Commun 10, 3007 (2019).          *
*     https://doi.org/10.1038/s41467-019-10988-2    *
*       https://github.com/asthanaa/adapt-vqe       *
*****************************************************
 ------------------------------------------------
      Iter   Energy (a.u.)  Gnorm      <S^2>
 ------------------------------------------------
      1     -74.62594268     0.385      0.00
      2     -74.63056328     0.325      0.00
      3     -74.63404084     0.279      0.00
      4     -74.63565538     0.222      0.00
      5     -74.63744983     0.203      0.00
      6     -74.63919366     0.179      0.00
      7     -74.64039771     0.152      0.00
      8     -74.64131465     0.133      0.00
      9     -74.64182429     0.110     -0.00
     10     -74.64283095     0.089      0.00
     11     -74.64323251     0.065     -0.00
     12     -74.64333566     0.051      0.00
     13     -74.64342498     0.046     -0.00
     14     -74.64347895     0.042      0.00
     15     -74.64350039     0.038     -0.00
     16     -74.64351491     0.028      0.00
     17     -74.64353530     0.017     -0.00
     18     -74.64355047     0.002      0.00
     19     -74.64355768     0.001     -0.00
     20     -74.64356613     0.001     -0.00
     21     -74.64357098     0.001     -0.00
     22     -74.64357445     0.001      0.00
     23     -74.64357478     0.000      0.00
     24     -74.64357478*    0.000      0.00
 ------------------------------------------------
 SCF energy                   = -74.61874421
 ADAPT-VQE correlation energy = -0.02483057
 ADAPT-VQE energy             = -74.64357478

 ADAPT-VQE calculation: 2261.19 s
 ================================================

*****************************************************
*           Start qEOM-DAVIDSON algorithm           *
*          Yongbin Kim and Anna I. Krylov           *
*****************************************************
--------------------------------------------------------------------------------
     Iter   NVecs  ResNorm     Total energy (a.u.)
--------------------------------------------------------------------------------
 Initial guess vectors
 |b1> =  - 0.70711|111111011000> + 0.70711|111111100100>
 |b2> =  - 0.70711|111101111000> + 0.70711|111110110100>
     1      2      0.3032    -73.8169363545    -73.7364330646
     2      4      0.0927    -73.8443214367    -73.7674869947
     3      6      0.0341    -73.8454243503    -73.7703051753
     4      8      0.0214    -73.8455080018    -73.7708610985
     5     10      0.0081    -73.8455136219    -73.7710848248
     6     12      0.0035    -73.8455144322    -73.7711100830
     7     13      0.0017    -73.8455144322    -73.7711188952
     8     14      0.0000    -73.8455144322    -73.7711199843
 -------------------------------------------------------------------------------------
   Root #    a.u.       eV       <S^2>    Wavefunction
 -------------------------------------------------------------------------------------
     1  -73.845514   21.716279   0.00  - 0.70037|111111011000> + 0.70037|111111100100>
     2  -73.771120   23.740651   0.00  - 0.69740|111101111000> + 0.69740|111110110100>

 qEOM-Davidson calculation: 6.30 s
 =====================================================================================

*****************************************************
*           Start qEOM-DAVIDSON algorithm           *
*          Yongbin Kim and Anna I. Krylov           *
*****************************************************
--------------------------------------------------------------------------------
     Iter   NVecs  ResNorm     Total energy (a.u.)
--------------------------------------------------------------------------------
 Initial guess vectors
 |b1> =  + 0.70711|111111011000> + 0.70711|111111100100>
 |b2> =  + 0.70711|111101111000> + 0.70711|111110110100>
     1      2      0.2127    -73.9114091473    -73.8020428474
     2      4      0.0566    -73.9242416909    -73.8187549518
     3      6      0.0234    -73.9243900096    -73.8204257013
     4      8      0.0203    -73.9244135267    -73.8208230892
     5     10      0.0087    -73.9244157251    -73.8210211072
     6     11      0.0059    -73.9244157251    -73.8210890625
     7     12      0.0024    -73.9244157251    -73.8211047336
     8     13      0.0000    -73.9244157251    -73.8211078729
 -------------------------------------------------------------------------------------
   Root #    a.u.       eV       <S^2>    Wavefunction
 -------------------------------------------------------------------------------------
     1  -73.924416   19.569271   2.00  - 0.70385|111111011000> - 0.70385|111111100100>
     2  -73.821108   22.380414   2.00  - 0.70124|111101111000> - 0.70124|111110110100>

 qEOM-Davidson calculation: 5.15 s
 =====================================================================================

 ---------------------------------------------------------
                                                          
                      Using Pyscf:
                                                          
 ---------------------------------------------------------
                                                          
converged SCF energy = -74.8502270638327

System and Method:

        O
        H   1   0.8
        H   1   0.8   2   104.5
        
Basis set                                      :       sto3g
Number of Orbitals                             :         7
Number of electrons                            :        10
Nuclear Repulsion                              :   11.0018319609 
Electronic SCF energy                          :  -85.8520590247 
SCF Energy                                     :  -74.8502270638
 AO->MO
 NElectrons:    4    4
 ecore: -61.09664407
 ERIs in the active-space:
(6, 6, 6, 6)    0.01036800 Mb
 HF Energy: -74.85022706
r = 0.80
*****************************************************
*              Start ADAPT-VQE algorithm            *
* Grimsley, H.R., Economou, S.E., Barnes, E. et al. *
*              Nat Commun 10, 3007 (2019).          *
*     https://doi.org/10.1038/s41467-019-10988-2    *
*       https://github.com/asthanaa/adapt-vqe       *
*****************************************************
 ------------------------------------------------
      Iter   Energy (a.u.)  Gnorm      <S^2>     
 ------------------------------------------------
      1     -74.85916245     0.409      0.00
      2     -74.86456898     0.347      0.00
      3     -74.86845013     0.305      0.00
      4     -74.87214448     0.253      0.00
      5     -74.87485397     0.221      0.00
      6     -74.87699396     0.190      0.00
      7     -74.87873530     0.163      0.00
      8     -74.87967219     0.141      0.00
      9     -74.88031035     0.122     -0.00
     10     -74.88132028     0.102     -0.00
     11     -74.88228441     0.082     -0.00
     12     -74.88256565     0.061      0.00
     13     -74.88268732     0.052     -0.00
     14     -74.88274690     0.048      0.00
     15     -74.88281799     0.045      0.00
     16     -74.88283685     0.026     -0.00
     17     -74.88284373     0.014      0.00
     18     -74.88286344     0.002     -0.00
     19     -74.88287444     0.002      0.00
     20     -74.88288695     0.001      0.00
     21     -74.88289508     0.001      0.00
     22     -74.88289508*    0.001      0.00
 ------------------------------------------------
 SCF energy                   = -74.85022706
 ADAPT-VQE correlation energy = -0.03266802
 ADAPT-VQE energy             = -74.88289508

 ADAPT-VQE calculation: 1193.75 s
 ================================================

*****************************************************
*           Start qEOM-DAVIDSON algorithm           *
*          Yongbin Kim and Anna I. Krylov           *
*****************************************************
--------------------------------------------------------------------------------
     Iter   NVecs  ResNorm     Total energy (a.u.)   
--------------------------------------------------------------------------------
 Initial guess vectors
 |b1> =  - 0.70711|111111011000> + 0.70711|111111100100>
 |b2> =  - 0.70711|111101111000> + 0.70711|111110110100>
     1      2      0.3101    -74.1951347657    -74.0829996617
     2      4      0.1114    -74.2276444320    -74.1225561015
     3      6      0.0422    -74.2292300177    -74.1273770110
     4      8      0.0255    -74.2293823607    -74.1282795973
     5     10      0.0114    -74.2293973881    -74.1286564343
     6     12      0.0048    -74.2294005126    -74.1287108280
     7     14      0.0022    -74.2294010447    -74.1287266201
     8     15      0.0000    -74.2294010447    -74.1287289025
 -------------------------------------------------------------------------------------
   Root #    a.u.       eV       <S^2>    Wavefunction
 -------------------------------------------------------------------------------------
     1  -74.229401   17.782438   0.00  + 0.69752|111111011000> - 0.69752|111111100100>
     2  -74.128729   20.521861   0.00  + 0.69130|111101111000> - 0.69130|111110110100>

 qEOM-Davidson calculation: 4.88 s
 =====================================================================================

*****************************************************
*           Start qEOM-DAVIDSON algorithm           *
*          Yongbin Kim and Anna I. Krylov           *
*****************************************************
--------------------------------------------------------------------------------
     Iter   NVecs  ResNorm     Total energy (a.u.)   
--------------------------------------------------------------------------------
 Initial guess vectors
 |b1> =  + 0.70711|111111011000> + 0.70711|111111100100>
 |b2> =  + 0.70711|111101111000> + 0.70711|111110110100>
     1      2      0.2223    -74.2839848729    -74.1705009004
     2      4      0.0635    -74.3014717480    -74.1902057346
     3      6      0.0306    -74.3016763407    -74.1927539566
     4      8      0.0309    -74.3017053686    -74.1936804259
     5     10      0.0121    -74.3017088387    -74.1942045408
     6     12      0.0071    -74.3017094441    -74.1943225987
     7     13      0.0025    -74.3017094441    -74.1943475139
     8     14      0.0000    -74.3017094441    -74.1943513111
 -------------------------------------------------------------------------------------
   Root #    a.u.       eV       <S^2>    Wavefunction
 -------------------------------------------------------------------------------------
     1  -74.301709   15.814831   2.00  - 0.70193|111111011000> - 0.70193|111111100100>
     2  -74.194351   18.736188   2.00  - 0.69711|111101111000> - 0.69711|111110110100>

 qEOM-Davidson calculation: 4.37 s
 =====================================================================================

 ---------------------------------------------------------

                      Using Pyscf:

 ---------------------------------------------------------

converged SCF energy = -74.945021008549

System and Method:

        O
        H   1   0.9
        H   1   0.9   2   104.5

Basis set                                      :       sto3g
Number of Orbitals                             :         7
Number of electrons                            :        10
Nuclear Repulsion                              :    9.7794061875
Electronic SCF energy                          :  -84.7244271960
SCF Energy                                     :  -74.9450210085
 AO->MO
 NElectrons:    4    4
 ecore: -60.80261174
 ERIs in the active-space:
(6, 6, 6, 6)    0.01036800 Mb
 HF Energy: -74.94502101
r = 0.90
*****************************************************
*              Start ADAPT-VQE algorithm            *
* Grimsley, H.R., Economou, S.E., Barnes, E. et al. *
*              Nat Commun 10, 3007 (2019).          *
*     https://doi.org/10.1038/s41467-019-10988-2    *
*       https://github.com/asthanaa/adapt-vqe       *
*****************************************************
 ------------------------------------------------
      Iter   Energy (a.u.)  Gnorm      <S^2>
 ------------------------------------------------
      1     -74.95612347     0.431      0.00
      2     -74.96199033     0.368      0.00
      3     -74.96607255     0.331      0.00
      4     -74.97304553     0.285      0.00
      5     -74.97675517     0.239      0.00
      6     -74.97943112     0.204      0.00
      7     -74.98184462     0.177      0.00
      8     -74.98402413     0.153      0.00
      9     -74.98477477     0.130      0.00
     10     -74.98567339     0.111      0.00
     11     -74.98659657     0.088     -0.00
     12     -74.98715636     0.072     -0.00
     13     -74.98729807     0.059      0.00
     14     -74.98745945     0.055      0.00
     15     -74.98751222     0.023      0.00
     16     -74.98752799     0.018      0.00
     17     -74.98752863     0.004      0.00
     18     -74.98756829     0.003     -0.00
     19     -74.98758472     0.002     -0.00
     20     -74.98758812     0.001     -0.00
     21     -74.98759313     0.001      0.00
     22     -74.98759629     0.001     -0.00
     23     -74.98759629*    0.001     -0.00
 ------------------------------------------------
 SCF energy                   = -74.94502101
 ADAPT-VQE correlation energy = -0.04257528
 ADAPT-VQE energy             = -74.98759629

 ADAPT-VQE calculation: 1310.19 s
 ================================================

*****************************************************
*           Start qEOM-DAVIDSON algorithm           *
*          Yongbin Kim and Anna I. Krylov           *
*****************************************************
--------------------------------------------------------------------------------
     Iter   NVecs  ResNorm     Total energy (a.u.)
--------------------------------------------------------------------------------
 Initial guess vectors
 |b1> =  - 0.70711|111111011000> + 0.70711|111111100100>
 |b2> =  - 0.70711|111111010010> + 0.70711|111111100001>
     1      2      0.3015    -74.4190300323    -74.3360759671
     2      4      0.0996    -74.4612002969    -74.3712500780
     3      6      0.0324    -74.4636143664    -74.3742462017
     4      8      0.0098    -74.4638957555    -74.3745033665
     5     10      0.0046    -74.4639283720    -74.3745357293
     6     12      0.0013    -74.4639342552    -74.3745412859
     7     13      0.0000    -74.4639350965    -74.3745412859
 -------------------------------------------------------------------------------------
   Root #    a.u.       eV       <S^2>    Wavefunction
 -------------------------------------------------------------------------------------
     1  -74.463935   14.249515   0.00  + 0.69274|111111011000> - 0.69274|111111100100>
     2  -74.374541   16.682039   0.00  - 0.69373|111111010010> + 0.69373|111111100001>

 qEOM-Davidson calculation: 4.13 s
 =====================================================================================

*****************************************************
*           Start qEOM-DAVIDSON algorithm           *
*          Yongbin Kim and Anna I. Krylov           *
*****************************************************
--------------------------------------------------------------------------------
     Iter   NVecs  ResNorm     Total energy (a.u.)
--------------------------------------------------------------------------------
 Initial guess vectors
 |b1> =  + 0.70711|111111011000> + 0.70711|111111100100>
 |b2> =  + 0.70711|111101111000> + 0.70711|111110110100>
     1      2      0.2478    -74.5024138111    -74.3891629510
     2      4      0.0787    -74.5278162126    -74.4148345598
     3      6      0.0400    -74.5283848333    -74.4188581377
     4      8      0.0401    -74.5284322904    -74.4206805247
     5     10      0.0111    -74.5284383961    -74.4219302654
     6     12      0.0073    -74.5284388622    -74.4220133780
     7     13      0.0023    -74.5284388622    -74.4220445191
     8     14      0.0000    -74.5284388622    -74.4220473007
 -------------------------------------------------------------------------------------
   Root #    a.u.       eV       <S^2>    Wavefunction
 -------------------------------------------------------------------------------------
     1  -74.528439   12.494282   2.00  - 0.69852|111111011000> - 0.69852|111111100100>
     2  -74.422047   15.389337   2.00  + 0.11760|110111110010> + 0.11760|111011110001> + 0.68968|111101111000> + 0.68968|111110110100>

 qEOM-Davidson calculation: 4.54 s
 =====================================================================================

 ---------------------------------------------------------

                      Using Pyscf:

 ---------------------------------------------------------

converged SCF energy = -74.9646625391305

System and Method:

        O
        H   1   1.0
        H   1   1.0   2   104.5

Basis set                                      :       sto3g
Number of Orbitals                             :         7
Number of electrons                            :        10
Nuclear Repulsion                              :    8.8014655687
Electronic SCF energy                          :  -83.7661281079
SCF Energy                                     :  -74.9646625391
 AO->MO
 NElectrons:    4    4
 ecore: -60.56735821
 ERIs in the active-space:
(6, 6, 6, 6)    0.01036800 Mb
 HF Energy: -74.96466254
r = 1.00
*****************************************************
*              Start ADAPT-VQE algorithm            *
* Grimsley, H.R., Economou, S.E., Barnes, E. et al. *
*              Nat Commun 10, 3007 (2019).          *
*     https://doi.org/10.1038/s41467-019-10988-2    *
*       https://github.com/asthanaa/adapt-vqe       *
*****************************************************
 ------------------------------------------------
      Iter   Energy (a.u.)  Gnorm      <S^2>
 ------------------------------------------------
      1     -74.97848784     0.453      0.00
      2     -74.99040686     0.386      0.00
      3     -74.99630093     0.346      0.00
      4     -75.00036585     0.303      0.00
      5     -75.00491206     0.256      0.00
      6     -75.01008131     0.220      0.00
      7     -75.01294670     0.179      0.00
      8     -75.01582408     0.158      0.00
      9     -75.01670900     0.132      0.00
     10     -75.01745220     0.112      0.00
     11     -75.01830621     0.095      0.00
     12     -75.01915974     0.083     -0.00
     13     -75.01946529     0.068      0.00
     14     -75.01962521     0.027     -0.00
     15     -75.01966867     0.019      0.00
     16     -75.01967399     0.015     -0.00
     17     -75.01968124     0.011      0.00
     18     -75.01970474     0.004     -0.00
     19     -75.01973670     0.003     -0.00
     20     -75.01975235     0.002     -0.00
     21     -75.01975551     0.001      0.00
     22     -75.01976343     0.001     -0.00
     23     -75.01976620     0.001     -0.00
     24     -75.01977024     0.001      0.00
     25     -75.01977372     0.001     -0.00
     26     -75.01977686     0.000     -0.00
     27     -75.01977776     0.000      0.00
     28     -75.01977806     0.000     -0.00
     29     -75.01977817     0.000     -0.00
     30     -75.01977817*    0.000     -0.00
 ------------------------------------------------
 SCF energy                   = -74.96466254
 ADAPT-VQE correlation energy = -0.05511563
 ADAPT-VQE energy             = -75.01977817

 ADAPT-VQE calculation: 3264.48 s
 ================================================

*****************************************************
*           Start qEOM-DAVIDSON algorithm           *
*          Yongbin Kim and Anna I. Krylov           *
*****************************************************
--------------------------------------------------------------------------------
     Iter   NVecs  ResNorm     Total energy (a.u.)
--------------------------------------------------------------------------------
 Initial guess vectors
 |b1> =  - 0.70711|111111011000> + 0.70711|111111100100>
 |b2> =  - 0.70711|111111010010> + 0.70711|111111100001>
     1      2      0.3028    -74.5536250213    -74.4774062670
     2      4      0.1075    -74.6025321246    -74.5223435199
     3      6      0.0348    -74.6056074447    -74.5260376380
     4      8      0.0129    -74.6060100072    -74.5263422315
     5     10      0.0066    -74.6060886935    -74.5263909658
     6     12      0.0023    -74.6061051725    -74.5263989850
     7     14      0.0000    -74.6061077579    -74.5264000620
 -------------------------------------------------------------------------------------
   Root #    a.u.       eV       <S^2>    Wavefunction
 -------------------------------------------------------------------------------------
     1  -74.606108   11.256520   0.00  + 0.68692|111111011000> - 0.68692|111111100100>
     2  -74.526400   13.425472   0.00  - 0.68715|111111010010> + 0.68715|111111100001>

 qEOM-Davidson calculation: 4.43 s
 =====================================================================================

*****************************************************
*           Start qEOM-DAVIDSON algorithm           *
*          Yongbin Kim and Anna I. Krylov           *
*****************************************************
--------------------------------------------------------------------------------
     Iter   NVecs  ResNorm     Total energy (a.u.)
--------------------------------------------------------------------------------
 Initial guess vectors
 |b1> =  + 0.70711|111111011000> + 0.70711|111111100100>
 |b2> =  + 0.70711|111111010010> + 0.70711|111111100001>
     1      2      0.2493    -74.6292444413    -74.5264521500
     2      4      0.0890    -74.6611258899    -74.5578804225
     3      6      0.0362    -74.6621244901    -74.5622402045
     4      8      0.0104    -74.6622167916    -74.5629469518
     5     10      0.0060    -74.6622357476    -74.5630288565
     6     12      0.0020    -74.6622376108    -74.5630464809
     7     13      0.0000    -74.6622376108    -74.5630495266
 -------------------------------------------------------------------------------------
   Root #    a.u.       eV       <S^2>    Wavefunction
 -------------------------------------------------------------------------------------
     1  -74.662238    9.729152   2.00  - 0.69425|111111011000> - 0.69425|111111100100>
     2  -74.563050   12.428191   2.00  + 0.69117|111111010010> + 0.69117|111111100001>

 qEOM-Davidson calculation: 4.05 s
 =====================================================================================

 ---------------------------------------------------------

                      Using Pyscf:

 ---------------------------------------------------------

converged SCF energy = -74.9418025664523

System and Method:

        O
        H   1   1.1
        H   1   1.1   2   104.5

Basis set                                      :       sto3g
Number of Orbitals                             :         7
Number of electrons                            :        10
Nuclear Repulsion                              :    8.0013323352
Electronic SCF energy                          :  -82.9431349017
SCF Energy                                     :  -74.9418025665
 AO->MO
 NElectrons:    4    4
 ecore: -60.37486208
 ERIs in the active-space:
(6, 6, 6, 6)    0.01036800 Mb
 HF Energy: -74.94180257
r = 1.10
*****************************************************
*              Start ADAPT-VQE algorithm            *
* Grimsley, H.R., Economou, S.E., Barnes, E. et al. *
*              Nat Commun 10, 3007 (2019).          *
*     https://doi.org/10.1038/s41467-019-10988-2    *
*       https://github.com/asthanaa/adapt-vqe       *
*****************************************************
 ------------------------------------------------
      Iter   Energy (a.u.)  Gnorm      <S^2>
 ------------------------------------------------
      1     -74.95905282     0.475      0.00
      2     -74.97772212     0.404      0.00
      3     -74.98321486     0.351      0.00
      4     -74.98716948     0.314      0.00
      5     -74.99222557     0.272      0.00
      6     -75.00136776     0.237      0.00
      7     -75.00487273     0.180      0.00
      8     -75.00833251     0.159      0.00
      9     -75.00934087     0.135      0.00
     10     -75.01034023     0.114      0.00
     11     -75.01092628     0.105      0.00
     12     -75.01168888     0.091     -0.00
     13     -75.01218333     0.080     -0.00
     14     -75.01235790     0.037     -0.00
     15     -75.01240013     0.031     -0.00
     16     -75.01243260     0.012      0.00
     17     -75.01245760     0.005      0.00
     18     -75.01248813     0.004      0.00
     19     -75.01249886     0.010     -0.00
     20     -75.01250839     0.003      0.00
     21     -75.01251986     0.002      0.00
     22     -75.01252627     0.002      0.00
     23     -75.01253558     0.001     -0.00
     24     -75.01253992     0.001     -0.00
     25     -75.01254625     0.001      0.00
     26     -75.01254625*    0.001      0.00
 ------------------------------------------------
 SCF energy                   = -74.94180257
 ADAPT-VQE correlation energy = -0.07074368
 ADAPT-VQE energy             = -75.01254625

 ADAPT-VQE calculation: 1770.32 s
 ================================================

*****************************************************
*           Start qEOM-DAVIDSON algorithm           *
*          Yongbin Kim and Anna I. Krylov           *
*****************************************************
--------------------------------------------------------------------------------
     Iter   NVecs  ResNorm     Total energy (a.u.)
--------------------------------------------------------------------------------
 Initial guess vectors
 |b1> =  - 0.70711|111111011000> + 0.70711|111111100100>
 |b2> =  - 0.70711|111111010010> + 0.70711|111111100001>
     1      2      0.3069    -74.6258026681    -74.5570801744
     2      4      0.1126    -74.6841683654    -74.6136180155
     3      6      0.0361    -74.6884029961    -74.6171341500
     4      8      0.0156    -74.6890162705    -74.6174251092
     5     10      0.0072    -74.6891870476    -74.6174911097
     6     12      0.0028    -74.6892107010    -74.6175006043
     7     14      0.0010    -74.6892150817    -74.6175019677
     8     15      0.0000    -74.6892157936    -74.6175019677
 -------------------------------------------------------------------------------------
   Root #    a.u.       eV       <S^2>    Wavefunction
 -------------------------------------------------------------------------------------
     1  -74.689216    8.798250   0.00  + 0.10055|110111100110> - 0.10493|110111101001> - 0.10493|111011010110> + 0.10055|111011011001> + 0.10482|111101101100> - 0.10482|111110011100> + 0.67882|111111011000> - 0.67882|111111100100>
     2  -74.617502   10.749678   0.00  + 0.10994|110111100011> - 0.10994|111011010011> - 0.67840|111111010010> + 0.67840|111111100001>

 qEOM-Davidson calculation: 4.86 s
 =====================================================================================

*****************************************************
*           Start qEOM-DAVIDSON algorithm           *
*          Yongbin Kim and Anna I. Krylov           *
*****************************************************
--------------------------------------------------------------------------------
     Iter   NVecs  ResNorm     Total energy (a.u.)
--------------------------------------------------------------------------------
 Initial guess vectors
 |b1> =  + 0.70711|111111011000> + 0.70711|111111100100>
 |b2> =  + 0.70711|111111010010> + 0.70711|111111100001>
     1      2      0.2632    -74.6947103667    -74.6051098164
     2      4      0.1055    -74.7343184639    -74.6449257871
     3      6      0.0410    -74.7366293346    -74.6510906911
     4      8      0.0146    -74.7367945695    -74.6520292447
     5     10      0.0074    -74.7368412945    -74.6522237332
     6     12      0.0029    -74.7368511271    -74.6522545130
     7     14      0.0012    -74.7368534666    -74.6522594191
     8     15      0.0000    -74.7368534666    -74.6522603561
 -------------------------------------------------------------------------------------
   Root #    a.u.       eV       <S^2>    Wavefunction
 -------------------------------------------------------------------------------------
     1  -74.736853    7.501966   2.00  + 0.11217|110111100110> - 0.11217|111011011001> - 0.68855|111111011000> - 0.68855|111111100100>
     2  -74.652260    9.803856   2.00  - 0.10389|110111101100> - 0.10389|111011011100> + 0.11682|111101101001> - 0.11682|111110010110> - 0.68303|111111010010> - 0.68303|111111100001>

 qEOM-Davidson calculation: 4.79 s
 =====================================================================================

 ---------------------------------------------------------
                                                          
                      Using Pyscf:
                                                          
 ---------------------------------------------------------
                                                          
converged SCF energy = -74.8952176345749

System and Method:

        O
        H   1   1.2000000000000002
        H   1   1.2000000000000002   2   104.5
        
Basis set                                      :       sto3g
Number of Orbitals                             :         7
Number of electrons                            :        10
Nuclear Repulsion                              :    7.3345546406 
Electronic SCF energy                          :  -82.2297722752 
SCF Energy                                     :  -74.8952176346
 AO->MO
 NElectrons:    4    4
 ecore: -60.21443889
 ERIs in the active-space:
(6, 6, 6, 6)    0.01036800 Mb
 HF Energy: -74.89521763
r = 1.20
*****************************************************
*              Start ADAPT-VQE algorithm            *
* Grimsley, H.R., Economou, S.E., Barnes, E. et al. *
*              Nat Commun 10, 3007 (2019).          *
*     https://doi.org/10.1038/s41467-019-10988-2    *
*       https://github.com/asthanaa/adapt-vqe       *
*****************************************************
 ------------------------------------------------
      Iter   Energy (a.u.)  Gnorm      <S^2>     
 ------------------------------------------------
      1     -74.92204545     0.497      0.00
      2     -74.94359661     0.438      0.00
      3     -74.95797087     0.356      0.00
      4     -74.96482224     0.332      0.00
      5     -74.96957213     0.268      0.00
      6     -74.97247704     0.220      0.00
      7     -74.97659083     0.181      0.00
      8     -74.98074949     0.161      0.00
      9     -74.98184720     0.138      0.00
     10     -74.98281834     0.118      0.00
     11     -74.98354658     0.111      0.00
     12     -74.98389226     0.080     -0.00
     13     -74.98456313     0.072      0.00
     14     -74.98469787     0.056      0.00
     15     -74.98488397     0.025      0.00
     16     -74.98490495     0.014      0.00
     17     -74.98491253     0.010      0.00
     18     -74.98493635     0.005      0.00
     19     -74.98499627     0.005     -0.00
     20     -74.98501218     0.003      0.00
     21     -74.98502308     0.003      0.00
     22     -74.98503422     0.002      0.00
     23     -74.98503997     0.002      0.00
     24     -74.98504313     0.001      0.00
     25     -74.98504313*    0.001      0.00
 ------------------------------------------------
 SCF energy                   = -74.89521763
 ADAPT-VQE correlation energy = -0.08982550
 ADAPT-VQE energy             = -74.98504313

 ADAPT-VQE calculation: 1835.61 s
 ================================================

*****************************************************
*           Start qEOM-DAVIDSON algorithm           *
*          Yongbin Kim and Anna I. Krylov           *
*****************************************************
--------------------------------------------------------------------------------
     Iter   NVecs  ResNorm     Total energy (a.u.)   
--------------------------------------------------------------------------------
 Initial guess vectors
 |b1> =  - 0.70711|111111011000> + 0.70711|111111100100>
 |b2> =  - 0.70711|111111010010> + 0.70711|111111100001>
     1      2      0.3305    -74.6560333886    -74.5910653951
     2      4      0.1479    -74.7270621208    -74.6614537359
     3      6      0.0491    -74.7333393080    -74.6697373157
     4      8      0.0210    -74.7342169672    -74.6706565195
     5     10      0.0100    -74.7345501629    -74.6707732785
     6     12      0.0043    -74.7345994710    -74.6708007062
     7     14      0.0014    -74.7346098463    -74.6708051603
     8     15      0.0000    -74.7346114508    -74.6708051603
 -------------------------------------------------------------------------------------
   Root #    a.u.       eV       <S^2>    Wavefunction
 -------------------------------------------------------------------------------------
     1  -74.734611    6.814578   0.00  + 0.11654|110111100110> - 0.11423|110111101001> - 0.11423|111011010110> + 0.11654|111011011001> + 0.13981|111101101100> - 0.13981|111110011100> + 0.66786|111111011000> - 0.66786|111111100100>
     2  -74.670805    8.550832   0.00  - 0.13055|110111100011> + 0.13055|111011010011> - 0.11239|111101100110> + 0.11798|111101101001> + 0.11798|111110010110> - 0.11239|111110011001> + 0.66616|111111010010> - 0.66616|111111100001>

 qEOM-Davidson calculation: 6.18 s
 =====================================================================================

*****************************************************
*           Start qEOM-DAVIDSON algorithm           *
*          Yongbin Kim and Anna I. Krylov           *
*****************************************************
--------------------------------------------------------------------------------
     Iter   NVecs  ResNorm     Total energy (a.u.)   
--------------------------------------------------------------------------------
 Initial guess vectors
 |b1> =  + 0.70711|111111011000> + 0.70711|111111100100>
 |b2> =  + 0.70711|111111010010> + 0.70711|111111100001>
     1      2      0.2801    -74.7197089609    -74.6417281027
     2      4      0.1324    -74.7699701004    -74.6906579960
     3      6      0.0528    -74.7735883497    -74.7004330515
     4      8      0.0201    -74.7738548765    -74.7024315604
     5     10      0.0147    -74.7739266626    -74.7028070678
     6     12      0.0058    -74.7739441001    -74.7029329673
     7     14      0.0024    -74.7739494554    -74.7029634928
     8     15      0.0010    -74.7739494554    -74.7029684888
     9     16      0.0000    -74.7739494554    -74.7029695142
 -------------------------------------------------------------------------------------
   Root #    a.u.       eV       <S^2>    Wavefunction
 -------------------------------------------------------------------------------------
     1  -74.773949    5.744139   2.00  + 0.13657|110111100110> - 0.13657|111011011001> - 0.67993|111111011000> - 0.67993|111111100100>
     2  -74.702970    7.675597   2.00  - 0.12573|110111101100> - 0.12573|111011011100> + 0.14835|111101101001> - 0.14835|111110010110> - 0.67121|111111010010> - 0.67121|111111100001>

 qEOM-Davidson calculation: 4.79 s
 =====================================================================================

 ---------------------------------------------------------

                      Using Pyscf:

 ---------------------------------------------------------

converged SCF energy = -74.8361348179077

System and Method:

        O
        H   1   1.3
        H   1   1.3   2   104.5

Basis set                                      :       sto3g
Number of Orbitals                             :         7
Number of electrons                            :        10
Nuclear Repulsion                              :    6.7703581298
Electronic SCF energy                          :  -81.6064929477
SCF Energy                                     :  -74.8361348179
 AO->MO
 NElectrons:    4    4
 ecore: -60.07869010
 ERIs in the active-space:
(6, 6, 6, 6)    0.01036800 Mb
 HF Energy: -74.83613482
r = 1.30
*****************************************************
*              Start ADAPT-VQE algorithm            *
* Grimsley, H.R., Economou, S.E., Barnes, E. et al. *
*              Nat Commun 10, 3007 (2019).          *
*     https://doi.org/10.1038/s41467-019-10988-2    *
*       https://github.com/asthanaa/adapt-vqe       *
*****************************************************
 ------------------------------------------------
      Iter   Energy (a.u.)  Gnorm      <S^2>
 ------------------------------------------------
      1     -74.87326255     0.519      0.00
      2     -74.89963370     0.447      0.00
      3     -74.92179954     0.360      0.00
      4     -74.92853173     0.330      0.00
      5     -74.93244749     0.257      0.00
      6     -74.93487372     0.213      0.00
      7     -74.93951333     0.182      0.00
      8     -74.94452139     0.164      0.00
      9     -74.94565970     0.143      0.00
     10     -74.94657000     0.124     -0.00
     11     -74.94727356     0.097     -0.00
     12     -74.94760787     0.090     -0.00
     13     -74.94812954     0.048     -0.00
     14     -74.94831141     0.038     -0.00
     15     -74.94849953     0.028     -0.00
     16     -74.94852684     0.019      0.00
     17     -74.94853552     0.009      0.00
     18     -74.94857293     0.007     -0.00
     19     -74.94862955     0.006      0.00
     20     -74.94864103     0.004      0.00
     21     -74.94865125     0.004     -0.00
     22     -74.94866628     0.003     -0.00
     23     -74.94868447     0.002      0.00
     24     -74.94868844     0.001      0.00
     25     -74.94868844*    0.001      0.00
 ------------------------------------------------
 SCF energy                   = -74.83613482
 ADAPT-VQE correlation energy = -0.11255362
 ADAPT-VQE energy             = -74.94868844

 ADAPT-VQE calculation: 1426.18 s
 ================================================

*****************************************************
*           Start qEOM-DAVIDSON algorithm           *
*          Yongbin Kim and Anna I. Krylov           *
*****************************************************
--------------------------------------------------------------------------------
     Iter   NVecs  ResNorm     Total energy (a.u.)
--------------------------------------------------------------------------------
 Initial guess vectors
 |b1> =  - 0.70711|111111011000> + 0.70711|111111100100>
 |b2> =  - 0.70711|111111010010> + 0.70711|111111100001>
     1      2      0.3298    -74.6651729055    -74.6062611021
     2      4      0.1428    -74.7475064058    -74.6922452962
     3      6      0.0497    -74.7545260665    -74.6999727269
     4      8      0.0253    -74.7557861656    -74.7007257186
     5     10      0.0153    -74.7563724855    -74.7008704229
     6     12      0.0067    -74.7564959769    -74.7009031667
     7     14      0.0023    -74.7565326714    -74.7009082500
     8     15      0.0000    -74.7565369126    -74.7009082500
 -------------------------------------------------------------------------------------
   Root #    a.u.       eV       <S^2>    Wavefunction
 -------------------------------------------------------------------------------------
     1  -74.756537    5.228698   0.00  + 0.11943|110111100110> - 0.14100|110111101001> - 0.14100|111011010110> + 0.11943|111011011001> + 0.17039|111101101100> - 0.17039|111110011100> + 0.65427|111111011000> - 0.65427|111111100100>
     2  -74.700908    6.742427   0.00  - 0.15232|110111100011> - 0.11113|110111101100> + 0.15232|111011010011> + 0.11113|111011011100> - 0.13536|111101100110> + 0.13550|111101101001> + 0.13550|111110010110> - 0.13536|111110011001> + 0.65256|111111010010> - 0.65256|111111100001>

 qEOM-Davidson calculation: 5.11 s
 =====================================================================================

*****************************************************
*           Start qEOM-DAVIDSON algorithm           *
*          Yongbin Kim and Anna I. Krylov           *
*****************************************************
--------------------------------------------------------------------------------
     Iter   NVecs  ResNorm     Total energy (a.u.)
--------------------------------------------------------------------------------
 Initial guess vectors
 |b1> =  + 0.70711|111111011000> + 0.70711|111111100100>
 |b2> =  + 0.70711|111111010010> + 0.70711|111111100001>
     1      2      0.2808    -74.7263982422    -74.6555491197
     2      4      0.1401    -74.7825983731    -74.7147049106
     3      6      0.0574    -74.7875475651    -74.7264010094
     4      8      0.0236    -74.7879285913    -74.7288444283
     5     10      0.0128    -74.7880397278    -74.7296487329
     6     12      0.0079    -74.7880633899    -74.7297889890
     7     14      0.0042    -74.7880714560    -74.7298303098
     8     16      0.0017    -74.7880732734    -74.7298439817
     9     18      0.0008    -74.7880736783    -74.7298467046
    10     20      0.0004    -74.7880738019    -74.7298471829
    11     22      0.0002    -74.7880738488    -74.7298474424
    12     23      0.0000    -74.7880738488    -74.7298474998
 -------------------------------------------------------------------------------------
   Root #    a.u.       eV       <S^2>    Wavefunction
 -------------------------------------------------------------------------------------
     1  -74.788074    4.370536   2.00  - 0.14917|110111100110> + 0.14917|111011011001> - 0.10161|111101100011> - 0.10727|111101101100> - 0.10161|111110010011> - 0.10727|111110011100> + 0.67151|111111011000> + 0.67151|111111100100>
     2  -74.729847    5.954952   2.00  - 0.15334|110111101100> - 0.15334|111011011100> + 0.17876|111101101001> - 0.17876|111110010110> - 0.65676|111111010010> - 0.65676|111111100001>

 qEOM-Davidson calculation: 7.35 s
 =====================================================================================

 ---------------------------------------------------------
                                                          
                      Using Pyscf:
                                                          
 ---------------------------------------------------------
                                                          
converged SCF energy = -74.7711672999971

System and Method:

        O
        H   1   1.4
        H   1   1.4   2   104.5
        
Basis set                                      :       sto3g
Number of Orbitals                             :         7
Number of electrons                            :        10
Nuclear Repulsion                              :    6.2867611205 
Electronic SCF energy                          :  -81.0579284205 
SCF Energy                                     :  -74.7711673000
 AO->MO
 NElectrons:    4    4
 ecore: -59.96233075
 ERIs in the active-space:
(6, 6, 6, 6)    0.01036800 Mb
 HF Energy: -74.77116730
r = 1.40
*****************************************************
*              Start ADAPT-VQE algorithm            *
* Grimsley, H.R., Economou, S.E., Barnes, E. et al. *
*              Nat Commun 10, 3007 (2019).          *
*     https://doi.org/10.1038/s41467-019-10988-2    *
*       https://github.com/asthanaa/adapt-vqe       *
*****************************************************
 ------------------------------------------------
      Iter   Energy (a.u.)  Gnorm      <S^2>     
 ------------------------------------------------
      1     -74.82049993     0.541      0.00
      2     -74.85218207     0.452      0.00
      3     -74.88392874     0.364      0.00
      4     -74.89012426     0.327      0.00
      5     -74.89321766     0.247      0.00
      6     -74.89519565     0.208      0.00
      7     -74.90022418     0.185      0.00
      8     -74.90627140     0.168      0.00
      9     -74.90739502     0.148      0.00
     10     -74.90844348     0.131      0.00
     11     -74.90898544     0.105     -0.00
     12     -74.90939996     0.050      0.00
     13     -74.90969402     0.044     -0.00
     14     -74.90987629     0.038     -0.00
     15     -74.90995918     0.032     -0.00
     16     -74.91003280     0.027     -0.00
     17     -74.91003575     0.008     -0.00
     18     -74.91010940     0.007      0.00
     19     -74.91011971     0.003      0.00
     20     -74.91012469     0.003      0.00
     21     -74.91015216     0.002      0.00
     22     -74.91015821     0.002     -0.00
     23     -74.91016281     0.002      0.00
     24     -74.91017336     0.001     -0.00
     25     -74.91019174     0.001     -0.00
     26     -74.91019341     0.001      0.00
     27     -74.91019341*    0.001      0.00
 ------------------------------------------------
 SCF energy                   = -74.77116730
 ADAPT-VQE correlation energy = -0.13902611
 ADAPT-VQE energy             = -74.91019341

 ADAPT-VQE calculation: 2309.71 s
 ================================================

*****************************************************
*           Start qEOM-DAVIDSON algorithm           *
*          Yongbin Kim and Anna I. Krylov           *
*****************************************************
--------------------------------------------------------------------------------
     Iter   NVecs  ResNorm     Total energy (a.u.)   
--------------------------------------------------------------------------------
 Initial guess vectors
 |b1> =  - 0.70711|111101111000> + 0.70711|111110110100>
 |b2> =  - 0.70711|111101110010> + 0.70711|111110110001>
     1      2      0.3542    -74.6495994068    -74.6007995588
     2      4      0.1743    -74.7500416672    -74.7035791148
     3      6      0.0605    -74.7617677727    -74.7156263732
     4      8      0.0288    -74.7632660102    -74.7169700959
     5     10      0.0182    -74.7641970430    -74.7171895415
     6     12      0.0103    -74.7643902236    -74.7172507492
     7     14      0.0042    -74.7644730912    -74.7172667928
     8     16      0.0018    -74.7644850340    -74.7172713823
     9     18      0.0000    -74.7644860526    -74.7172742506
 -------------------------------------------------------------------------------------
   Root #    a.u.       eV       <S^2>    Wavefunction
 -------------------------------------------------------------------------------------
     1  -74.764486    3.964890   0.00  + 0.14134|110110110110> - 0.14813|110110111001> - 0.14813|111001110110> + 0.14134|111001111001> + 0.20771|111101101100> + 0.63708|111101111000> - 0.20771|111110011100> - 0.63708|111110110100>
     2  -74.717274    5.249586   0.00  + 0.17925|110110110011> + 0.11606|110110111100> - 0.17925|111001110011> - 0.11606|111001111100> + 0.15246|111101100110> - 0.15946|111101101001> - 0.63555|111101110010> - 0.15946|111110010110> + 0.15246|111110011001> + 0.63555|111110110001>

 qEOM-Davidson calculation: 6.18 s
 =====================================================================================

*****************************************************
*           Start qEOM-DAVIDSON algorithm           *
*          Yongbin Kim and Anna I. Krylov           *
*****************************************************
--------------------------------------------------------------------------------
     Iter   NVecs  ResNorm     Total energy (a.u.)   
--------------------------------------------------------------------------------
 Initial guess vectors
 |b1> =  + 0.70711|111101111000> + 0.70711|111110110100>
 |b2> =  + 0.70711|111101110010> + 0.70711|111110110001>
     1      2      0.3003    -74.7069003228    -74.6515399267
     2      4      0.1596    -74.7809327254    -74.7218191260
     3      6      0.0706    -74.7876919044    -74.7372782960
     4      8      0.0307    -74.7883814950    -74.7408922467
     5     10      0.0198    -74.7886023637    -74.7422166120
     6     12      0.0134    -74.7886682884    -74.7425217838
     7     14      0.0065    -74.7886891467    -74.7426695559
     8     16      0.0031    -74.7886922333    -74.7427115442
     9     17      0.0014    -74.7886922333    -74.7427214835
    10     18      0.0000    -74.7886922333    -74.7427238656
 -------------------------------------------------------------------------------------
   Root #    a.u.       eV       <S^2>    Wavefunction
 -------------------------------------------------------------------------------------
     1  -74.788692    3.306208   2.00  - 0.18297|110110110110> + 0.18297|111001111001> + 0.12306|111101100011> + 0.12296|111101101100> + 0.65660|111101111000> + 0.12306|111110010011> + 0.12296|111110011100> + 0.65660|111110110100>
     2  -74.742724    4.557068   2.00  + 0.17462|110110111100> + 0.17462|111001111100> - 0.21321|111101100110> + 0.63785|111101110010> + 0.21321|111110011001> + 0.63785|111110110001>

 qEOM-Davidson calculation: 5.34 s
 =====================================================================================

 ---------------------------------------------------------
                                                          
                      Using Pyscf:
                                                          
 ---------------------------------------------------------
                                                          
converged SCF energy = -74.7041568733882

System and Method:

        O
        H   1   1.5
        H   1   1.5   2   104.5
        
Basis set                                      :       sto3g
Number of Orbitals                             :         7
Number of electrons                            :        10
Nuclear Repulsion                              :    5.8676437125 
Electronic SCF energy                          :  -80.5718005859 
SCF Energy                                     :  -74.7041568734
 AO->MO
 NElectrons:    4    4
 ecore: -59.86148506
 ERIs in the active-space:
(6, 6, 6, 6)    0.01036800 Mb
 HF Energy: -74.70415687
r = 1.50
*****************************************************
*              Start ADAPT-VQE algorithm            *
* Grimsley, H.R., Economou, S.E., Barnes, E. et al. *
*              Nat Commun 10, 3007 (2019).          *
*     https://doi.org/10.1038/s41467-019-10988-2    *
*       https://github.com/asthanaa/adapt-vqe       *
*****************************************************
 ------------------------------------------------
      Iter   Energy (a.u.)  Gnorm      <S^2>     
 ------------------------------------------------
      1     -74.76770657     0.562      0.00
      2     -74.80491126     0.454      0.00
      3     -74.84773746     0.367      0.00
      4     -74.85315781     0.320      0.00
      5     -74.85552634     0.239      0.00
      6     -74.86115068     0.205      0.00
      7     -74.86840402     0.187      0.00
      8     -74.86970474     0.170      0.00
      9     -74.87071052     0.152      0.00
     10     -74.87182905     0.138      0.00
     11     -74.87257183     0.114      0.00
     12     -74.87289769     0.046      0.00
     13     -74.87304642     0.041     -0.00
     14     -74.87320093     0.018      0.00
     15     -74.87321407     0.010      0.00
     16     -74.87322695     0.008      0.00
     17     -74.87327657     0.007     -0.00
     18     -74.87329007     0.005     -0.00
     19     -74.87329849     0.004     -0.00
     20     -74.87331041     0.003      0.00
     21     -74.87331089     0.002      0.00
     22     -74.87331210     0.002      0.00
     23     -74.87336582     0.002      0.00
     24     -74.87338131     0.001      0.00
     25     -74.87339304     0.002      0.00
     26     -74.87339500     0.001      0.00
     27     -74.87339500*    0.001      0.00
 ------------------------------------------------
 SCF energy                   = -74.70415687
 ADAPT-VQE correlation energy = -0.16923813
 ADAPT-VQE energy             = -74.87339500

 ADAPT-VQE calculation: 2245.36 s
 ================================================

*****************************************************
*           Start qEOM-DAVIDSON algorithm           *
*          Yongbin Kim and Anna I. Krylov           *
*****************************************************
--------------------------------------------------------------------------------
     Iter   NVecs  ResNorm     Total energy (a.u.)   
--------------------------------------------------------------------------------
 Initial guess vectors
 |b1> =  - 0.70711|111101111000> + 0.70711|111110110100>
 |b2> =  - 0.70711|111101110010> + 0.70711|111110110001>
     1      2      0.3411    -74.6466737647    -74.5953015706
     2      4      0.1769    -74.7512000327    -74.7099921430
     3      6      0.0638    -74.7594691390    -74.7237244733
     4      8      0.0391    -74.7622206931    -74.7252250950
     5     10      0.0256    -74.7636583963    -74.7255580619
     6     12      0.0126    -74.7644391432    -74.7256179034
     7     14      0.0052    -74.7645548525    -74.7256474879
     8     16      0.0032    -74.7645669353    -74.7256654840
     9     18      0.0000    -74.7645688553    -74.7256724511
 -------------------------------------------------------------------------------------
   Root #    a.u.       eV       <S^2>    Wavefunction
 -------------------------------------------------------------------------------------
     1  -74.764569    2.961304   0.00  + 0.10202|110110110110> - 0.19243|110110111001> - 0.19243|111001110110> + 0.10202|111001111001> + 0.22315|111101101100> + 0.62060|111101111000> - 0.22315|111110011100> - 0.62060|111110110100>
     2  -74.725672    4.019726   0.00  + 0.21377|110110110011> + 0.12680|110110111100> - 0.21377|111001110011> - 0.12680|111001111100> + 0.14253|111101100110> - 0.16687|111101101001> - 0.62194|111101110010> - 0.16687|111110010110> + 0.14253|111110011001> + 0.62194|111110110001>

 qEOM-Davidson calculation: 7.32 s
 =====================================================================================

*****************************************************
*           Start qEOM-DAVIDSON algorithm           *
*          Yongbin Kim and Anna I. Krylov           *
*****************************************************
--------------------------------------------------------------------------------
     Iter   NVecs  ResNorm     Total energy (a.u.)   
--------------------------------------------------------------------------------
 Initial guess vectors
 |b1> =  + 0.70711|111101111000> + 0.70711|111110110100>
 |b2> =  + 0.70711|111101110010> + 0.70711|111110110001>
     1      2      0.2808    -74.7051378327    -74.6454591998
     2      4      0.1763    -74.7736946697    -74.7221341808
     3      6      0.0799    -74.7803407189    -74.7397837558
     4      8      0.0363    -74.7821447516    -74.7440291547
     5     10      0.0281    -74.7825980311    -74.7458255928
     6     12      0.0194    -74.7827880989    -74.7464295568
     7     14      0.0092    -74.7828620584    -74.7468171551
     8     16      0.0045    -74.7828702113    -74.7469041943
     9     18      0.0022    -74.7828731743    -74.7469256921
    10     19      0.0017    -74.7828731743    -74.7469336220
    11     20      0.0000    -74.7828731743    -74.7469403964
 -------------------------------------------------------------------------------------
   Root #    a.u.       eV       <S^2>    Wavefunction
 -------------------------------------------------------------------------------------
     1  -74.782873    2.463219   2.00  + 0.16428|110110110110> - 0.16428|111001111001> - 0.14386|111101100011> - 0.11442|111101101100> - 0.64847|111101111000> - 0.14386|111110010011> - 0.11442|111110011100> - 0.64847|111110110100>
     2  -74.746940    3.440997   2.00  + 0.10021|110110110011> + 0.21360|110110111100> + 0.10021|111001110011> + 0.21360|111001111100> - 0.22289|111101100110> + 0.61999|111101110010> + 0.22289|111110011001> + 0.61999|111110110001>

 qEOM-Davidson calculation: 8.01 s
 =====================================================================================

 ---------------------------------------------------------
                                                          
                      Using Pyscf:
                                                          
 ---------------------------------------------------------
                                                          
converged SCF energy = -74.637460686534

System and Method:

        O
        H   1   1.6
        H   1   1.6   2   104.5
        
Basis set                                      :       sto3g
Number of Orbitals                             :         7
Number of electrons                            :        10
Nuclear Repulsion                              :    5.5009159805 
Electronic SCF energy                          :  -80.1383766670 
SCF Energy                                     :  -74.6374606865
 AO->MO
 NElectrons:    4    4
 ecore: -59.77324579
 ERIs in the active-space:
(6, 6, 6, 6)    0.01036800 Mb
 HF Energy: -74.63746069
r = 1.60
*****************************************************
*              Start ADAPT-VQE algorithm            *
* Grimsley, H.R., Economou, S.E., Barnes, E. et al. *
*              Nat Commun 10, 3007 (2019).          *
*     https://doi.org/10.1038/s41467-019-10988-2    *
*       https://github.com/asthanaa/adapt-vqe       *
*****************************************************
 ------------------------------------------------
      Iter   Energy (a.u.)  Gnorm      <S^2>     
 ------------------------------------------------
      1     -74.71738028     0.582      0.00
      2     -74.75991774     0.451      0.00
      3     -74.81499259     0.371      0.00
      4     -74.81956570     0.311      0.00
      5     -74.82465729     0.231      0.00
      6     -74.83340835     0.227      0.00
      7     -74.83568778     0.213      0.00
      8     -74.83674134     0.167      0.00
      9     -74.83758398     0.152      0.00
     10     -74.83871105     0.144     -0.00
     11     -74.83961110     0.120     -0.00
     12     -74.83976720     0.046      0.00
     13     -74.84002747     0.027     -0.00
     14     -74.84016393     0.019      0.00
     15     -74.84033101     0.013      0.00
     16     -74.84035583     0.007      0.00
     17     -74.84036633     0.007     -0.00
     18     -74.84039189     0.007      0.00
     19     -74.84039413     0.005     -0.00
     20     -74.84040581     0.004     -0.00
     21     -74.84041144     0.003      0.00
     22     -74.84041197     0.002     -0.00
     23     -74.84043439     0.002      0.00
     24     -74.84044106     0.002     -0.00
     25     -74.84044943     0.002      0.00
     26     -74.84044943*    0.001      0.00
 ------------------------------------------------
 SCF energy                   = -74.63746069
 ADAPT-VQE correlation energy = -0.20298875
 ADAPT-VQE energy             = -74.84044943

 ADAPT-VQE calculation: 2126.61 s
 ================================================

*****************************************************
*           Start qEOM-DAVIDSON algorithm           *
*          Yongbin Kim and Anna I. Krylov           *
*****************************************************
--------------------------------------------------------------------------------
     Iter   NVecs  ResNorm     Total energy (a.u.)   
--------------------------------------------------------------------------------
 Initial guess vectors
 |b1> =  - 0.70711|110111111000> + 0.70711|111011110100>
 |b2> =  - 0.70711|110111110010> + 0.70711|111011110001>
     1      2      0.3675    -74.6198680770    -74.5700970824
     2      4      0.2117    -74.7446468077    -74.7032555624
     3      6      0.0750    -74.7558801141    -74.7262780411
     4      8      0.0388    -74.7581157613    -74.7291430846
     5     10      0.0306    -74.7597149418    -74.7296390137
     6     12      0.0198    -74.7605027673    -74.7297454673
     7     14      0.0082    -74.7608886519    -74.7298506646
     8     16      0.0047    -74.7609173786    -74.7299013035
     9     18      0.0000    -74.7609222877    -74.7299183149
 -------------------------------------------------------------------------------------
   Root #    a.u.       eV       <S^2>    Wavefunction
 -------------------------------------------------------------------------------------
     1  -74.760922    2.164039   0.00  + 0.19051|110110110110> - 0.12630|110110111001> - 0.26427|110111101100> + 0.60360|110111111000> - 0.12630|111001110110> + 0.19051|111001111001> + 0.26427|111011011100> - 0.60360|111011110100>
     2  -74.729918    3.007698   0.00  - 0.23950|110110110011> - 0.11978|110110111100> + 0.16138|110111100110> - 0.19878|110111101001> + 0.59962|110111110010> + 0.23950|111001110011> + 0.11978|111001111100> - 0.19878|111011010110> + 0.16138|111011011001> - 0.59962|111011110001>

 qEOM-Davidson calculation: 8.00 s
 =====================================================================================

*****************************************************
*           Start qEOM-DAVIDSON algorithm           *
*          Yongbin Kim and Anna I. Krylov           *
*****************************************************
--------------------------------------------------------------------------------
     Iter   NVecs  ResNorm     Total energy (a.u.)   
--------------------------------------------------------------------------------
 Initial guess vectors
 |b1> =  + 0.70711|110111111000> + 0.70711|111011110100>
 |b2> =  + 0.70711|110111110010> + 0.70711|111011110001>
     1      2      0.3060    -74.6746580962    -74.6203673425
     2      4      0.2073    -74.7600261263    -74.7088283082
     3      6      0.0917    -74.7710101837    -74.7363884996
     4      8      0.0448    -74.7723383192    -74.7432851354
     5     10      0.0374    -74.7731962244    -74.7456431718
     6     12      0.0268    -74.7735167979    -74.7467787482
     7     14      0.0149    -74.7736914557    -74.7475993255
     8     16      0.0070    -74.7737097145    -74.7478053452
     9     18      0.0035    -74.7737119736    -74.7478663482
    10     19      0.0029    -74.7737119736    -74.7478891607
    11     20      0.0021    -74.7737119736    -74.7479143465
    12     21      0.0000    -74.7737119736    -74.7479193396
 -------------------------------------------------------------------------------------
   Root #    a.u.       eV       <S^2>    Wavefunction
 -------------------------------------------------------------------------------------
     1  -74.773712    1.816015   2.00  - 0.20972|110110111001> - 0.16097|110111100011> - 0.14176|110111101100> + 0.62769|110111111000> + 0.20972|111001110110> - 0.16097|111011010011> - 0.14176|111011011100> + 0.62769|111011110100>
     2  -74.747919    2.517866   2.00  + 0.10327|110110110011> + 0.22901|110110111100> - 0.26214|110111100110> - 0.59062|110111110010> + 0.10327|111001110011> + 0.22901|111001111100> + 0.26214|111011011001> - 0.59062|111011110001>

 qEOM-Davidson calculation: 8.52 s
 =====================================================================================

Singlet
Total Energy
0.50 -73.1375019374 -72.0856297821 -72.0600026206
0.60 -74.1460612818 -73.2049511069 -73.1561254429
0.70 -74.6435747842 -73.8455144322 -73.7711199843
0.80 -74.8828950842 -74.2294010447 -74.1287289025
0.90 -74.9875962886 -74.4639350965 -74.3745412859
1.00 -75.0197781665 -74.6061077579 -74.5264000620
1.10 -75.0125462490 -74.6892157936 -74.6175019677
1.20 -74.9850431348 -74.7346114508 -74.6708051603
1.30 -74.9486884405 -74.7565369126 -74.7009082500
1.40 -74.9101934067 -74.7644860526 -74.7172742506
1.50 -74.8733950041 -74.7645688553 -74.7256724511
1.60 -74.8404494337 -74.7609222877 -74.7299183149

Excitation Energy
0.50  28.6228346219  29.3201836320
0.60  25.6088544264  26.9374654152
0.70  21.7162792645  23.7406507317
0.80  17.7824384143  20.5218607508
0.90  14.2495146642  16.6820386583
1.00  11.2565197542  13.4254717371
1.10   8.7982499654  10.7496781591
1.20   6.8145778342   8.5508315162
1.30   5.2286975904   6.7424271855
1.40   3.9648901038   5.2495857725
1.50   2.9613036558   4.0197263374
1.60   2.1640389801   3.0076981486

Triplet
Total Energy
0.50 -73.1375019374 -72.1678574562 -72.0875810041
0.60 -74.1460612818 -73.2879013443 -73.1937612307
0.70 -74.6435747842 -73.9244157251 -73.8211078729
0.80 -74.8828950842 -74.3017094441 -74.1943513111
0.90 -74.9875962886 -74.5284388622 -74.4220473007
1.00 -75.0197781665 -74.6622376108 -74.5630495266
1.10 -75.0125462490 -74.7368534666 -74.6522603561
1.20 -74.9850431348 -74.7739494554 -74.7029695142
1.30 -74.9486884405 -74.7880738488 -74.7298474998
1.40 -74.9101934067 -74.7886922333 -74.7427238656
1.50 -74.8733950041 -74.7828731743 -74.7469403964
1.60 -74.8404494337 -74.7737119736 -74.7479193396

Excitation Energy
0.50  26.3853106951  28.5697392876
0.60  23.3516685919  25.9133457777
0.70  19.5692705742  22.3804140711
0.80  15.8148310904  18.7361880920
0.90  12.4942817588  15.3893370700
1.00   9.7291521074  12.4281912603
1.10   7.5019657846   9.8038563709
1.20   5.7441386254   7.6755968424
1.30   4.3705357851   5.9549518645
1.40   3.3062078662   4.5570680396
1.50   2.4632188908   3.4409973732
1.60   1.8160146869   2.5178664211

